<?xml version="1.0" encoding="utf-8"?><testsuites name="pytest tests"><testsuite name="pytest" errors="0" failures="0" skipped="0" tests="7" time="2.643" timestamp="2026-05-19T02:18:51.260772+00:00" hostname="agent-env-daa8bbd0-7e1b-41e9-85fb-13fc2c4f8cf6"><testcase classname="backend.tests.test_auth_components_extra.TestPrivateComponents" name="test_private_component_hidden_and_in_me" time="1.012" /><testcase classname="backend.tests.test_auth_components_extra.TestPrivateComponents" name="test_logged_in_author_overrides_payload" time="0.120" /><testcase classname="backend.tests.test_auth_components_extra.TestAnonymousRegression" name="test_gallery_anonymous_listing" time="0.253" /><testcase classname="backend.tests.test_auth_components_extra.TestAnonymousRegression" name="test_components_anonymous_listing" time="0.518" /><testcase classname="backend.tests.test_auth_components_extra.TestAnonymousRegression" name="test_printers_anonymous_listing" time="0.134" /><testcase classname="backend.tests.test_auth_components_extra.TestAnonymousRegression" name="test_anonymous_gallery_post_uses_free_text_author" time="0.251" /><testcase classname="backend.tests.test_auth_components_extra.TestAnonymousRegression" name="test_me_endpoints_require_auth" time="0.222" /></testsuite></testsuites>