<?xml version="1.0" encoding="utf-8"?><testsuites name="pytest tests"><testsuite name="pytest" errors="0" failures="0" skipped="0" tests="9" time="2.441" timestamp="2026-05-19T02:18:15.093581+00:00" hostname="agent-env-daa8bbd0-7e1b-41e9-85fb-13fc2c4f8cf6"><testcase classname="backend.tests.test_auth_api.TestAuthEndpoints" name="test_me_requires_auth" time="0.281" /><testcase classname="backend.tests.test_auth_api.TestAuthEndpoints" name="test_me_returns_user_with_bearer" time="0.132" /><testcase classname="backend.tests.test_auth_api.TestAuthEndpoints" name="test_logout_invalidates_session" time="0.377" /><testcase classname="backend.tests.test_auth_api.TestAuthEndpoints" name="test_exchange_rejects_blank_session_id" time="0.130" /><testcase classname="backend.tests.test_auth_api.TestPrivateLibraries" name="test_my_designs_empty_for_new_user" time="0.132" /><testcase classname="backend.tests.test_auth_api.TestPrivateLibraries" name="test_my_components_empty_for_new_user" time="0.113" /><testcase classname="backend.tests.test_auth_api.TestPrivateLibraries" name="test_private_design_is_hidden_from_public" time="0.528" /><testcase classname="backend.tests.test_auth_api.TestPrivateLibraries" name="test_owner_can_delete_their_design" time="0.366" /><testcase classname="backend.tests.test_auth_api.TestLegacyMigration" name="test_public_legacy_items_have_legacy_prefix" time="0.247" /></testsuite></testsuites>