<?xml version="1.0" encoding="utf-8"?><testsuites name="pytest tests"><testsuite name="pytest" errors="0" failures="0" skipped="0" tests="48" time="14.847" timestamp="2026-05-19T02:18:59.092791+00:00" hostname="agent-env-daa8bbd0-7e1b-41e9-85fb-13fc2c4f8cf6"><testcase classname="backend.tests.test_auth_api.TestAuthEndpoints" name="test_me_requires_auth" time="0.154" /><testcase classname="backend.tests.test_auth_api.TestAuthEndpoints" name="test_me_returns_user_with_bearer" time="0.140" /><testcase classname="backend.tests.test_auth_api.TestAuthEndpoints" name="test_logout_invalidates_session" time="0.424" /><testcase classname="backend.tests.test_auth_api.TestAuthEndpoints" name="test_exchange_rejects_blank_session_id" time="0.124" /><testcase classname="backend.tests.test_auth_api.TestPrivateLibraries" name="test_my_designs_empty_for_new_user" time="0.129" /><testcase classname="backend.tests.test_auth_api.TestPrivateLibraries" name="test_my_components_empty_for_new_user" time="0.112" /><testcase classname="backend.tests.test_auth_api.TestPrivateLibraries" name="test_private_design_is_hidden_from_public" time="0.513" /><testcase classname="backend.tests.test_auth_api.TestPrivateLibraries" name="test_owner_can_delete_their_design" time="0.381" /><testcase classname="backend.tests.test_auth_api.TestLegacyMigration" name="test_public_legacy_items_have_legacy_prefix" time="0.246" /><testcase classname="backend.tests.test_auth_components_extra.TestPrivateComponents" name="test_private_component_hidden_and_in_me" time="0.901" /><testcase classname="backend.tests.test_auth_components_extra.TestPrivateComponents" name="test_logged_in_author_overrides_payload" time="0.113" /><testcase classname="backend.tests.test_auth_components_extra.TestAnonymousRegression" name="test_gallery_anonymous_listing" time="0.267" /><testcase classname="backend.tests.test_auth_components_extra.TestAnonymousRegression" name="test_components_anonymous_listing" time="0.501" /><testcase classname="backend.tests.test_auth_components_extra.TestAnonymousRegression" name="test_printers_anonymous_listing" time="0.102" /><testcase classname="backend.tests.test_auth_components_extra.TestAnonymousRegression" name="test_anonymous_gallery_post_uses_free_text_author" time="0.263" /><testcase classname="backend.tests.test_auth_components_extra.TestAnonymousRegression" name="test_me_endpoints_require_auth" time="0.240" /><testcase classname="backend.tests.test_gallery_api.TestRoot" name="test_api_root" time="0.127" /><testcase classname="backend.tests.test_gallery_api.TestGalleryCrud" name="test_create_gallery_item" time="0.074" /><testcase classname="backend.tests.test_gallery_api.TestGalleryCrud" name="test_list_gallery_contains_created" time="0.206" /><testcase classname="backend.tests.test_gallery_api.TestGalleryCrud" name="test_download_gallery_stl" time="0.075" /><testcase classname="backend.tests.test_gallery_api.TestGalleryCrud" name="test_download_increments_counter" time="0.253" /><testcase classname="backend.tests.test_gallery_api.TestGalleryCrud" name="test_download_404_on_missing" time="0.071" /><testcase classname="backend.tests.test_gallery_api.TestGalleryCrud" name="test_delete_gallery_item" time="0.141" /><testcase classname="backend.tests.test_gallery_api.TestGalleryCrud" name="test_delete_missing_returns_404" time="0.075" /><testcase classname="backend.tests.test_gallery_api.TestRemixLineage" name="test_create_parent" time="0.071" /><testcase classname="backend.tests.test_gallery_api.TestRemixLineage" name="test_create_remix_increments_parent" time="0.292" /><testcase classname="backend.tests.test_gallery_api.TestRemixLineage" name="test_cleanup" time="0.418" /><testcase classname="backend.tests.test_printers_api.TestPrintersCrud" name="test_create_printer" time="0.104" /><testcase classname="backend.tests.test_printers_api.TestPrintersCrud" name="test_list_printers" time="0.048" /><testcase classname="backend.tests.test_printers_api.TestPrintersCrud" name="test_use_increments" time="0.149" /><testcase classname="backend.tests.test_printers_api.TestPrintersCrud" name="test_use_404" time="0.053" /><testcase classname="backend.tests.test_printers_api.TestPrintersCrud" name="test_upvote_increments" time="0.155" /><testcase classname="backend.tests.test_printers_api.TestPrintersCrud" name="test_upvote_404" time="0.056" /><testcase classname="backend.tests.test_printers_api.TestPrintersCrud" name="test_list_sort_order_top_voted_first" time="0.097" /><testcase classname="backend.tests.test_printers_api.TestPrintersCrud" name="test_delete_printer" time="0.098" /><testcase classname="backend.tests.test_printers_api.TestPrintersCrud" name="test_delete_404" time="0.289" /><testcase classname="backend.tests.test_voice_command.TestVoiceCommand" name="test_add_cube_with_dims" time="1.153" /><testcase classname="backend.tests.test_voice_command.TestVoiceCommand" name="test_translate_right" time="0.728" /><testcase classname="backend.tests.test_voice_command.TestVoiceCommand" name="test_rotate_y" time="0.900" /><testcase classname="backend.tests.test_voice_command.TestVoiceCommand" name="test_delete" time="0.788" /><testcase classname="backend.tests.test_voice_command.TestVoiceCommand" name="test_export_stl" time="0.903" /><testcase classname="backend.tests.test_voice_command.TestVoiceCommand" name="test_save_component_dialog" time="0.941" /><testcase classname="backend.tests.test_voice_command.TestVoiceCommand" name="test_nonsense_returns_unknown_not_500" time="0.696" /><testcase classname="backend.tests.test_voice_command.TestVoiceCommand" name="test_empty_transcript_returns_400" time="0.123" /><testcase classname="backend.tests.test_voice_command.TestRegression" name="test_gallery_list" time="0.242" /><testcase classname="backend.tests.test_voice_command.TestRegression" name="test_components_list" time="0.503" /><testcase classname="backend.tests.test_voice_command.TestRegression" name="test_printers_list" time="0.135" /><testcase classname="backend.tests.test_voice_command.TestRegression" name="test_root_ok" time="0.107" /></testsuite></testsuites>