<?xml version="1.0" encoding="utf-8"?><testsuites name="pytest tests"><testsuite name="pytest" errors="0" failures="1" skipped="0" tests="8" time="2.797" timestamp="2026-07-13T01:29:25.228205+00:00" hostname="agent-env-daa8bbd0-7e1b-41e9-85fb-13fc2c4f8cf6"><testcase classname="backend.tests.test_iter136_1_ring_api.TestRingEnabled" name="test_ring_extends_outer_diameter_and_headers" time="0.696" /><testcase classname="backend.tests.test_iter136_1_ring_api.TestRingDisabled" name="test_ring_disabled_by_default" time="0.483" /><testcase classname="backend.tests.test_iter136_1_ring_api.TestRingTallerThanRelief" name="test_ring_taller_than_relief_wins_total_height" time="0.406" /><testcase classname="backend.tests.test_iter136_1_ring_api.TestRingValidation" name="test_bad_ring_width_returns_422[0.5]" time="0.100" /><testcase classname="backend.tests.test_iter136_1_ring_api.TestRingValidation" name="test_bad_ring_width_returns_422[50]" time="0.112" /><testcase classname="backend.tests.test_iter136_1_ring_api.TestRingValidation" name="test_bad_ring_height_returns_422[0.1]" time="0.133" /><testcase classname="backend.tests.test_iter136_1_ring_api.TestRingValidation" name="test_bad_ring_height_returns_422[40]" time="0.145" /><testcase classname="backend.tests.test_iter136_1_ring_api.TestRingParamsIgnoredWhenDisabled" name="test_disabled_ring_accepts_oor_width" time="0.104"><failure message="AssertionError: ring_enabled=false with rw=0.5 rejected: 422 {&quot;detail&quot;:[{&quot;type&quot;:&quot;greater_than_equal&quot;,&quot;loc&quot;:[&quot;body&quot;,&quot;ring_width_mm&quot;],&quot;msg&quot;:&quot;Input should be greater than or equal to 1&quot;,&quot;input&quot;:0.5,&quot;ctx&quot;:{&quot;ge&quot;:1.0},&quot;url&quot;:&quot;https://errors.pydantic.dev/2.13/v/greater&#10;assert 422 == 200&#10; +  where 422 = &lt;Response [422]&gt;.status_code">backend/tests/test_iter136_1_ring_api.py:202: in test_disabled_ring_accepts_oor_width
    assert r.status_code == 200, (
E   AssertionError: ring_enabled=false with rw=0.5 rejected: 422 {"detail":[{"type":"greater_than_equal","loc":["body","ring_width_mm"],"msg":"Input should be greater than or equal to 1","input":0.5,"ctx":{"ge":1.0},"url":"https://errors.pydantic.dev/2.13/v/greater
E   assert 422 == 200
E    +  where 422 = &lt;Response [422]&gt;.status_code</failure></testcase></testsuite></testsuites>