<?xml version="1.0" encoding="utf-8"?><testsuites name="pytest tests"><testsuite name="pytest" errors="0" failures="2" skipped="0" tests="10" time="2.237" timestamp="2026-05-19T18:43:15.597469+00:00" hostname="agent-env-daa8bbd0-7e1b-41e9-85fb-13fc2c4f8cf6"><testcase classname="backend.tests.test_material_toys_api.TestGalleryMaterial" name="test_default_material_is_pla" time="0.217" /><testcase classname="backend.tests.test_material_toys_api.TestGalleryMaterial" name="test_create_petg_roundtrips" time="0.270" /><testcase classname="backend.tests.test_material_toys_api.TestGalleryMaterial" name="test_create_abs_roundtrips" time="0.054" /><testcase classname="backend.tests.test_material_toys_api.TestGalleryMaterial" name="test_filter_by_material_petg" time="0.053" /><testcase classname="backend.tests.test_material_toys_api.TestGalleryMaterial" name="test_filter_by_material_pla" time="0.050" /><testcase classname="backend.tests.test_material_toys_api.TestGalleryMaterial" name="test_list_unfiltered_returns_all" time="0.179" /><testcase classname="backend.tests.test_material_toys_api.TestGalleryMaterial" name="test_cleanup" time="0.151" /><testcase classname="backend.tests.test_material_toys_api.TestComponentsToysCategory" name="test_create_toy_component" time="0.052"><failure message="AssertionError: {&quot;detail&quot;:[{&quot;type&quot;:&quot;string_type&quot;,&quot;loc&quot;:[&quot;body&quot;,&quot;tags&quot;],&quot;msg&quot;:&quot;Input should be a valid string&quot;,&quot;input&quot;:[&quot;test&quot;],&quot;url&quot;:&quot;https://errors.pydantic.dev/2.13/v/string_type&quot;}]}&#10;assert 422 == 200&#10; +  where 422 = &lt;Response [422]&gt;.status_code">backend/tests/test_material_toys_api.py:130: in test_create_toy_component
    assert r.status_code == 200, r.text
E   AssertionError: {"detail":[{"type":"string_type","loc":["body","tags"],"msg":"Input should be a valid string","input":["test"],"url":"https://errors.pydantic.dev/2.13/v/string_type"}]}
E   assert 422 == 200
E    +  where 422 = &lt;Response [422]&gt;.status_code</failure></testcase><testcase classname="backend.tests.test_material_toys_api.TestComponentsToysCategory" name="test_toy_appears_in_list" time="0.000"><failure message="assert None&#10; +  where None = TestComponentsToysCategory.created_id">backend/tests/test_material_toys_api.py:136: in test_toy_appears_in_list
    assert TestComponentsToysCategory.created_id
E   assert None
E    +  where None = TestComponentsToysCategory.created_id</failure></testcase><testcase classname="backend.tests.test_material_toys_api.TestComponentsToysCategory" name="test_cleanup" time="1.100" /></testsuite></testsuites>