<?xml version="1.0" encoding="utf-8"?><testsuites name="pytest tests"><testsuite name="pytest" errors="0" failures="0" skipped="0" tests="11" time="10.643" timestamp="2026-07-13T00:59:02.754483+00:00" hostname="agent-env-daa8bbd0-7e1b-41e9-85fb-13fc2c4f8cf6"><testcase classname="backend.tests.test_iter136_bas_relief_api.TestBasReliefHappyPath" name="test_default_parameters_returns_stl" time="1.905" /><testcase classname="backend.tests.test_iter136_bas_relief_api.TestBasReliefHappyPath" name="test_default_stl_parses_and_bounds_match" time="2.528" /><testcase classname="backend.tests.test_iter136_bas_relief_api.TestBasReliefCustomParams" name="test_custom_dimensions_headers_and_z_extent" time="2.405" /><testcase classname="backend.tests.test_iter136_bas_relief_api.TestBasReliefRejections" name="test_missing_both_image_fields_returns_400" time="0.134" /><testcase classname="backend.tests.test_iter136_bas_relief_api.TestBasReliefRejections" name="test_diameter_below_min_returns_422" time="0.118" /><testcase classname="backend.tests.test_iter136_bas_relief_api.TestBasReliefRejections" name="test_max_relief_above_max_returns_422" time="0.114" /><testcase classname="backend.tests.test_iter136_bas_relief_api.TestBasReliefRejections" name="test_file_scheme_url_rejected_400" time="0.143" /><testcase classname="backend.tests.test_iter136_bas_relief_api.TestBasReliefRejections" name="test_invalid_base64_returns_400" time="0.113" /><testcase classname="backend.tests.test_iter136_bas_relief_api.TestBasReliefAuth" name="test_unauthenticated_returns_401" time="0.116" /><testcase classname="backend.tests.test_iter136_bas_relief_api.TestBasReliefQuota" name="test_quota_unchanged_after_generation" time="1.899" /><testcase classname="backend.tests.test_iter136_bas_relief_api.TestBasReliefImageUrlMode" name="test_image_url_mode_produces_stl" time="0.565" /></testsuite></testsuites>