<?xml version="1.0" encoding="utf-8"?><testsuites name="pytest tests"><testsuite name="pytest" errors="0" failures="0" skipped="0" tests="16" time="4.059" timestamp="2026-05-19T03:56:42.819836+00:00" hostname="agent-env-daa8bbd0-7e1b-41e9-85fb-13fc2c4f8cf6"><testcase classname="tests.test_components_p1.TestVerifiedField" name="test_create_component_defaults_verified_false" time="0.237" /><testcase classname="tests.test_components_p1.TestVerifiedField" name="test_list_components_returns_verified_field" time="0.695" /><testcase classname="tests.test_components_p1.TestExpandedCategories" name="test_each_new_category_accepted[fasteners]" time="0.153" /><testcase classname="tests.test_components_p1.TestExpandedCategories" name="test_each_new_category_accepted[electronics]" time="0.167" /><testcase classname="tests.test_components_p1.TestExpandedCategories" name="test_each_new_category_accepted[brackets]" time="0.204" /><testcase classname="tests.test_components_p1.TestExpandedCategories" name="test_each_new_category_accepted[hinges]" time="0.149" /><testcase classname="tests.test_components_p1.TestExpandedCategories" name="test_each_new_category_accepted[gears]" time="0.154" /><testcase classname="tests.test_components_p1.TestExpandedCategories" name="test_each_new_category_accepted[decorative]" time="0.176" /><testcase classname="tests.test_components_p1.TestExpandedCategories" name="test_each_new_category_accepted[organizers]" time="0.147" /><testcase classname="tests.test_components_p1.TestExpandedCategories" name="test_each_new_category_accepted[miniatures]" time="0.177" /><testcase classname="tests.test_components_p1.TestExpandedCategories" name="test_each_new_category_accepted[structural]" time="0.175" /><testcase classname="tests.test_components_p1.TestExpandedCategories" name="test_unknown_category_falls_back_to_misc" time="0.148" /><testcase classname="tests.test_components_p1.TestExpandedCategories" name="test_legacy_categories_still_accepted" time="0.438" /><testcase classname="tests.test_components_p1.TestVerifyEndpointGate" name="test_verify_returns_403_when_admin_emails_unset" time="0.219" /><testcase classname="tests.test_components_p1.TestVerifyEndpointGate" name="test_verify_gate_even_with_bearer_token" time="0.233" /><testcase classname="tests.test_components_p1.TestListSortContainsVerifiedField" name="test_list_components_has_verified_field_on_every_item" time="0.504" /></testsuite></testsuites>