<?xml version="1.0" encoding="utf-8"?><testsuites name="pytest tests"><testsuite name="pytest" errors="0" failures="0" skipped="0" tests="6" time="6.974" timestamp="2026-06-24T18:32:29.737417+00:00" hostname="agent-env-daa8bbd0-7e1b-41e9-85fb-13fc2c4f8cf6"><testcase classname="tests.test_mesh_repair_and_auth.TestAuthMe" name="test_auth_me_bearer_under_2s" time="0.176" /><testcase classname="tests.test_mesh_repair_and_auth.TestAuthSessionTimeout" name="test_invalid_session_returns_401_fast" time="5.771" /><testcase classname="tests.test_mesh_repair_and_auth.TestMeshRepairUnauthenticated" name="test_raw_body_no_auth_returns_401" time="0.117" /><testcase classname="tests.test_mesh_repair_and_auth.TestMeshRepairUnauthenticated" name="test_multipart_no_auth_returns_401" time="0.126" /><testcase classname="tests.test_mesh_repair_and_auth.TestMeshRepairRawBody" name="test_raw_octet_stream_returns_repaired_stl" time="0.559" /><testcase classname="tests.test_mesh_repair_and_auth.TestMeshRepairMultipart" name="test_multipart_file_upload_returns_repaired_stl" time="0.155" /></testsuite></testsuites>