<?xml version="1.0" encoding="utf-8"?><testsuites name="pytest tests"><testsuite name="pytest" errors="0" failures="0" skipped="0" tests="15" time="0.219" timestamp="2026-05-28T16:07:19.265963+00:00" hostname="agent-env-daa8bbd0-7e1b-41e9-85fb-13fc2c4f8cf6"><testcase classname="backend.tests.test_orca_profile_staging" name="test_stage_user_profile_stamps_all_required_metadata_for_empty_inputs" time="0.000" /><testcase classname="backend.tests.test_orca_profile_staging" name="test_stage_user_profile_normalises_type_for_each_kind" time="0.000" /><testcase classname="backend.tests.test_orca_profile_staging" name="test_stage_user_profile_strips_metadata_overrides_then_restamps" time="0.000" /><testcase classname="backend.tests.test_orca_profile_staging" name="test_stage_user_profile_carries_base_keys_through" time="0.000" /><testcase classname="backend.tests.test_orca_profile_staging" name="test_stage_user_profile_metadata_keys_come_FIRST" time="0.000" /><testcase classname="backend.tests.test_orca_profile_staging" name="test_stage_user_profile_serialises_to_orca_valid_json" time="0.000" /><testcase classname="backend.tests.test_orca_profile_staging" name="test_orca_stringify_handles_python_scalars" time="0.000" /><testcase classname="backend.tests.test_orca_profile_staging" name="test_orca_stringify_recurses_into_lists" time="0.000" /><testcase classname="backend.tests.test_orca_profile_staging" name="test_stage_user_profile_sovol_sv06_ace_reproduces_production_input" time="0.000" /><testcase classname="backend.tests.test_orca_profile_staging" name="test_stage_user_profile_process_profile_stringifies_layer_height" time="0.000" /><testcase classname="backend.tests.test_orca_fallback_preset" name="test_fallback_constants_match_known_orca_presets" time="0.000" /><testcase classname="backend.tests.test_orca_fallback_preset" name="test_resolve_fallback_preset_returns_flat_chain_for_machine" time="0.001" /><testcase classname="backend.tests.test_orca_fallback_preset" name="test_resolve_fallback_preset_returns_process_preset" time="0.001" /><testcase classname="backend.tests.test_orca_fallback_preset" name="test_resolve_fallback_preset_returns_filament_preset" time="0.001" /><testcase classname="backend.tests.test_orca_fallback_preset" name="test_load_system_preset_raises_when_inherits_target_missing" time="0.001" /></testsuite></testsuites>