<?xml version="1.0" encoding="utf-8"?><testsuites name="pytest tests"><testsuite name="pytest" errors="0" failures="0" skipped="0" tests="12" time="2.251" timestamp="2026-06-04T03:25:15.534864+00:00" hostname="agent-env-daa8bbd0-7e1b-41e9-85fb-13fc2c4f8cf6"><testcase classname="backend.tests.test_iter90_moderation_and_suggestions" name="test_moderation_endpoints_admin_only" time="0.408" /><testcase classname="backend.tests.test_iter90_moderation_and_suggestions" name="test_moderation_endpoints_reject_non_admin" time="0.145" /><testcase classname="backend.tests.test_iter90_moderation_and_suggestions" name="test_moderation_lists_flagged" time="0.123" /><testcase classname="backend.tests.test_iter90_moderation_and_suggestions" name="test_moderation_clear_flags" time="0.143" /><testcase classname="backend.tests.test_iter90_moderation_and_suggestions" name="test_moderation_unpublish_keeps_row" time="0.121" /><testcase classname="backend.tests.test_iter90_moderation_and_suggestions" name="test_moderation_delete_removes_row" time="0.130" /><testcase classname="backend.tests.test_iter90_moderation_and_suggestions" name="test_submit_suggestion_unauth" time="0.126" /><testcase classname="backend.tests.test_iter90_moderation_and_suggestions" name="test_submit_suggestion_happy_path" time="0.162" /><testcase classname="backend.tests.test_iter90_moderation_and_suggestions" name="test_submit_suggestion_rate_limit" time="0.108" /><testcase classname="backend.tests.test_iter90_moderation_and_suggestions" name="test_admin_can_resolve_suggestion" time="0.253" /><testcase classname="backend.tests.test_iter90_moderation_and_suggestions" name="test_admin_can_reject_suggestion" time="0.246" /><testcase classname="backend.tests.test_iter90_moderation_and_suggestions" name="test_admin_list_suggestions_admin_only" time="0.138" /></testsuite></testsuites>