<?xml version="1.0" encoding="utf-8"?><testsuites name="pytest tests"><testsuite name="pytest" errors="0" failures="0" skipped="0" tests="37" time="4.054" timestamp="2026-05-29T15:30:32.021445+00:00" hostname="agent-env-daa8bbd0-7e1b-41e9-85fb-13fc2c4f8cf6"><testcase classname="tests.test_iter15_smoke.TestOrca" name="test_status_returns_installed_true_on_arm64" time="0.222" /><testcase classname="tests.test_iter15_smoke.TestOrca" name="test_progress_unknown_job_returns_404" time="0.133" /><testcase classname="tests.test_iter15_smoke.TestPublicLists" name="test_components_list" time="0.363" /><testcase classname="tests.test_iter15_smoke.TestPublicLists" name="test_gallery_list" time="0.560" /><testcase classname="tests.test_iter15_smoke.TestPublicLists" name="test_printers_list" time="0.108" /><testcase classname="tests.test_iter15_smoke.TestPublicLists" name="test_billing_packages" time="0.108" /><testcase classname="tests.test_iter15_smoke.TestPublicLists" name="test_auth_email_status_anonymous" time="0.108" /><testcase classname="tests.test_iter15_smoke.TestComponentSaveToShareAnonymous" name="test_save_pitman_arm_like_payload" time="0.700" /><testcase classname="tests.test_iter15_smoke.TestVoiceCommand" name="test_voice_command_intent" time="1.140" /><testcase classname="tests.test_orca_profile_staging" name="test_stage_user_profile_stamps_all_required_metadata_for_empty_inputs" time="0.000" /><testcase classname="tests.test_orca_profile_staging" name="test_stage_user_profile_normalises_type_for_each_kind" time="0.000" /><testcase classname="tests.test_orca_profile_staging" name="test_stage_user_profile_strips_metadata_overrides_then_restamps" time="0.000" /><testcase classname="tests.test_orca_profile_staging" name="test_stage_user_profile_carries_base_keys_through" time="0.000" /><testcase classname="tests.test_orca_profile_staging" name="test_stage_user_profile_metadata_keys_come_FIRST" time="0.000" /><testcase classname="tests.test_orca_profile_staging" name="test_stage_user_profile_serialises_to_orca_valid_json" time="0.000" /><testcase classname="tests.test_orca_profile_staging" name="test_orca_stringify_handles_python_scalars" time="0.000" /><testcase classname="tests.test_orca_profile_staging" name="test_orca_stringify_recurses_into_lists" time="0.000" /><testcase classname="tests.test_orca_profile_staging" name="test_stage_user_profile_sovol_sv06_ace_reproduces_production_input" time="0.000" /><testcase classname="tests.test_orca_profile_staging" name="test_stage_user_profile_process_profile_stringifies_layer_height" time="0.000" /><testcase classname="tests.test_orca_engine" name="test_orca_status_returns_well_formed_payload" time="0.178" /><testcase classname="tests.test_orca_engine" name="test_orca_slice_returns_503_when_engine_missing" time="0.171" /><testcase classname="tests.test_install_orca" name="test_pick_appimage_asset_finds_linux_appimage" time="0.000" /><testcase classname="tests.test_install_orca" name="test_pick_appimage_asset_returns_none_when_missing" time="0.000" /><testcase classname="tests.test_install_orca" name="test_arch_check_default_only_accepts_x86_64" time="0.000" /><testcase classname="tests.test_install_orca" name="test_arch_check_force_env_var_overrides" time="0.000" /><testcase classname="tests.test_install_orca" name="test_install_skips_cleanly_on_non_x86_arch" time="0.002" /><testcase classname="tests.test_install_orca" name="test_resolve_appimage_entry_prefers_apprun" time="0.001" /><testcase classname="tests.test_install_orca" name="test_resolve_appimage_entry_finds_bin_orca_slicer" time="0.001" /><testcase classname="tests.test_install_orca" name="test_resolve_appimage_entry_falls_back_to_nested" time="0.001" /><testcase classname="tests.test_install_orca" name="test_resolve_appimage_entry_returns_none_when_nothing_installed" time="0.000" /><testcase classname="tests.test_install_orca" name="test_install_in_progress_reads_lock_file" time="0.001" /><testcase classname="tests.test_install_orca" name="test_install_in_progress_clears_stale_lock" time="0.000" /><testcase classname="tests.test_orca_fallback_preset" name="test_fallback_constants_match_known_orca_presets" time="0.000" /><testcase classname="tests.test_orca_fallback_preset" name="test_resolve_fallback_preset_returns_flat_chain_for_machine" time="0.001" /><testcase classname="tests.test_orca_fallback_preset" name="test_resolve_fallback_preset_returns_process_preset" time="0.001" /><testcase classname="tests.test_orca_fallback_preset" name="test_resolve_fallback_preset_returns_filament_preset" time="0.001" /><testcase classname="tests.test_orca_fallback_preset" name="test_load_system_preset_raises_when_inherits_target_missing" time="0.001" /></testsuite></testsuites>