<?xml version="1.0" encoding="utf-8"?><testsuites name="pytest tests"><testsuite name="pytest" errors="0" failures="0" skipped="0" tests="8" time="4.384" timestamp="2026-05-30T14:52:04.581784+00:00" hostname="agent-env-daa8bbd0-7e1b-41e9-85fb-13fc2c4f8cf6"><testcase classname="backend.tests.test_projects.TestAuthGate" name="test_list_unauth" time="0.262" /><testcase classname="backend.tests.test_projects.TestAuthGate" name="test_post_unauth" time="0.110" /><testcase classname="backend.tests.test_projects.TestAuthGate" name="test_get_unauth" time="0.125" /><testcase classname="backend.tests.test_projects.TestAuthGate" name="test_put_unauth" time="1.141" /><testcase classname="backend.tests.test_projects.TestAuthGate" name="test_delete_unauth" time="0.110" /><testcase classname="backend.tests.test_projects.TestCRUD" name="test_initial_list_empty" time="0.118" /><testcase classname="backend.tests.test_projects.TestCRUD" name="test_create_root_and_child_and_cascade_delete" time="1.567" /><testcase classname="backend.tests.test_projects.TestIsolation" name="test_user_b_cannot_see_or_mutate_user_a_project" time="0.871" /></testsuite></testsuites>