<?xml version="1.0" encoding="utf-8"?><testsuites name="pytest tests"><testsuite name="pytest" errors="0" failures="0" skipped="0" tests="14" time="2.639" timestamp="2026-07-12T19:18:14.975233+00:00" hostname="agent-env-daa8bbd0-7e1b-41e9-85fb-13fc2c4f8cf6"><testcase classname="tests.test_iter132_fal_provider.TestProviderSelection" name="test_fal_default_when_no_meshy_key" time="0.319" /><testcase classname="tests.test_iter132_fal_provider.TestProviderSelection" name="test_meshy_when_byo_key" time="0.124" /><testcase classname="tests.test_iter132_fal_provider.TestTextTo3DFal" name="test_502_and_quota_refund_or_200_pass" time="0.720" /><testcase classname="tests.test_iter132_fal_provider.TestImageTo3DFal" name="test_submission_accepted_with_provider_persisted" time="0.125" /><testcase classname="tests.test_iter132_fal_provider.TestMultiImageFal" name="test_400_for_zero_images" time="0.114" /><testcase classname="tests.test_iter132_fal_provider.TestMultiImageFal" name="test_400_for_one_image" time="0.107" /><testcase classname="tests.test_iter132_fal_provider.TestMultiImageFal" name="test_submission_accepted_with_provider_persisted" time="0.116" /><testcase classname="tests.test_iter132_fal_provider.TestPollingProviderDispatch" name="test_poll_meshy_provider" time="0.182" /><testcase classname="tests.test_iter132_fal_provider.TestPollingProviderDispatch" name="test_poll_fal_provider" time="0.011" /><testcase classname="tests.test_iter132_fal_provider.TestPollingProviderDispatch" name="test_poll_legacy_no_provider_defaults_to_meshy" time="0.119" /><testcase classname="tests.test_iter132_fal_provider.TestMeshDownloadProviderDispatch" name="test_mesh_download_fal_provider" time="0.194" /><testcase classname="tests.test_iter132_fal_provider.TestMeshDownloadProviderDispatch" name="test_mesh_download_meshy_provider" time="0.154" /><testcase classname="tests.test_iter132_fal_provider.TestAuthRequired" name="test_usage_requires_auth" time="0.095" /><testcase classname="tests.test_iter132_fal_provider.TestAuthRequired" name="test_generate_requires_auth" time="0.104" /></testsuite></testsuites>