<?xml version="1.0" encoding="utf-8"?><testsuites name="pytest tests"><testsuite name="pytest" errors="0" failures="0" skipped="0" tests="17" time="8.893" timestamp="2026-06-26T02:07:06.412582+00:00" hostname="agent-env-daa8bbd0-7e1b-41e9-85fb-13fc2c4f8cf6"><testcase classname="backend.tests.test_exports_handoff.TestStageHandoff" name="test_happy_path_returns_token_url_size" time="0.241" /><testcase classname="backend.tests.test_exports_handoff.TestStageHandoff" name="test_no_auth_returns_401" time="0.143" /><testcase classname="backend.tests.test_exports_handoff.TestStageHandoff" name="test_empty_body_returns_400" time="0.104" /><testcase classname="backend.tests.test_exports_handoff.TestStageHandoff" name="test_oversize_returns_413" time="1.546" /><testcase classname="backend.tests.test_exports_handoff.TestDownloadHandoff" name="test_get_happy_path_public" time="0.273" /><testcase classname="backend.tests.test_exports_handoff.TestDownloadHandoff" name="test_single_shot_second_get_404" time="1.388" /><testcase classname="backend.tests.test_exports_handoff.TestDownloadHandoff" name="test_bad_format_token_404" time="0.100" /><testcase classname="backend.tests.test_exports_handoff.TestDownloadHandoff" name="test_format_ok_but_not_in_db_404" time="0.105" /><testcase classname="backend.tests.test_exports_handoff.TestDownloadHandoff" name="test_octet_stream_for_non_3mf_filename" time="0.201" /><testcase classname="backend.tests.test_exports_handoff.TestExpiredHandoff" name="test_expired_returns_410_and_cleans_up" time="2.874" /><testcase classname="backend.tests.test_exports_handoff.TestBundleSmoke" name="test_bundle_has_handoff_path" time="0.895" /><testcase classname="backend.tests.test_exports_handoff.TestBundleSmoke" name="test_bundle_has_stage_handoff_fn" time="0.004" /><testcase classname="backend.tests.test_exports_handoff.TestBundleSmoke" name="test_bundle_has_open_file_arg" time="0.004" /><testcase classname="backend.tests.test_exports_handoff.TestBundleSmoke" name="test_bundle_has_opened_with_file_flag" time="0.004" /><testcase classname="backend.tests.test_exports_handoff.TestRegressionMarkers" name="test_iter105_19_multi_object_markers_present" time="0.880" /><testcase classname="backend.tests.test_exports_handoff.TestRegressionMarkers" name="test_iter105_21_bambu_markers_banned" time="0.008" /><testcase classname="backend.tests.test_exports_handoff.TestRegressionMarkers" name="test_iter105_20_edge_controls_banned" time="0.021" /></testsuite></testsuites>