<?xml version="1.0" encoding="utf-8"?><testsuites name="pytest tests"><testsuite name="pytest" errors="0" failures="0" skipped="0" tests="2" time="0.901" timestamp="2026-07-06T02:31:11.887082+00:00" hostname="agent-env-daa8bbd0-7e1b-41e9-85fb-13fc2c4f8cf6"><testcase classname="backend.tests.test_printability_http_extra.TestPrintabilityHTTPClean" name="test_clean_cube_full_field_assertions" time="0.180" /><testcase classname="backend.tests.test_printability_http_extra.TestPrintabilityHTTPNonWatertight" name="test_broken_cube_returns_non_watertight_critical" time="0.121" /></testsuite></testsuites>