<?xml version="1.0" encoding="utf-8"?><testsuites name="pytest tests"><testsuite name="pytest" errors="0" failures="0" skipped="0" tests="13" time="3.606" timestamp="2026-07-12T23:16:39.989310+00:00" hostname="agent-env-daa8bbd0-7e1b-41e9-85fb-13fc2c4f8cf6"><testcase classname="tests.test_iter135_printability_and_refactor.TestPrintabilityDecimate" name="test_decimate_returns_stl_and_optimize_headers" time="0.535" /><testcase classname="tests.test_iter135_printability_and_refactor.TestPrintabilityDecimate" name="test_decimate_bad_preset_400" time="0.067" /><testcase classname="tests.test_iter135_printability_and_refactor.TestPrintabilityDecimate" name="test_decimate_requires_auth" time="0.372" /><testcase classname="tests.test_iter135_printability_and_refactor.TestPrintabilityAddBase" name="test_add_base_cylinder_returns_stl_and_headers" time="0.093" /><testcase classname="tests.test_iter135_printability_and_refactor.TestPrintabilityAddBase" name="test_add_base_bad_shape_400" time="0.056" /><testcase classname="tests.test_iter135_printability_and_refactor.TestOptimizeCORSExpose" name="test_expose_headers_lists_all_optimize_headers" time="0.069" /><testcase classname="tests.test_iter135_printability_and_refactor.TestPricingRefactor" name="test_get_pricing_returns_catalog_for_super_admin" time="0.411" /><testcase classname="tests.test_iter135_printability_and_refactor.TestPricingRefactor" name="test_get_pricing_403_for_non_super_admin" time="0.106" /><testcase classname="tests.test_iter135_printability_and_refactor.TestPricingRefactor" name="test_put_pricing_rejects_early_over_regular" time="0.125" /><testcase classname="tests.test_iter135_printability_and_refactor.TestPricingRefactor" name="test_put_pricing_rejects_unknown_package" time="0.047" /><testcase classname="tests.test_iter135_printability_and_refactor.TestPricingRefactor" name="test_put_pricing_happy_path_persists" time="0.203" /><testcase classname="tests.test_iter135_printability_and_refactor.TestAttachPasswordToGoogleAccount" name="test_register_attaches_password_to_google_only_row" time="0.448" /><testcase classname="tests.test_iter135_printability_and_refactor.TestAttachPasswordToGoogleAccount" name="test_register_fresh_email_creates_new_user" time="0.322" /></testsuite></testsuites>