<?xml version="1.0" encoding="utf-8"?><testsuites name="pytest tests"><testsuite name="pytest" errors="0" failures="0" skipped="0" tests="10" time="7.994" timestamp="2026-06-24T19:28:04.132483+00:00" hostname="agent-env-daa8bbd0-7e1b-41e9-85fb-13fc2c4f8cf6"><testcase classname="tests.test_mesh_repair_and_auth.TestAuthMe" name="test_auth_me_bearer_under_2s" time="0.214" /><testcase classname="tests.test_mesh_repair_and_auth.TestAuthSessionTimeout" name="test_invalid_session_returns_401_fast" time="6.168" /><testcase classname="tests.test_mesh_repair_and_auth.TestMeshRepairUnauthenticated" name="test_raw_body_no_auth_returns_401" time="0.113" /><testcase classname="tests.test_mesh_repair_and_auth.TestMeshRepairUnauthenticated" name="test_multipart_no_auth_returns_401" time="0.100" /><testcase classname="tests.test_mesh_repair_and_auth.TestMeshRepairRawBody" name="test_raw_octet_stream_returns_repaired_stl" time="0.114" /><testcase classname="tests.test_mesh_repair_and_auth.TestMeshRepairMultipart" name="test_multipart_file_upload_returns_repaired_stl" time="0.140" /><testcase classname="tests.test_mesh_repair_and_auth.TestMeshRepairWatertight" name="test_watertight_cube_roundtrip" time="0.613" /><testcase classname="tests.test_mesh_repair_and_auth.TestMeshRepairWatertight" name="test_holey_cube_reconstructed" time="0.151" /><testcase classname="tests.test_mesh_repair_and_auth.TestMeshRepairWatertight" name="test_broken_sphere_repaired_to_watertight" time="0.151" /><testcase classname="tests.test_mesh_repair_and_auth.TestMeshRepairWatertight" name="test_multipart_fallback_watertight_headers" time="0.142" /></testsuite></testsuites>