<?xml version="1.0" encoding="utf-8"?><testsuites name="pytest tests"><testsuite name="pytest" errors="0" failures="1" skipped="0" tests="164" time="132.146" timestamp="2026-05-28T16:07:24.164458+00:00" hostname="agent-env-daa8bbd0-7e1b-41e9-85fb-13fc2c4f8cf6"><testcase classname="backend.tests.test_admin.TestAuthGuards" name="test_admin_me_requires_auth" time="0.286" /><testcase classname="backend.tests.test_admin.TestAuthGuards" name="test_admin_endpoints_403_for_regular_user" time="0.544" /><testcase classname="backend.tests.test_admin.TestAuthGuards" name="test_admin_can_access_basic_endpoints" time="0.585" /><testcase classname="backend.tests.test_admin.TestAuthGuards" name="test_regular_admin_cannot_promote" time="0.778" /><testcase classname="backend.tests.test_admin.TestAuthGuards" name="test_super_admin_can_promote" time="0.717" /><testcase classname="backend.tests.test_admin.TestAIQuotaOverride" name="test_set_quota_within_range" time="0.930" /><testcase classname="backend.tests.test_admin.TestAIQuotaOverride" name="test_quota_over_300_rejected" time="0.722" /><testcase classname="backend.tests.test_admin.TestAIQuotaOverride" name="test_quota_zero_rejected" time="0.789" /><testcase classname="backend.tests.test_admin.TestAIQuotaOverride" name="test_clear_quota_with_null" time="0.816" /><testcase classname="backend.tests.test_admin.TestAIQuotaOverride" name="test_quota_applies_to_user_endpoint" time="0.818" /><testcase classname="backend.tests.test_admin.TestAuditLog" name="test_quota_change_writes_audit" time="0.753" /><testcase classname="backend.tests.test_admin.TestAuditLog" name="test_audit_lists_newest_first" time="0.843" /><testcase classname="backend.tests.test_admin.TestBanFlow" name="test_ban_kills_sessions" time="0.866" /><testcase classname="backend.tests.test_admin.TestBanFlow" name="test_cannot_ban_self" time="0.395" /><testcase classname="backend.tests.test_admin.TestAnalytics" name="test_analytics_shape" time="0.397" /><testcase classname="backend.tests.test_auth_api.TestAuthEndpoints" name="test_me_requires_auth" time="0.116" /><testcase classname="backend.tests.test_auth_api.TestAuthEndpoints" name="test_me_returns_user_with_bearer" time="0.149" /><testcase classname="backend.tests.test_auth_api.TestAuthEndpoints" name="test_logout_invalidates_session" time="0.361" /><testcase classname="backend.tests.test_auth_api.TestAuthEndpoints" name="test_exchange_rejects_blank_session_id" time="0.105" /><testcase classname="backend.tests.test_auth_api.TestPrivateLibraries" name="test_my_designs_empty_for_new_user" time="0.134" /><testcase classname="backend.tests.test_auth_api.TestPrivateLibraries" name="test_my_components_empty_for_new_user" time="0.124" /><testcase classname="backend.tests.test_auth_api.TestPrivateLibraries" name="test_private_design_is_hidden_from_public" time="0.794" /><testcase classname="backend.tests.test_auth_api.TestPrivateLibraries" name="test_owner_can_delete_their_design" time="0.342" /><testcase classname="backend.tests.test_auth_api.TestLegacyMigration" name="test_public_legacy_items_have_legacy_prefix" time="0.600" /><testcase classname="backend.tests.test_auth_components_extra.TestPrivateComponents" name="test_private_component_hidden_and_in_me" time="0.593" /><testcase classname="backend.tests.test_auth_components_extra.TestPrivateComponents" name="test_logged_in_author_overrides_payload" time="0.110" /><testcase classname="backend.tests.test_auth_components_extra.TestAnonymousRegression" name="test_gallery_anonymous_listing" time="0.589" /><testcase classname="backend.tests.test_auth_components_extra.TestAnonymousRegression" name="test_components_anonymous_listing" time="0.393" /><testcase classname="backend.tests.test_auth_components_extra.TestAnonymousRegression" name="test_printers_anonymous_listing" time="0.148" /><testcase classname="backend.tests.test_auth_components_extra.TestAnonymousRegression" name="test_anonymous_gallery_post_uses_free_text_author" time="0.232" /><testcase classname="backend.tests.test_auth_components_extra.TestAnonymousRegression" name="test_me_endpoints_require_auth" time="0.354" /><testcase classname="backend.tests.test_author_profile.TestAuthorProfileEndpoint" name="test_404_for_unknown_user" time="0.143" /><testcase classname="backend.tests.test_author_profile.TestAuthorProfileEndpoint" name="test_user_without_shares_omits_optional_fields" time="0.459" /><testcase classname="backend.tests.test_author_profile.TestAuthorProfileEndpoint" name="test_user_with_shares_includes_only_shared_fields" time="0.458" /><testcase classname="backend.tests.test_author_profile.TestAuthorProfileEndpoint" name="test_never_leaks_sensitive_fields" time="0.445" /><testcase classname="backend.tests.test_author_profile.TestAuthorProfileEndpoint" name="test_partial_share_only_shows_enabled_fields" time="0.465" /><testcase classname="backend.tests.test_author_profile.TestAuthorDesignsComponents" name="test_404_designs_for_unknown_user" time="0.116" /><testcase classname="backend.tests.test_author_profile.TestAuthorDesignsComponents" name="test_404_components_for_unknown_user" time="0.148" /><testcase classname="backend.tests.test_author_profile.TestAuthorDesignsComponents" name="test_designs_returns_list_for_new_user" time="0.490" /><testcase classname="backend.tests.test_author_profile.TestAuthorDesignsComponents" name="test_components_returns_list_for_new_user" time="0.443" /><testcase classname="backend.tests.test_billing" name="test_packages_endpoint_returns_catalog" time="0.103" /><testcase classname="backend.tests.test_billing" name="test_checkout_rejects_unknown_package" time="0.443" /><testcase classname="backend.tests.test_billing" name="test_checkout_creates_session_and_returns_url" time="0.924" /><testcase classname="backend.tests.test_billing" name="test_status_endpoint_404s_for_unknown_session" time="0.116" /><testcase classname="backend.tests.test_billing" name="test_subscription_tier_default_is_free_on_me" time="0.408" /><testcase classname="backend.tests.test_components_p1.TestVerifiedField" name="test_create_component_defaults_verified_false" time="0.185" /><testcase classname="backend.tests.test_components_p1.TestVerifiedField" name="test_list_components_returns_verified_field" time="0.422" /><testcase classname="backend.tests.test_components_p1.TestExpandedCategories" name="test_each_new_category_accepted[fasteners]" time="0.174" /><testcase classname="backend.tests.test_components_p1.TestExpandedCategories" name="test_each_new_category_accepted[electronics]" time="0.156" /><testcase classname="backend.tests.test_components_p1.TestExpandedCategories" name="test_each_new_category_accepted[brackets]" time="0.154" /><testcase classname="backend.tests.test_components_p1.TestExpandedCategories" name="test_each_new_category_accepted[hinges]" time="0.157" /><testcase classname="backend.tests.test_components_p1.TestExpandedCategories" name="test_each_new_category_accepted[gears]" time="0.152" /><testcase classname="backend.tests.test_components_p1.TestExpandedCategories" name="test_each_new_category_accepted[decorative]" time="0.162" /><testcase classname="backend.tests.test_components_p1.TestExpandedCategories" name="test_each_new_category_accepted[organizers]" time="0.172" /><testcase classname="backend.tests.test_components_p1.TestExpandedCategories" name="test_each_new_category_accepted[miniatures]" time="0.179" /><testcase classname="backend.tests.test_components_p1.TestExpandedCategories" name="test_each_new_category_accepted[structural]" time="0.160" /><testcase classname="backend.tests.test_components_p1.TestExpandedCategories" name="test_unknown_category_falls_back_to_misc" time="0.178" /><testcase classname="backend.tests.test_components_p1.TestExpandedCategories" name="test_legacy_categories_still_accepted" time="0.622" /><testcase classname="backend.tests.test_components_p1.TestVerifyEndpointGate" name="test_verify_returns_403_when_admin_emails_unset" time="0.231" /><testcase classname="backend.tests.test_components_p1.TestVerifyEndpointGate" name="test_verify_gate_even_with_bearer_token" time="0.262" /><testcase classname="backend.tests.test_components_p1.TestListSortContainsVerifiedField" name="test_list_components_has_verified_field_on_every_item" time="0.449" /><testcase classname="backend.tests.test_email_status.TestEmailStatus" name="test_endpoint_returns_expected_shape" time="0.119" /><testcase classname="backend.tests.test_email_status.TestEmailStatus" name="test_endpoint_is_publicly_accessible" time="0.125" /><testcase classname="backend.tests.test_gallery_api.TestRoot" name="test_api_root" time="0.108" /><testcase classname="backend.tests.test_gallery_api.TestGalleryCrud" name="test_create_gallery_item" time="0.049" /><testcase classname="backend.tests.test_gallery_api.TestGalleryCrud" name="test_list_gallery_contains_created" time="0.493" /><testcase classname="backend.tests.test_gallery_api.TestGalleryCrud" name="test_download_gallery_stl" time="0.055" /><testcase classname="backend.tests.test_gallery_api.TestGalleryCrud" name="test_download_increments_counter" time="0.500" /><testcase classname="backend.tests.test_gallery_api.TestGalleryCrud" name="test_download_404_on_missing" time="0.050" /><testcase classname="backend.tests.test_gallery_api.TestGalleryCrud" name="test_delete_gallery_item" time="0.102" /><testcase classname="backend.tests.test_gallery_api.TestGalleryCrud" name="test_delete_missing_returns_404" time="0.057" /><testcase classname="backend.tests.test_gallery_api.TestRemixLineage" name="test_create_parent" time="0.050" /><testcase classname="backend.tests.test_gallery_api.TestRemixLineage" name="test_create_remix_increments_parent" time="0.522" /><testcase classname="backend.tests.test_gallery_api.TestRemixLineage" name="test_cleanup" time="1.044" /><testcase classname="backend.tests.test_gallery_manifold" name="test_create_and_list_with_manifold_verified_true" time="0.940" /><testcase classname="backend.tests.test_gallery_manifold" name="test_default_manifold_verified_is_false" time="0.379" /><testcase classname="backend.tests.test_gallery_manifold" name="test_manifold_verified_persists_in_my_designs" time="0.443" /><testcase classname="backend.tests.test_install_orca" name="test_pick_appimage_asset_finds_linux_appimage" time="0.000" /><testcase classname="backend.tests.test_install_orca" name="test_pick_appimage_asset_returns_none_when_missing" time="0.000" /><testcase classname="backend.tests.test_install_orca" name="test_arch_check_default_only_accepts_x86_64" time="0.000" /><testcase classname="backend.tests.test_install_orca" name="test_arch_check_force_env_var_overrides" time="0.000" /><testcase classname="backend.tests.test_install_orca" name="test_install_skips_cleanly_on_non_x86_arch" time="0.004" /><testcase classname="backend.tests.test_install_orca" name="test_resolve_appimage_entry_prefers_apprun" time="0.001" /><testcase classname="backend.tests.test_install_orca" name="test_resolve_appimage_entry_finds_bin_orca_slicer" time="0.001" /><testcase classname="backend.tests.test_install_orca" name="test_resolve_appimage_entry_falls_back_to_nested" time="0.001" /><testcase classname="backend.tests.test_install_orca" name="test_resolve_appimage_entry_returns_none_when_nothing_installed" time="0.000" /><testcase classname="backend.tests.test_install_orca" name="test_install_in_progress_reads_lock_file" time="0.001" /><testcase classname="backend.tests.test_install_orca" name="test_install_in_progress_clears_stale_lock" time="0.000" /><testcase classname="backend.tests.test_license_api.TestGalleryLicense" name="test_gallery_post_with_agpl_license_roundtrips" time="0.642" /><testcase classname="backend.tests.test_license_api.TestGalleryLicense" name="test_gallery_post_without_license_defaults_to_cc_by_4" time="0.053" /><testcase classname="backend.tests.test_license_api.TestGalleryLicense" name="test_gallery_get_every_item_has_license_field" time="0.486" /><testcase classname="backend.tests.test_license_api.TestComponentsLicense" name="test_components_post_with_mit_license_roundtrips" time="0.339" /><testcase classname="backend.tests.test_license_api.TestComponentsLicense" name="test_components_post_without_license_defaults_to_cc_by_4" time="0.055" /><testcase classname="backend.tests.test_license_api.TestComponentsLicense" name="test_components_get_every_item_has_license_field" time="0.275" /><testcase classname="backend.tests.test_local_auth.TestRegister" name="test_register_and_login" time="0.766" /><testcase classname="backend.tests.test_local_auth.TestRegister" name="test_register_weak_password_rejected" time="0.366" /><testcase classname="backend.tests.test_local_auth.TestRegister" name="test_register_no_letter_rejected" time="0.110" /><testcase classname="backend.tests.test_local_auth.TestRegister" name="test_duplicate_register_returns_409" time="0.465" /><testcase classname="backend.tests.test_local_auth.TestLogin" name="test_wrong_password_returns_401" time="0.666" /><testcase classname="backend.tests.test_local_auth.TestLogin" name="test_unknown_email_returns_401" time="0.105"><failure message="assert 429 == 401&#10; +  where 429 = &lt;Response [429]&gt;.status_code">backend/tests/test_local_auth.py:88: in test_unknown_email_returns_401
    assert r.status_code == 401
E   assert 429 == 401
E    +  where 429 = &lt;Response [429]&gt;.status_code</failure></testcase><testcase classname="backend.tests.test_local_auth.TestProfileUpdate" name="test_update_profile_fields_and_shares" time="0.420" /><testcase classname="backend.tests.test_local_auth.TestForgotPassword" name="test_forgot_password_known_and_unknown_both_200" time="0.831" /><testcase classname="backend.tests.test_local_auth.TestForgotPassword" name="test_reset_with_invalid_token_400" time="0.119" /><testcase classname="backend.tests.test_local_auth.TestMagicLink" name="test_magic_link_request_always_200" time="0.104" /><testcase classname="backend.tests.test_local_auth.TestMagicLink" name="test_consume_invalid_token" time="0.109" /><testcase classname="backend.tests.test_local_auth.TestAuthMeShape" name="test_me_contains_share_toggles_for_new_user" time="0.381" /><testcase classname="backend.tests.test_local_auth_e2e.TestPasswordResetRoundTrip" name="test_full_reset_flow_with_injected_token" time="1.486" /><testcase classname="backend.tests.test_local_auth_e2e.TestPasswordResetRoundTrip" name="test_expired_token_rejected" time="0.482" /><testcase classname="backend.tests.test_local_auth_e2e.TestMagicLinkRoundTrip" name="test_full_magic_link_flow_with_injected_token" time="69.166" /><testcase classname="backend.tests.test_local_auth_e2e.TestPasswordResetInvalidatesSessions" name="test_old_session_dies_after_reset" time="0.884" /><testcase classname="backend.tests.test_material_toys_api.TestGalleryMaterial" name="test_default_material_is_pla" time="0.117" /><testcase classname="backend.tests.test_material_toys_api.TestGalleryMaterial" name="test_create_petg_roundtrips" time="0.555" /><testcase classname="backend.tests.test_material_toys_api.TestGalleryMaterial" name="test_create_abs_roundtrips" time="0.050" /><testcase classname="backend.tests.test_material_toys_api.TestGalleryMaterial" name="test_filter_by_material_petg" time="0.098" /><testcase classname="backend.tests.test_material_toys_api.TestGalleryMaterial" name="test_filter_by_material_pla" time="0.330" /><testcase classname="backend.tests.test_material_toys_api.TestGalleryMaterial" name="test_list_unfiltered_returns_all" time="0.471" /><testcase classname="backend.tests.test_material_toys_api.TestGalleryMaterial" name="test_cleanup" time="0.144" /><testcase classname="backend.tests.test_material_toys_api.TestComponentsToysCategory" name="test_create_toy_component" time="0.053" /><testcase classname="backend.tests.test_material_toys_api.TestComponentsToysCategory" name="test_toy_appears_in_list" time="0.279" /><testcase classname="backend.tests.test_material_toys_api.TestComponentsToysCategory" name="test_cleanup" time="1.202" /><testcase classname="backend.tests.test_mine_filter.TestMineFilter" name="test_gallery_mine_unauthenticated_returns_empty" time="0.114" /><testcase classname="backend.tests.test_mine_filter.TestMineFilter" name="test_components_mine_unauthenticated_returns_empty" time="0.104" /><testcase classname="backend.tests.test_mine_filter.TestMineFilter" name="test_gallery_public_listing_still_works" time="0.650" /><testcase classname="backend.tests.test_mine_filter.TestMineFilter" name="test_components_public_listing_still_works" time="0.384" /><testcase classname="backend.tests.test_mine_filter.TestMineFilter" name="test_components_public_listing_with_filters_still_works" time="0.100" /><testcase classname="backend.tests.test_orca_engine" name="test_orca_status_returns_well_formed_payload" time="0.114" /><testcase classname="backend.tests.test_orca_engine" name="test_orca_slice_returns_503_when_engine_missing" time="0.245" /><testcase classname="backend.tests.test_orca_fallback_preset" name="test_fallback_constants_match_known_orca_presets" time="0.000" /><testcase classname="backend.tests.test_orca_fallback_preset" name="test_resolve_fallback_preset_returns_flat_chain_for_machine" time="0.001" /><testcase classname="backend.tests.test_orca_fallback_preset" name="test_resolve_fallback_preset_returns_process_preset" time="0.001" /><testcase classname="backend.tests.test_orca_fallback_preset" name="test_resolve_fallback_preset_returns_filament_preset" time="0.001" /><testcase classname="backend.tests.test_orca_fallback_preset" name="test_load_system_preset_raises_when_inherits_target_missing" time="0.001" /><testcase classname="backend.tests.test_orca_profile_staging" name="test_stage_user_profile_stamps_all_required_metadata_for_empty_inputs" time="0.000" /><testcase classname="backend.tests.test_orca_profile_staging" name="test_stage_user_profile_normalises_type_for_each_kind" time="0.000" /><testcase classname="backend.tests.test_orca_profile_staging" name="test_stage_user_profile_strips_metadata_overrides_then_restamps" time="0.000" /><testcase classname="backend.tests.test_orca_profile_staging" name="test_stage_user_profile_carries_base_keys_through" time="0.000" /><testcase classname="backend.tests.test_orca_profile_staging" name="test_stage_user_profile_metadata_keys_come_FIRST" time="0.000" /><testcase classname="backend.tests.test_orca_profile_staging" name="test_stage_user_profile_serialises_to_orca_valid_json" time="0.000" /><testcase classname="backend.tests.test_orca_profile_staging" name="test_orca_stringify_handles_python_scalars" time="0.000" /><testcase classname="backend.tests.test_orca_profile_staging" name="test_orca_stringify_recurses_into_lists" time="0.000" /><testcase classname="backend.tests.test_orca_profile_staging" name="test_stage_user_profile_sovol_sv06_ace_reproduces_production_input" time="0.000" /><testcase classname="backend.tests.test_orca_profile_staging" name="test_stage_user_profile_process_profile_stringifies_layer_height" time="0.000" /><testcase classname="backend.tests.test_printers_api.TestPrintersCrud" name="test_create_printer" time="0.112" /><testcase classname="backend.tests.test_printers_api.TestPrintersCrud" name="test_list_printers" time="0.051" /><testcase classname="backend.tests.test_printers_api.TestPrintersCrud" name="test_use_increments" time="0.161" /><testcase classname="backend.tests.test_printers_api.TestPrintersCrud" name="test_use_404" time="0.062" /><testcase classname="backend.tests.test_printers_api.TestPrintersCrud" name="test_upvote_increments" time="0.160" /><testcase classname="backend.tests.test_printers_api.TestPrintersCrud" name="test_upvote_404" time="0.049" /><testcase classname="backend.tests.test_printers_api.TestPrintersCrud" name="test_list_sort_order_top_voted_first" time="0.110" /><testcase classname="backend.tests.test_printers_api.TestPrintersCrud" name="test_delete_printer" time="0.112" /><testcase classname="backend.tests.test_printers_api.TestPrintersCrud" name="test_delete_404" time="0.272" /><testcase classname="backend.tests.test_voice_command.TestVoiceCommand" name="test_add_cube_with_dims" time="2.487" /><testcase classname="backend.tests.test_voice_command.TestVoiceCommand" name="test_translate_right" time="6.780" /><testcase classname="backend.tests.test_voice_command.TestVoiceCommand" name="test_rotate_y" time="0.934" /><testcase classname="backend.tests.test_voice_command.TestVoiceCommand" name="test_boolean_subtract" time="1.697" /><testcase classname="backend.tests.test_voice_command.TestVoiceCommand" name="test_delete" time="1.377" /><testcase classname="backend.tests.test_voice_command.TestVoiceCommand" name="test_export_stl" time="0.851" /><testcase classname="backend.tests.test_voice_command.TestVoiceCommand" name="test_save_component_dialog" time="1.082" /><testcase classname="backend.tests.test_voice_command.TestVoiceCommand" name="test_nonsense_returns_unknown_not_500" time="1.433" /><testcase classname="backend.tests.test_voice_command.TestVoiceCommand" name="test_empty_transcript_returns_400" time="0.103" /><testcase classname="backend.tests.test_voice_command.TestRegression" name="test_gallery_list" time="0.551" /><testcase classname="backend.tests.test_voice_command.TestRegression" name="test_components_list" time="0.349" /><testcase classname="backend.tests.test_voice_command.TestRegression" name="test_printers_list" time="0.106" /><testcase classname="backend.tests.test_voice_command.TestRegression" name="test_root_ok" time="0.105" /></testsuite></testsuites>