<?xml version="1.0" encoding="utf-8"?><testsuites name="pytest tests"><testsuite name="pytest" errors="0" failures="0" skipped="0" tests="23" time="0.849" timestamp="2026-07-13T03:31:39.223559+00:00" hostname="agent-env-daa8bbd0-7e1b-41e9-85fb-13fc2c4f8cf6"><testcase classname="tests.test_mesh_optimize.TestDecimatePresets" name="test_presets_are_registered" time="0.000" /><testcase classname="tests.test_mesh_optimize.TestDecimatePresets" name="test_decimate_returns_stl_at_or_under_target[mini]" time="0.014" /><testcase classname="tests.test_mesh_optimize.TestDecimatePresets" name="test_decimate_returns_stl_at_or_under_target[functional]" time="0.011" /><testcase classname="tests.test_mesh_optimize.TestDecimatePresets" name="test_decimate_returns_stl_at_or_under_target[low_poly]" time="0.010" /><testcase classname="tests.test_mesh_optimize.TestDecimatePresets" name="test_decimate_rejects_unknown_preset" time="0.002" /><testcase classname="tests.test_mesh_optimize.TestDecimatePresets" name="test_decimate_never_zeroes_the_mesh" time="0.002" /><testcase classname="tests.test_mesh_optimize.TestAutoBase" name="test_cylinder_adds_footprint" time="0.021" /><testcase classname="tests.test_mesh_optimize.TestAutoBase" name="test_rectangle_shape" time="0.016" /><testcase classname="tests.test_mesh_optimize.TestAutoBase" name="test_rejects_bad_shape" time="0.002" /><testcase classname="tests.test_mesh_optimize.TestAutoBase" name="test_rejects_bad_thickness[0.1]" time="0.002" /><testcase classname="tests.test_mesh_optimize.TestAutoBase" name="test_rejects_bad_thickness[25.0]" time="0.002" /><testcase classname="tests.test_mesh_optimize.TestAutoBase" name="test_rejects_bad_thickness[-1.0]" time="0.002" /><testcase classname="tests.test_mesh_optimize.TestAutoBase" name="test_rejects_bad_margin[-0.5]" time="0.002" /><testcase classname="tests.test_mesh_optimize.TestAutoBase" name="test_rejects_bad_margin[25.0]" time="0.002" /><testcase classname="tests.test_mesh_optimize.TestThinWallDetector" name="test_thin_plate_flagged" time="0.004" /><testcase classname="tests.test_mesh_optimize.TestThinWallDetector" name="test_bulky_sphere_not_flagged" time="0.078" /><testcase classname="tests.test_mesh_optimize.TestThinWallDetector" name="test_micro_mesh_bails_silently" time="0.000" /><testcase classname="tests.test_mesh_optimize.TestThickenWalls" name="test_offset_grows_bbox" time="0.051" /><testcase classname="tests.test_mesh_optimize.TestThickenWalls" name="test_thickened_plate_clears_thin_wall_detector" time="0.014" /><testcase classname="tests.test_mesh_optimize.TestThickenWalls" name="test_rejects_bad_offset[0.0]" time="0.001" /><testcase classname="tests.test_mesh_optimize.TestThickenWalls" name="test_rejects_bad_offset[-0.1]" time="0.001" /><testcase classname="tests.test_mesh_optimize.TestThickenWalls" name="test_rejects_bad_offset[10.0]" time="0.001" /><testcase classname="tests.test_mesh_optimize.TestThickenWalls" name="test_pre_decimation_marker" time="0.037" /></testsuite></testsuites>