<?xml version="1.0" encoding="utf-8"?><testsuites name="pytest tests"><testsuite name="pytest" errors="0" failures="1" skipped="0" tests="202" time="74.426" timestamp="2026-06-19T00:43:32.997803+00:00" hostname="agent-env-daa8bbd0-7e1b-41e9-85fb-13fc2c4f8cf6"><testcase classname="tests.test_admin.TestAuthGuards" name="test_admin_me_requires_auth" time="0.261" /><testcase classname="tests.test_admin.TestAuthGuards" name="test_admin_endpoints_403_for_regular_user" time="0.511" /><testcase classname="tests.test_admin.TestAuthGuards" name="test_admin_can_access_basic_endpoints" time="0.562" /><testcase classname="tests.test_admin.TestAuthGuards" name="test_regular_admin_cannot_promote" time="0.948" /><testcase classname="tests.test_admin.TestAuthGuards" name="test_super_admin_can_promote" time="0.746" /><testcase classname="tests.test_admin.TestAIQuotaOverride" name="test_set_quota_within_range" time="0.711" /><testcase classname="tests.test_admin.TestAIQuotaOverride" name="test_quota_over_300_rejected" time="0.722" /><testcase classname="tests.test_admin.TestAIQuotaOverride" name="test_quota_zero_rejected" time="0.732" /><testcase classname="tests.test_admin.TestAIQuotaOverride" name="test_clear_quota_with_null" time="0.830" /><testcase classname="tests.test_admin.TestAIQuotaOverride" name="test_quota_applies_to_user_endpoint" time="0.755" /><testcase classname="tests.test_admin.TestAuditLog" name="test_quota_change_writes_audit" time="0.708" /><testcase classname="tests.test_admin.TestAuditLog" name="test_audit_lists_newest_first" time="0.827" /><testcase classname="tests.test_admin.TestBanFlow" name="test_ban_kills_sessions" time="0.834" /><testcase classname="tests.test_admin.TestBanFlow" name="test_cannot_ban_self" time="0.379" /><testcase classname="tests.test_admin.TestAnalytics" name="test_analytics_shape" time="0.423" /><testcase classname="tests.test_auth_api.TestAuthEndpoints" name="test_me_requires_auth" time="0.093" /><testcase classname="tests.test_auth_api.TestAuthEndpoints" name="test_me_returns_user_with_bearer" time="0.114" /><testcase classname="tests.test_auth_api.TestAuthEndpoints" name="test_logout_invalidates_session" time="0.384" /><testcase classname="tests.test_auth_api.TestAuthEndpoints" name="test_exchange_rejects_blank_session_id" time="0.103" /><testcase classname="tests.test_auth_api.TestPrivateLibraries" name="test_my_designs_empty_for_new_user" time="0.108" /><testcase classname="tests.test_auth_api.TestPrivateLibraries" name="test_my_components_empty_for_new_user" time="0.104" /><testcase classname="tests.test_auth_api.TestPrivateLibraries" name="test_private_design_is_hidden_from_public" time="0.807" /><testcase classname="tests.test_auth_api.TestPrivateLibraries" name="test_owner_can_delete_their_design" time="0.320" /><testcase classname="tests.test_auth_api.TestLegacyMigration" name="test_public_legacy_items_have_legacy_prefix" time="0.555" /><testcase classname="tests.test_auth_components_extra.TestPrivateComponents" name="test_private_component_hidden_and_in_me" time="0.531" /><testcase classname="tests.test_auth_components_extra.TestPrivateComponents" name="test_logged_in_author_overrides_payload" time="0.104" /><testcase classname="tests.test_auth_components_extra.TestAnonymousRegression" name="test_gallery_anonymous_listing" time="0.583" /><testcase classname="tests.test_auth_components_extra.TestAnonymousRegression" name="test_components_anonymous_listing" time="0.321" /><testcase classname="tests.test_auth_components_extra.TestAnonymousRegression" name="test_printers_anonymous_listing" time="0.120" /><testcase classname="tests.test_auth_components_extra.TestAnonymousRegression" name="test_anonymous_gallery_post_uses_free_text_author" time="0.201" /><testcase classname="tests.test_auth_components_extra.TestAnonymousRegression" name="test_me_endpoints_require_auth" time="0.190" /><testcase classname="tests.test_author_profile.TestAuthorProfileEndpoint" name="test_404_for_unknown_user" time="0.102" /><testcase classname="tests.test_author_profile.TestAuthorProfileEndpoint" name="test_user_without_shares_omits_optional_fields" time="0.436" /><testcase classname="tests.test_author_profile.TestAuthorProfileEndpoint" name="test_user_with_shares_includes_only_shared_fields" time="0.468" /><testcase classname="tests.test_author_profile.TestAuthorProfileEndpoint" name="test_never_leaks_sensitive_fields" time="0.428" /><testcase classname="tests.test_author_profile.TestAuthorProfileEndpoint" name="test_partial_share_only_shows_enabled_fields" time="0.423" /><testcase classname="tests.test_author_profile.TestAuthorDesignsComponents" name="test_404_designs_for_unknown_user" time="0.096" /><testcase classname="tests.test_author_profile.TestAuthorDesignsComponents" name="test_404_components_for_unknown_user" time="0.101" /><testcase classname="tests.test_author_profile.TestAuthorDesignsComponents" name="test_designs_returns_list_for_new_user" time="0.415" /><testcase classname="tests.test_author_profile.TestAuthorDesignsComponents" name="test_components_returns_list_for_new_user" time="0.435" /><testcase classname="tests.test_billing" name="test_packages_endpoint_returns_catalog" time="0.097" /><testcase classname="tests.test_billing" name="test_checkout_rejects_unknown_package" time="0.372" /><testcase classname="tests.test_billing" name="test_checkout_creates_session_and_returns_url" time="0.775" /><testcase classname="tests.test_billing" name="test_status_endpoint_404s_for_unknown_session" time="0.105" /><testcase classname="tests.test_billing" name="test_subscription_tier_default_is_free_on_me" time="0.372" /><testcase classname="tests.test_components_p1.TestVerifiedField" name="test_create_component_defaults_verified_false" time="0.178" /><testcase classname="tests.test_components_p1.TestVerifiedField" name="test_list_components_returns_verified_field" time="0.543" /><testcase classname="tests.test_components_p1.TestExpandedCategories" name="test_each_new_category_accepted[fasteners]" time="0.139" /><testcase classname="tests.test_components_p1.TestExpandedCategories" name="test_each_new_category_accepted[electronics]" time="0.145" /><testcase classname="tests.test_components_p1.TestExpandedCategories" name="test_each_new_category_accepted[brackets]" time="0.168" /><testcase classname="tests.test_components_p1.TestExpandedCategories" name="test_each_new_category_accepted[hinges]" time="0.143" /><testcase classname="tests.test_components_p1.TestExpandedCategories" name="test_each_new_category_accepted[gears]" time="0.184" /><testcase classname="tests.test_components_p1.TestExpandedCategories" name="test_each_new_category_accepted[decorative]" time="0.145" /><testcase classname="tests.test_components_p1.TestExpandedCategories" name="test_each_new_category_accepted[organizers]" time="0.167" /><testcase classname="tests.test_components_p1.TestExpandedCategories" name="test_each_new_category_accepted[miniatures]" time="0.144" /><testcase classname="tests.test_components_p1.TestExpandedCategories" name="test_each_new_category_accepted[structural]" time="0.145" /><testcase classname="tests.test_components_p1.TestExpandedCategories" name="test_unknown_category_falls_back_to_misc" time="0.166" /><testcase classname="tests.test_components_p1.TestExpandedCategories" name="test_legacy_categories_still_accepted" time="0.451" /><testcase classname="tests.test_components_p1.TestVerifyEndpointGate" name="test_verify_returns_403_when_admin_emails_unset" time="0.185" /><testcase classname="tests.test_components_p1.TestVerifyEndpointGate" name="test_verify_gate_even_with_bearer_token" time="0.202" /><testcase classname="tests.test_components_p1.TestListSortContainsVerifiedField" name="test_list_components_has_verified_field_on_every_item" time="0.425" /><testcase classname="tests.test_email_status.TestEmailStatus" name="test_endpoint_returns_expected_shape" time="0.109" /><testcase classname="tests.test_email_status.TestEmailStatus" name="test_endpoint_is_publicly_accessible" time="0.108" /><testcase classname="tests.test_gallery_api.TestRoot" name="test_api_root" time="0.105" /><testcase classname="tests.test_gallery_api.TestGalleryCrud" name="test_create_gallery_item" time="0.050" /><testcase classname="tests.test_gallery_api.TestGalleryCrud" name="test_list_gallery_contains_created" time="0.612" /><testcase classname="tests.test_gallery_api.TestGalleryCrud" name="test_download_gallery_stl" time="0.053" /><testcase classname="tests.test_gallery_api.TestGalleryCrud" name="test_download_increments_counter" time="0.639" /><testcase classname="tests.test_gallery_api.TestGalleryCrud" name="test_download_404_on_missing" time="0.051" /><testcase classname="tests.test_gallery_api.TestGalleryCrud" name="test_delete_gallery_item" time="0.095" /><testcase classname="tests.test_gallery_api.TestGalleryCrud" name="test_delete_missing_returns_404" time="0.045" /><testcase classname="tests.test_gallery_api.TestRemixLineage" name="test_create_parent" time="0.049" /><testcase classname="tests.test_gallery_api.TestRemixLineage" name="test_create_remix_increments_parent" time="0.672" /><testcase classname="tests.test_gallery_api.TestRemixLineage" name="test_cleanup" time="0.793" /><testcase classname="tests.test_gallery_manifold" name="test_create_and_list_with_manifold_verified_true" time="0.961" /><testcase classname="tests.test_gallery_manifold" name="test_default_manifold_verified_is_false" time="0.390" /><testcase classname="tests.test_gallery_manifold" name="test_manifold_verified_persists_in_my_designs" time="0.419" /><testcase classname="tests.test_iter15_smoke.TestOrca" name="test_status_returns_installed_true_on_arm64" time="0.101"><failure message="AssertionError: expected non-empty version banner&#10;assert None&#10; +  where None = &lt;built-in method get of dict object at 0xfbaff8073080&gt;('version')&#10; +    where &lt;built-in method get of dict object at 0xfbaff8073080&gt; = {'arch': 'aarch64', 'binary_path': '/app/backend/bin/orca-aarch64/OrcaSlicer', 'build_in_progress': False, 'detail': None, ...}.get">E   AssertionError: expected non-empty version banner
    assert None
     +  where None = &lt;built-in method get of dict object at 0xfbaff8073080&gt;('version')
     +    where &lt;built-in method get of dict object at 0xfbaff8073080&gt; = {'arch': 'aarch64', 'binary_path': '/app/backend/bin/orca-aarch64/OrcaSlicer', 'build_in_progress': False, 'detail': None, ...}.get</failure></testcase><testcase classname="tests.test_iter15_smoke.TestOrca" name="test_progress_unknown_job_returns_404" time="0.118" /><testcase classname="tests.test_iter15_smoke.TestPublicLists" name="test_components_list" time="0.394" /><testcase classname="tests.test_iter15_smoke.TestPublicLists" name="test_gallery_list" time="0.559" /><testcase classname="tests.test_iter15_smoke.TestPublicLists" name="test_printers_list" time="0.100" /><testcase classname="tests.test_iter15_smoke.TestPublicLists" name="test_billing_packages" time="0.094" /><testcase classname="tests.test_iter15_smoke.TestPublicLists" name="test_auth_email_status_anonymous" time="0.116" /><testcase classname="tests.test_iter15_smoke.TestComponentSaveToShareAnonymous" name="test_save_pitman_arm_like_payload" time="15.661" /><testcase classname="tests.test_iter15_smoke.TestVoiceCommand" name="test_voice_command_intent" time="1.236" /><testcase classname="tests.test_iter90_moderation_and_suggestions" name="test_moderation_endpoints_admin_only" time="0.340" /><testcase classname="tests.test_iter90_moderation_and_suggestions" name="test_moderation_endpoints_reject_non_admin" time="0.125" /><testcase classname="tests.test_iter90_moderation_and_suggestions" name="test_moderation_lists_flagged" time="0.110" /><testcase classname="tests.test_iter90_moderation_and_suggestions" name="test_moderation_clear_flags" time="0.111" /><testcase classname="tests.test_iter90_moderation_and_suggestions" name="test_moderation_unpublish_keeps_row" time="0.115" /><testcase classname="tests.test_iter90_moderation_and_suggestions" name="test_moderation_delete_removes_row" time="0.105" /><testcase classname="tests.test_iter90_moderation_and_suggestions" name="test_submit_suggestion_unauth" time="0.099" /><testcase classname="tests.test_iter90_moderation_and_suggestions" name="test_submit_suggestion_happy_path" time="0.151" /><testcase classname="tests.test_iter90_moderation_and_suggestions" name="test_submit_suggestion_rate_limit" time="0.108" /><testcase classname="tests.test_iter90_moderation_and_suggestions" name="test_admin_can_resolve_suggestion" time="0.253" /><testcase classname="tests.test_iter90_moderation_and_suggestions" name="test_admin_can_reject_suggestion" time="0.211" /><testcase classname="tests.test_iter90_moderation_and_suggestions" name="test_admin_list_suggestions_admin_only" time="0.121" /><testcase classname="tests.test_local_auth.TestRegister" name="test_register_and_login" time="0.683" /><testcase classname="tests.test_local_auth.TestRegister" name="test_register_weak_password_rejected" time="0.094" /><testcase classname="tests.test_local_auth.TestRegister" name="test_register_no_letter_rejected" time="0.111" /><testcase classname="tests.test_local_auth.TestRegister" name="test_duplicate_register_returns_409" time="0.443" /><testcase classname="tests.test_local_auth.TestLogin" name="test_wrong_password_returns_401" time="0.640" /><testcase classname="tests.test_local_auth.TestLogin" name="test_unknown_email_returns_401" time="0.131" /><testcase classname="tests.test_local_auth.TestProfileUpdate" name="test_update_profile_fields_and_shares" time="0.362" /><testcase classname="tests.test_local_auth.TestForgotPassword" name="test_forgot_password_known_and_unknown_both_200" time="0.772" /><testcase classname="tests.test_local_auth.TestForgotPassword" name="test_reset_with_invalid_token_400" time="0.107" /><testcase classname="tests.test_local_auth.TestMagicLink" name="test_magic_link_request_always_200" time="0.101" /><testcase classname="tests.test_local_auth.TestMagicLink" name="test_consume_invalid_token" time="0.095" /><testcase classname="tests.test_local_auth.TestAuthMeShape" name="test_me_contains_share_toggles_for_new_user" time="0.368" /><testcase classname="tests.test_local_auth_e2e.TestPasswordResetRoundTrip" name="test_full_reset_flow_with_injected_token" time="1.408" /><testcase classname="tests.test_local_auth_e2e.TestPasswordResetRoundTrip" name="test_expired_token_rejected" time="0.421" /><testcase classname="tests.test_local_auth_e2e.TestMagicLinkRoundTrip" name="test_full_magic_link_flow_with_injected_token" time="0.579" /><testcase classname="tests.test_local_auth_e2e.TestPasswordResetInvalidatesSessions" name="test_old_session_dies_after_reset" time="0.758" /><testcase classname="tests.test_material_toys_api.TestGalleryMaterial" name="test_default_material_is_pla" time="0.198" /><testcase classname="tests.test_material_toys_api.TestGalleryMaterial" name="test_create_petg_roundtrips" time="0.622" /><testcase classname="tests.test_material_toys_api.TestGalleryMaterial" name="test_create_abs_roundtrips" time="0.053" /><testcase classname="tests.test_material_toys_api.TestGalleryMaterial" name="test_filter_by_material_petg" time="0.104" /><testcase classname="tests.test_material_toys_api.TestGalleryMaterial" name="test_filter_by_material_pla" time="0.388" /><testcase classname="tests.test_material_toys_api.TestGalleryMaterial" name="test_list_unfiltered_returns_all" time="0.544" /><testcase classname="tests.test_material_toys_api.TestGalleryMaterial" name="test_cleanup" time="0.182" /><testcase classname="tests.test_material_toys_api.TestComponentsToysCategory" name="test_create_toy_component" time="0.053" /><testcase classname="tests.test_material_toys_api.TestComponentsToysCategory" name="test_toy_appears_in_list" time="0.293" /><testcase classname="tests.test_material_toys_api.TestComponentsToysCategory" name="test_cleanup" time="1.064" /><testcase classname="tests.test_mine_filter.TestMineFilter" name="test_gallery_mine_unauthenticated_returns_empty" time="0.101" /><testcase classname="tests.test_mine_filter.TestMineFilter" name="test_components_mine_unauthenticated_returns_empty" time="0.096" /><testcase classname="tests.test_mine_filter.TestMineFilter" name="test_gallery_public_listing_still_works" time="0.556" /><testcase classname="tests.test_mine_filter.TestMineFilter" name="test_components_public_listing_still_works" time="0.392" /><testcase classname="tests.test_mine_filter.TestMineFilter" name="test_components_public_listing_with_filters_still_works" time="0.097" /><testcase classname="tests.test_printers_api.TestPrintersCrud" name="test_create_printer" time="0.094" /><testcase classname="tests.test_printers_api.TestPrintersCrud" name="test_list_printers" time="0.043" /><testcase classname="tests.test_printers_api.TestPrintersCrud" name="test_use_increments" time="0.137" /><testcase classname="tests.test_printers_api.TestPrintersCrud" name="test_use_404" time="0.045" /><testcase classname="tests.test_printers_api.TestPrintersCrud" name="test_upvote_increments" time="0.132" /><testcase classname="tests.test_printers_api.TestPrintersCrud" name="test_upvote_404" time="0.047" /><testcase classname="tests.test_printers_api.TestPrintersCrud" name="test_list_sort_order_top_voted_first" time="0.090" /><testcase classname="tests.test_printers_api.TestPrintersCrud" name="test_delete_printer" time="0.124" /><testcase classname="tests.test_printers_api.TestPrintersCrud" name="test_delete_404" time="0.295" /><testcase classname="tests.test_shared_printers" name="test_browse_anonymous_ok" time="0.106" /><testcase classname="tests.test_shared_printers" name="test_publish_unpublish_roundtrip" time="0.515" /><testcase classname="tests.test_shared_printers" name="test_publish_404_for_other_users_printer" time="0.235" /><testcase classname="tests.test_shared_printers" name="test_publish_unauthenticated" time="0.100" /><testcase classname="tests.test_shared_printers" name="test_clone_copies_into_caller_namespace" time="0.417" /><testcase classname="tests.test_shared_printers" name="test_clone_404_if_not_published" time="0.226" /><testcase classname="tests.test_shared_printers" name="test_clone_requires_auth" time="0.267" /><testcase classname="tests.test_shared_printers" name="test_browse_filter_by_printer_model" time="0.346" /><testcase classname="tests.test_shared_printers" name="test_flag_increments_count" time="0.416" /><testcase classname="tests.test_sso_bridge" name="test_mint_requires_auth" time="0.109" /><testcase classname="tests.test_sso_bridge" name="test_accept_rejects_missing_token" time="0.096" /><testcase classname="tests.test_sso_bridge" name="test_accept_rejects_garbage" time="0.092" /><testcase classname="tests.test_sso_bridge" name="test_accept_rejects_disallowed_iss" time="0.109" /><testcase classname="tests.test_sso_bridge" name="test_accept_rejects_expired" time="0.104" /><testcase classname="tests.test_sso_bridge" name="test_accept_rejects_wrong_secret" time="0.099" /><testcase classname="tests.test_sso_bridge" name="test_accept_upserts_new_user" time="0.102" /><testcase classname="tests.test_sso_bridge" name="test_accept_is_idempotent" time="0.212" /><testcase classname="tests.test_user_printers" name="test_build_profile_from_user_printer_shape" time="0.000" /><testcase classname="tests.test_user_printers" name="test_build_profile_falls_back_to_name_when_model_missing" time="0.000" /><testcase classname="tests.test_user_printers" name="test_list_requires_auth" time="0.098" /><testcase classname="tests.test_user_printers" name="test_create_and_list" time="0.213" /><testcase classname="tests.test_user_printers" name="test_get_404_for_unknown_printer" time="0.106" /><testcase classname="tests.test_user_printers" name="test_update_and_delete" time="0.268" /><testcase classname="tests.test_user_printers" name="test_validation_bounds" time="0.111" /><testcase classname="tests.test_user_printers" name="test_invalid_gcode_flavor_rejected" time="0.110" /><testcase classname="tests.test_user_printers" name="test_slice_unknown_user_printer_returns_404" time="0.214" /><testcase classname="tests.test_user_printers" name="test_slice_user_printer_requires_auth" time="0.259" /><testcase classname="tests.test_user_printers" name="test_slice_with_owned_user_printer_returns_202" time="0.314" /><testcase classname="tests.test_voice_command.TestVoiceCommand" name="test_add_cube_with_dims" time="0.843" /><testcase classname="tests.test_voice_command.TestVoiceCommand" name="test_translate_right" time="0.852" /><testcase classname="tests.test_voice_command.TestVoiceCommand" name="test_rotate_y" time="1.180" /><testcase classname="tests.test_voice_command.TestVoiceCommand" name="test_boolean_subtract" time="0.742" /><testcase classname="tests.test_voice_command.TestVoiceCommand" name="test_delete" time="0.673" /><testcase classname="tests.test_voice_command.TestVoiceCommand" name="test_export_stl" time="0.678" /><testcase classname="tests.test_voice_command.TestVoiceCommand" name="test_save_component_dialog" time="0.739" /><testcase classname="tests.test_voice_command.TestVoiceCommand" name="test_nonsense_returns_unknown_not_500" time="0.661" /><testcase classname="tests.test_voice_command.TestVoiceCommand" name="test_empty_transcript_returns_400" time="0.100" /><testcase classname="tests.test_voice_command.TestRegression" name="test_gallery_list" time="0.704" /><testcase classname="tests.test_voice_command.TestRegression" name="test_components_list" time="0.321" /><testcase classname="tests.test_voice_command.TestRegression" name="test_printers_list" time="0.094" /><testcase classname="tests.test_voice_command.TestRegression" name="test_root_ok" time="0.150" /><testcase classname="tests.test_voice_templates" name="test_to_mm_handles_inches_and_feet" time="0.000" /><testcase classname="tests.test_voice_templates" name="test_kg_from_handles_lbs_and_oz" time="0.000" /><testcase classname="tests.test_voice_templates" name="test_to_mm_rejects_garbage_unit" time="0.000" /><testcase classname="tests.test_voice_templates" name="test_registry_lists_both_templates" time="0.000" /><testcase classname="tests.test_voice_templates" name="test_prompt_descriptions_includes_every_template" time="0.000" /><testcase classname="tests.test_voice_templates" name="test_board_faceplate_pi4_expands_to_plate_holes_cutouts_and_subtract" time="0.000" /><testcase classname="tests.test_voice_templates" name="test_board_faceplate_default_is_minimal_front_panel" time="0.000" /><testcase classname="tests.test_voice_templates" name="test_board_faceplate_unknown_board_raises" time="0.000" /><testcase classname="tests.test_voice_templates" name="test_board_faceplate_can_disable_mount_holes_and_cutouts" time="0.000" /><testcase classname="tests.test_voice_templates" name="test_board_faceplate_thickness_and_border_affect_plate_dims" time="0.000" /><testcase classname="tests.test_voice_templates" name="test_bracket_imperial_inputs_convert_to_mm" time="0.000" /><testcase classname="tests.test_voice_templates" name="test_bracket_includes_gusset_and_screw_holes" time="0.000" /><testcase classname="tests.test_voice_templates" name="test_bracket_plate_thickness_scales_with_load_and_depth" time="0.000" /><testcase classname="tests.test_voice_templates" name="test_bracket_material_petg_is_thinner_than_abs" time="0.000" /><testcase classname="tests.test_voice_templates" name="test_bracket_default_load_when_omitted" time="0.000" /><testcase classname="tests.test_voice_templates_boards" name="test_pi4_default_is_wall_orientation" time="0.000" /><testcase classname="tests.test_voice_templates_boards" name="test_pi4_wall_cutouts_pierce_through_thickness" time="0.000" /><testcase classname="tests.test_voice_templates_boards" name="test_pi4_wall_cutout_z_position_above_bed" time="0.000" /><testcase classname="tests.test_voice_templates_boards" name="test_pi4_wall_width_matches_long_edge_plus_border" time="0.000" /><testcase classname="tests.test_voice_templates_boards" name="test_pi4_tray_orientation_lies_flat" time="0.000" /><testcase classname="tests.test_voice_templates_boards" name="test_pi4_tray_mount_holes_when_requested" time="0.000" /><testcase classname="tests.test_voice_templates_boards" name="test_skip_plate_emits_only_negatives" time="0.000" /><testcase classname="tests.test_voice_templates_boards" name="test_wall_only_uses_first_face" time="0.002" /></testsuite></testsuites>