<?xml version="1.0" encoding="utf-8"?><testsuites name="pytest tests"><testsuite name="pytest" errors="0" failures="0" skipped="0" tests="64" time="22.546" timestamp="2026-07-12T23:13:47.784362+00:00" hostname="agent-env-daa8bbd0-7e1b-41e9-85fb-13fc2c4f8cf6"><testcase classname="tests.test_mesh_optimize.TestDecimatePresets" name="test_presets_are_registered" time="0.000" /><testcase classname="tests.test_mesh_optimize.TestDecimatePresets" name="test_decimate_returns_stl_at_or_under_target[mini]" time="0.013" /><testcase classname="tests.test_mesh_optimize.TestDecimatePresets" name="test_decimate_returns_stl_at_or_under_target[functional]" time="0.011" /><testcase classname="tests.test_mesh_optimize.TestDecimatePresets" name="test_decimate_returns_stl_at_or_under_target[low_poly]" time="0.009" /><testcase classname="tests.test_mesh_optimize.TestDecimatePresets" name="test_decimate_rejects_unknown_preset" time="0.002" /><testcase classname="tests.test_mesh_optimize.TestDecimatePresets" name="test_decimate_never_zeroes_the_mesh" time="0.002" /><testcase classname="tests.test_mesh_optimize.TestAutoBase" name="test_cylinder_adds_footprint" time="0.022" /><testcase classname="tests.test_mesh_optimize.TestAutoBase" name="test_rectangle_shape" time="0.015" /><testcase classname="tests.test_mesh_optimize.TestAutoBase" name="test_rejects_bad_shape" time="0.003" /><testcase classname="tests.test_mesh_optimize.TestAutoBase" name="test_rejects_bad_thickness[0.1]" time="0.002" /><testcase classname="tests.test_mesh_optimize.TestAutoBase" name="test_rejects_bad_thickness[25.0]" time="0.002" /><testcase classname="tests.test_mesh_optimize.TestAutoBase" name="test_rejects_bad_thickness[-1.0]" time="0.002" /><testcase classname="tests.test_mesh_optimize.TestAutoBase" name="test_rejects_bad_margin[-0.5]" time="0.002" /><testcase classname="tests.test_mesh_optimize.TestAutoBase" name="test_rejects_bad_margin[25.0]" time="0.002" /><testcase classname="tests.test_mesh_optimize.TestThinWallDetector" name="test_thin_plate_flagged" time="0.004" /><testcase classname="tests.test_mesh_optimize.TestThinWallDetector" name="test_bulky_sphere_not_flagged" time="0.149" /><testcase classname="tests.test_mesh_optimize.TestThinWallDetector" name="test_micro_mesh_bails_silently" time="0.009" /><testcase classname="tests.test_admin.TestAuthGuards" name="test_admin_me_requires_auth" time="0.230" /><testcase classname="tests.test_admin.TestAuthGuards" name="test_admin_endpoints_403_for_regular_user" time="0.538" /><testcase classname="tests.test_admin.TestAuthGuards" name="test_admin_can_access_basic_endpoints" time="0.567" /><testcase classname="tests.test_admin.TestAuthGuards" name="test_regular_admin_cannot_promote" time="0.708" /><testcase classname="tests.test_admin.TestAuthGuards" name="test_super_admin_can_promote" time="0.704" /><testcase classname="tests.test_admin.TestAIQuotaOverride" name="test_set_quota_within_range" time="0.718" /><testcase classname="tests.test_admin.TestAIQuotaOverride" name="test_quota_over_300_rejected" time="0.699" /><testcase classname="tests.test_admin.TestAIQuotaOverride" name="test_quota_zero_rejected" time="0.736" /><testcase classname="tests.test_admin.TestAIQuotaOverride" name="test_clear_quota_with_null" time="0.791" /><testcase classname="tests.test_admin.TestAIQuotaOverride" name="test_quota_applies_to_user_endpoint" time="0.790" /><testcase classname="tests.test_admin.TestAuditLog" name="test_quota_change_writes_audit" time="0.739" /><testcase classname="tests.test_admin.TestAuditLog" name="test_audit_lists_newest_first" time="0.799" /><testcase classname="tests.test_admin.TestBanFlow" name="test_ban_kills_sessions" time="0.811" /><testcase classname="tests.test_admin.TestBanFlow" name="test_cannot_ban_self" time="0.374" /><testcase classname="tests.test_admin.TestAnalytics" name="test_analytics_shape" time="0.406" /><testcase classname="tests.test_local_auth.TestRegister" name="test_register_and_login" time="0.700" /><testcase classname="tests.test_local_auth.TestRegister" name="test_register_weak_password_rejected" time="0.123" /><testcase classname="tests.test_local_auth.TestRegister" name="test_register_no_letter_rejected" time="0.093" /><testcase classname="tests.test_local_auth.TestRegister" name="test_duplicate_register_returns_409" time="0.412" /><testcase classname="tests.test_local_auth.TestLogin" name="test_wrong_password_returns_401" time="0.655" /><testcase classname="tests.test_local_auth.TestLogin" name="test_unknown_email_returns_401" time="0.109" /><testcase classname="tests.test_local_auth.TestProfileUpdate" name="test_update_profile_fields_and_shares" time="0.381" /><testcase classname="tests.test_local_auth.TestForgotPassword" name="test_forgot_password_known_and_unknown_both_200" time="0.774" /><testcase classname="tests.test_local_auth.TestForgotPassword" name="test_reset_with_invalid_token_400" time="0.106" /><testcase classname="tests.test_local_auth.TestMagicLink" name="test_magic_link_request_always_200" time="0.103" /><testcase classname="tests.test_local_auth.TestMagicLink" name="test_consume_invalid_token" time="0.102" /><testcase classname="tests.test_local_auth.TestAuthMeShape" name="test_me_contains_share_toggles_for_new_user" time="0.369" /><testcase classname="tests.test_local_auth_e2e.TestPasswordResetRoundTrip" name="test_full_reset_flow_with_injected_token" time="1.416" /><testcase classname="tests.test_local_auth_e2e.TestPasswordResetRoundTrip" name="test_expired_token_rejected" time="0.426" /><testcase classname="tests.test_local_auth_e2e.TestMagicLinkRoundTrip" name="test_full_magic_link_flow_with_injected_token" time="0.603" /><testcase classname="tests.test_local_auth_e2e.TestPasswordResetInvalidatesSessions" name="test_old_session_dies_after_reset" time="0.747" /><testcase classname="tests.test_auth_api.TestAuthEndpoints" name="test_me_requires_auth" time="0.100" /><testcase classname="tests.test_auth_api.TestAuthEndpoints" name="test_me_returns_user_with_bearer" time="0.107" /><testcase classname="tests.test_auth_api.TestAuthEndpoints" name="test_logout_invalidates_session" time="0.310" /><testcase classname="tests.test_auth_api.TestAuthEndpoints" name="test_exchange_rejects_blank_session_id" time="0.099" /><testcase classname="tests.test_auth_api.TestPrivateLibraries" name="test_my_designs_empty_for_new_user" time="0.101" /><testcase classname="tests.test_auth_api.TestPrivateLibraries" name="test_my_components_empty_for_new_user" time="0.104" /><testcase classname="tests.test_auth_api.TestPrivateLibraries" name="test_private_design_is_hidden_from_public" time="0.871" /><testcase classname="tests.test_auth_api.TestPrivateLibraries" name="test_owner_can_delete_their_design" time="0.297" /><testcase classname="tests.test_auth_api.TestLegacyMigration" name="test_public_legacy_items_have_legacy_prefix" time="0.553" /><testcase classname="tests.test_auth_components_extra.TestPrivateComponents" name="test_private_component_hidden_and_in_me" time="0.573" /><testcase classname="tests.test_auth_components_extra.TestPrivateComponents" name="test_logged_in_author_overrides_payload" time="0.116" /><testcase classname="tests.test_auth_components_extra.TestAnonymousRegression" name="test_gallery_anonymous_listing" time="0.606" /><testcase classname="tests.test_auth_components_extra.TestAnonymousRegression" name="test_components_anonymous_listing" time="0.365" /><testcase classname="tests.test_auth_components_extra.TestAnonymousRegression" name="test_printers_anonymous_listing" time="0.116" /><testcase classname="tests.test_auth_components_extra.TestAnonymousRegression" name="test_anonymous_gallery_post_uses_free_text_author" time="0.224" /><testcase classname="tests.test_auth_components_extra.TestAnonymousRegression" name="test_me_endpoints_require_auth" time="0.201" /></testsuite></testsuites>