<?xml version="1.0" encoding="utf-8"?><testsuites name="pytest tests"><testsuite name="pytest" errors="0" failures="0" skipped="0" tests="34" time="4.606" timestamp="2026-06-02T14:00:44.307057+00:00" hostname="agent-env-daa8bbd0-7e1b-41e9-85fb-13fc2c4f8cf6"><testcase classname="tests.test_orca_warnings_extraction" name="test_empty_layer_warning_extracted_and_prefix_stripped" time="0.000" /><testcase classname="tests.test_orca_warnings_extraction" name="test_duplicate_warnings_dedupe" time="0.000" /><testcase classname="tests.test_orca_warnings_extraction" name="test_warnings_capped_at_twelve" time="0.000" /><testcase classname="tests.test_orca_warnings_extraction" name="test_non_warning_log_lines_ignored" time="0.000" /><testcase classname="tests.test_orca_warnings_extraction" name="test_can_not_be_printed_variants" time="0.000" /><testcase classname="tests.test_orca_warnings_extraction" name="test_empty_stdout_returns_empty_list" time="0.000" /><testcase classname="tests.test_orca_async_job" name="test_result_rejects_malformed_job_id" time="0.002" /><testcase classname="tests.test_orca_async_job" name="test_result_returns_404_for_unknown_job" time="0.002" /><testcase classname="tests.test_orca_async_job" name="test_result_returns_202_while_running" time="0.001" /><testcase classname="tests.test_orca_async_job" name="test_result_surfaces_done_payload" time="0.001" /><testcase classname="tests.test_orca_async_job" name="test_result_surfaces_error_with_original_status_code" time="0.001" /><testcase classname="tests.test_orca_async_job" name="test_result_500_when_done_but_no_payload" time="0.001" /><testcase classname="tests.test_orca_async_job" name="test_slice_returns_503_when_engine_missing" time="0.001" /><testcase classname="tests.test_orca_async_job" name="test_slice_returns_400_for_invalid_base64" time="0.002" /><testcase classname="tests.test_orca_async_job" name="test_slice_returns_413_for_oversized_stl" time="0.572" /><testcase classname="tests.test_orca_async_job" name="test_slice_returns_202_with_job_id_when_engine_installed" time="0.002" /><testcase classname="tests.test_orca_async_job" name="test_stale_progress_slots_evicted_after_ttl" time="0.002" /><testcase classname="tests.test_orca_cancel" name="test_cancel_rejects_malformed_id" time="0.001" /><testcase classname="tests.test_orca_cancel" name="test_cancel_unknown_job_returns_404" time="0.001" /><testcase classname="tests.test_orca_cancel" name="test_cancel_running_job_signals_cancellation" time="0.001" /><testcase classname="tests.test_orca_cancel" name="test_cancel_already_done_job_is_idempotent" time="0.001" /><testcase classname="tests.test_orca_cancel" name="test_cancel_when_subprocess_already_exited" time="0.001" /><testcase classname="tests.test_orca_cancel" name="test_cancel_without_proc_handle" time="0.005" /><testcase classname="tests.test_user_printers" name="test_build_profile_from_user_printer_shape" time="0.000" /><testcase classname="tests.test_user_printers" name="test_build_profile_falls_back_to_name_when_model_missing" time="0.000" /><testcase classname="tests.test_user_printers" name="test_list_requires_auth" time="0.334" /><testcase classname="tests.test_user_printers" name="test_create_and_list" time="0.327" /><testcase classname="tests.test_user_printers" name="test_get_404_for_unknown_printer" time="0.126" /><testcase classname="tests.test_user_printers" name="test_update_and_delete" time="0.324" /><testcase classname="tests.test_user_printers" name="test_validation_bounds" time="0.135" /><testcase classname="tests.test_user_printers" name="test_invalid_gcode_flavor_rejected" time="0.111" /><testcase classname="tests.test_user_printers" name="test_slice_unknown_user_printer_returns_404" time="0.314" /><testcase classname="tests.test_user_printers" name="test_slice_user_printer_requires_auth" time="0.242" /><testcase classname="tests.test_user_printers" name="test_slice_with_owned_user_printer_returns_202" time="0.335" /></testsuite></testsuites>