<?xml version="1.0" encoding="utf-8"?><testsuites name="pytest tests"><testsuite name="pytest" errors="0" failures="0" skipped="0" tests="49" time="15.017" timestamp="2026-05-19T03:55:53.221447+00:00" hostname="agent-env-daa8bbd0-7e1b-41e9-85fb-13fc2c4f8cf6"><testcase classname="tests.test_auth_api.TestAuthEndpoints" name="test_me_requires_auth" time="0.261" /><testcase classname="tests.test_auth_api.TestAuthEndpoints" name="test_me_returns_user_with_bearer" time="0.114" /><testcase classname="tests.test_auth_api.TestAuthEndpoints" name="test_logout_invalidates_session" time="0.387" /><testcase classname="tests.test_auth_api.TestAuthEndpoints" name="test_exchange_rejects_blank_session_id" time="0.116" /><testcase classname="tests.test_auth_api.TestPrivateLibraries" name="test_my_designs_empty_for_new_user" time="0.108" /><testcase classname="tests.test_auth_api.TestPrivateLibraries" name="test_my_components_empty_for_new_user" time="0.104" /><testcase classname="tests.test_auth_api.TestPrivateLibraries" name="test_private_design_is_hidden_from_public" time="0.485" /><testcase classname="tests.test_auth_api.TestPrivateLibraries" name="test_owner_can_delete_their_design" time="0.308" /><testcase classname="tests.test_auth_api.TestLegacyMigration" name="test_public_legacy_items_have_legacy_prefix" time="0.251" /><testcase classname="tests.test_auth_components_extra.TestPrivateComponents" name="test_private_component_hidden_and_in_me" time="0.824" /><testcase classname="tests.test_auth_components_extra.TestPrivateComponents" name="test_logged_in_author_overrides_payload" time="0.116" /><testcase classname="tests.test_auth_components_extra.TestAnonymousRegression" name="test_gallery_anonymous_listing" time="0.223" /><testcase classname="tests.test_auth_components_extra.TestAnonymousRegression" name="test_components_anonymous_listing" time="0.484" /><testcase classname="tests.test_auth_components_extra.TestAnonymousRegression" name="test_printers_anonymous_listing" time="0.119" /><testcase classname="tests.test_auth_components_extra.TestAnonymousRegression" name="test_anonymous_gallery_post_uses_free_text_author" time="0.217" /><testcase classname="tests.test_auth_components_extra.TestAnonymousRegression" name="test_me_endpoints_require_auth" time="0.209" /><testcase classname="tests.test_gallery_api.TestRoot" name="test_api_root" time="0.093" /><testcase classname="tests.test_gallery_api.TestGalleryCrud" name="test_create_gallery_item" time="0.047" /><testcase classname="tests.test_gallery_api.TestGalleryCrud" name="test_list_gallery_contains_created" time="0.158" /><testcase classname="tests.test_gallery_api.TestGalleryCrud" name="test_download_gallery_stl" time="0.051" /><testcase classname="tests.test_gallery_api.TestGalleryCrud" name="test_download_increments_counter" time="0.186" /><testcase classname="tests.test_gallery_api.TestGalleryCrud" name="test_download_404_on_missing" time="0.048" /><testcase classname="tests.test_gallery_api.TestGalleryCrud" name="test_delete_gallery_item" time="0.093" /><testcase classname="tests.test_gallery_api.TestGalleryCrud" name="test_delete_missing_returns_404" time="0.048" /><testcase classname="tests.test_gallery_api.TestRemixLineage" name="test_create_parent" time="0.046" /><testcase classname="tests.test_gallery_api.TestRemixLineage" name="test_create_remix_increments_parent" time="0.184" /><testcase classname="tests.test_gallery_api.TestRemixLineage" name="test_cleanup" time="0.338" /><testcase classname="tests.test_printers_api.TestPrintersCrud" name="test_create_printer" time="0.101" /><testcase classname="tests.test_printers_api.TestPrintersCrud" name="test_list_printers" time="0.077" /><testcase classname="tests.test_printers_api.TestPrintersCrud" name="test_use_increments" time="0.151" /><testcase classname="tests.test_printers_api.TestPrintersCrud" name="test_use_404" time="0.053" /><testcase classname="tests.test_printers_api.TestPrintersCrud" name="test_upvote_increments" time="0.144" /><testcase classname="tests.test_printers_api.TestPrintersCrud" name="test_upvote_404" time="0.054" /><testcase classname="tests.test_printers_api.TestPrintersCrud" name="test_list_sort_order_top_voted_first" time="0.098" /><testcase classname="tests.test_printers_api.TestPrintersCrud" name="test_delete_printer" time="0.100" /><testcase classname="tests.test_printers_api.TestPrintersCrud" name="test_delete_404" time="0.263" /><testcase classname="tests.test_voice_command.TestVoiceCommand" name="test_add_cube_with_dims" time="0.993" /><testcase classname="tests.test_voice_command.TestVoiceCommand" name="test_translate_right" time="0.846" /><testcase classname="tests.test_voice_command.TestVoiceCommand" name="test_rotate_y" time="0.855" /><testcase classname="tests.test_voice_command.TestVoiceCommand" name="test_boolean_subtract" time="1.059" /><testcase classname="tests.test_voice_command.TestVoiceCommand" name="test_delete" time="0.730" /><testcase classname="tests.test_voice_command.TestVoiceCommand" name="test_export_stl" time="0.914" /><testcase classname="tests.test_voice_command.TestVoiceCommand" name="test_save_component_dialog" time="0.792" /><testcase classname="tests.test_voice_command.TestVoiceCommand" name="test_nonsense_returns_unknown_not_500" time="0.922" /><testcase classname="tests.test_voice_command.TestVoiceCommand" name="test_empty_transcript_returns_400" time="0.100" /><testcase classname="tests.test_voice_command.TestRegression" name="test_gallery_list" time="0.266" /><testcase classname="tests.test_voice_command.TestRegression" name="test_components_list" time="0.498" /><testcase classname="tests.test_voice_command.TestRegression" name="test_printers_list" time="0.100" /><testcase classname="tests.test_voice_command.TestRegression" name="test_root_ok" time="0.106" /></testsuite></testsuites>