<?xml version="1.0" encoding="utf-8"?><testsuites name="pytest tests"><testsuite name="pytest" errors="0" failures="0" skipped="0" tests="71" time="86.136" timestamp="2026-05-19T15:14:33.376430+00:00" hostname="agent-env-daa8bbd0-7e1b-41e9-85fb-13fc2c4f8cf6"><testcase classname="backend.tests.test_auth_api.TestAuthEndpoints" name="test_me_requires_auth" time="0.174" /><testcase classname="backend.tests.test_auth_api.TestAuthEndpoints" name="test_me_returns_user_with_bearer" time="0.134" /><testcase classname="backend.tests.test_auth_api.TestAuthEndpoints" name="test_logout_invalidates_session" time="0.381" /><testcase classname="backend.tests.test_auth_api.TestAuthEndpoints" name="test_exchange_rejects_blank_session_id" time="0.152" /><testcase classname="backend.tests.test_auth_api.TestPrivateLibraries" name="test_my_designs_empty_for_new_user" time="0.110" /><testcase classname="backend.tests.test_auth_api.TestPrivateLibraries" name="test_my_components_empty_for_new_user" time="0.122" /><testcase classname="backend.tests.test_auth_api.TestPrivateLibraries" name="test_private_design_is_hidden_from_public" time="0.548" /><testcase classname="backend.tests.test_auth_api.TestPrivateLibraries" name="test_owner_can_delete_their_design" time="0.378" /><testcase classname="backend.tests.test_auth_api.TestLegacyMigration" name="test_public_legacy_items_have_legacy_prefix" time="0.301" /><testcase classname="backend.tests.test_auth_components_extra.TestPrivateComponents" name="test_private_component_hidden_and_in_me" time="0.800" /><testcase classname="backend.tests.test_auth_components_extra.TestPrivateComponents" name="test_logged_in_author_overrides_payload" time="0.129" /><testcase classname="backend.tests.test_auth_components_extra.TestAnonymousRegression" name="test_gallery_anonymous_listing" time="0.262" /><testcase classname="backend.tests.test_auth_components_extra.TestAnonymousRegression" name="test_components_anonymous_listing" time="0.661" /><testcase classname="backend.tests.test_auth_components_extra.TestAnonymousRegression" name="test_printers_anonymous_listing" time="0.108" /><testcase classname="backend.tests.test_auth_components_extra.TestAnonymousRegression" name="test_anonymous_gallery_post_uses_free_text_author" time="0.264" /><testcase classname="backend.tests.test_auth_components_extra.TestAnonymousRegression" name="test_me_endpoints_require_auth" time="0.228" /><testcase classname="backend.tests.test_components_p1.TestVerifiedField" name="test_create_component_defaults_verified_false" time="0.160" /><testcase classname="backend.tests.test_components_p1.TestVerifiedField" name="test_list_components_returns_verified_field" time="0.640" /><testcase classname="backend.tests.test_components_p1.TestExpandedCategories" name="test_each_new_category_accepted[fasteners]" time="0.233" /><testcase classname="backend.tests.test_components_p1.TestExpandedCategories" name="test_each_new_category_accepted[electronics]" time="0.162" /><testcase classname="backend.tests.test_components_p1.TestExpandedCategories" name="test_each_new_category_accepted[brackets]" time="0.197" /><testcase classname="backend.tests.test_components_p1.TestExpandedCategories" name="test_each_new_category_accepted[hinges]" time="0.213" /><testcase classname="backend.tests.test_components_p1.TestExpandedCategories" name="test_each_new_category_accepted[gears]" time="0.214" /><testcase classname="backend.tests.test_components_p1.TestExpandedCategories" name="test_each_new_category_accepted[decorative]" time="0.187" /><testcase classname="backend.tests.test_components_p1.TestExpandedCategories" name="test_each_new_category_accepted[organizers]" time="0.200" /><testcase classname="backend.tests.test_components_p1.TestExpandedCategories" name="test_each_new_category_accepted[miniatures]" time="0.189" /><testcase classname="backend.tests.test_components_p1.TestExpandedCategories" name="test_each_new_category_accepted[structural]" time="0.163" /><testcase classname="backend.tests.test_components_p1.TestExpandedCategories" name="test_unknown_category_falls_back_to_misc" time="0.220" /><testcase classname="backend.tests.test_components_p1.TestExpandedCategories" name="test_legacy_categories_still_accepted" time="0.598" /><testcase classname="backend.tests.test_components_p1.TestVerifyEndpointGate" name="test_verify_returns_403_when_admin_emails_unset" time="0.205" /><testcase classname="backend.tests.test_components_p1.TestVerifyEndpointGate" name="test_verify_gate_even_with_bearer_token" time="0.224" /><testcase classname="backend.tests.test_components_p1.TestListSortContainsVerifiedField" name="test_list_components_has_verified_field_on_every_item" time="0.596" /><testcase classname="backend.tests.test_gallery_api.TestRoot" name="test_api_root" time="0.132" /><testcase classname="backend.tests.test_gallery_api.TestGalleryCrud" name="test_create_gallery_item" time="0.078" /><testcase classname="backend.tests.test_gallery_api.TestGalleryCrud" name="test_list_gallery_contains_created" time="0.207" /><testcase classname="backend.tests.test_gallery_api.TestGalleryCrud" name="test_download_gallery_stl" time="0.080" /><testcase classname="backend.tests.test_gallery_api.TestGalleryCrud" name="test_download_increments_counter" time="0.270" /><testcase classname="backend.tests.test_gallery_api.TestGalleryCrud" name="test_download_404_on_missing" time="0.075" /><testcase classname="backend.tests.test_gallery_api.TestGalleryCrud" name="test_delete_gallery_item" time="0.153" /><testcase classname="backend.tests.test_gallery_api.TestGalleryCrud" name="test_delete_missing_returns_404" time="0.078" /><testcase classname="backend.tests.test_gallery_api.TestRemixLineage" name="test_create_parent" time="0.076" /><testcase classname="backend.tests.test_gallery_api.TestRemixLineage" name="test_create_remix_increments_parent" time="0.260" /><testcase classname="backend.tests.test_gallery_api.TestRemixLineage" name="test_cleanup" time="0.732" /><testcase classname="backend.tests.test_license_api.TestGalleryLicense" name="test_gallery_post_with_agpl_license_roundtrips" time="0.346" /><testcase classname="backend.tests.test_license_api.TestGalleryLicense" name="test_gallery_post_without_license_defaults_to_cc_by_4" time="0.088" /><testcase classname="backend.tests.test_license_api.TestGalleryLicense" name="test_gallery_get_every_item_has_license_field" time="0.172" /><testcase classname="backend.tests.test_license_api.TestComponentsLicense" name="test_components_post_with_mit_license_roundtrips" time="0.515" /><testcase classname="backend.tests.test_license_api.TestComponentsLicense" name="test_components_post_without_license_defaults_to_cc_by_4" time="0.072" /><testcase classname="backend.tests.test_license_api.TestComponentsLicense" name="test_components_get_every_item_has_license_field" time="0.432" /><testcase classname="backend.tests.test_printers_api.TestPrintersCrud" name="test_create_printer" time="0.175" /><testcase classname="backend.tests.test_printers_api.TestPrintersCrud" name="test_list_printers" time="0.077" /><testcase classname="backend.tests.test_printers_api.TestPrintersCrud" name="test_use_increments" time="0.249" /><testcase classname="backend.tests.test_printers_api.TestPrintersCrud" name="test_use_404" time="0.077" /><testcase classname="backend.tests.test_printers_api.TestPrintersCrud" name="test_upvote_increments" time="0.277" /><testcase classname="backend.tests.test_printers_api.TestPrintersCrud" name="test_upvote_404" time="0.080" /><testcase classname="backend.tests.test_printers_api.TestPrintersCrud" name="test_list_sort_order_top_voted_first" time="0.168" /><testcase classname="backend.tests.test_printers_api.TestPrintersCrud" name="test_delete_printer" time="0.162" /><testcase classname="backend.tests.test_printers_api.TestPrintersCrud" name="test_delete_404" time="0.338" /><testcase classname="backend.tests.test_voice_command.TestVoiceCommand" name="test_add_cube_with_dims" time="61.492" /><testcase classname="backend.tests.test_voice_command.TestVoiceCommand" name="test_translate_right" time="1.091" /><testcase classname="backend.tests.test_voice_command.TestVoiceCommand" name="test_rotate_y" time="0.942" /><testcase classname="backend.tests.test_voice_command.TestVoiceCommand" name="test_boolean_subtract" time="2.168" /><testcase classname="backend.tests.test_voice_command.TestVoiceCommand" name="test_delete" time="1.219" /><testcase classname="backend.tests.test_voice_command.TestVoiceCommand" name="test_export_stl" time="0.926" /><testcase classname="backend.tests.test_voice_command.TestVoiceCommand" name="test_save_component_dialog" time="0.835" /><testcase classname="backend.tests.test_voice_command.TestVoiceCommand" name="test_nonsense_returns_unknown_not_500" time="1.424" /><testcase classname="backend.tests.test_voice_command.TestVoiceCommand" name="test_empty_transcript_returns_400" time="0.138" /><testcase classname="backend.tests.test_voice_command.TestRegression" name="test_gallery_list" time="0.260" /><testcase classname="backend.tests.test_voice_command.TestRegression" name="test_components_list" time="0.633" /><testcase classname="backend.tests.test_voice_command.TestRegression" name="test_printers_list" time="0.143" /><testcase classname="backend.tests.test_voice_command.TestRegression" name="test_root_ok" time="0.139" /></testsuite></testsuites>