<?xml version="1.0" encoding="utf-8"?><testsuites name="pytest tests"><testsuite name="pytest" errors="0" failures="0" skipped="0" tests="17" time="41.684" timestamp="2026-06-04T00:06:01.520839+00:00" hostname="agent-env-daa8bbd0-7e1b-41e9-85fb-13fc2c4f8cf6"><testcase classname="tests.test_orca_upstream" name="test_machine_path_re_matches_real_examples" time="0.000" /><testcase classname="tests.test_orca_upstream" name="test_skip_patterns_filters_abstract_profiles" time="0.000" /><testcase classname="tests.test_orca_upstream" name="test_parse_quickfields_extracts_build_volume_and_nozzle" time="0.000" /><testcase classname="tests.test_orca_upstream" name="test_parse_quickfields_tolerates_missing_or_malformed" time="0.000" /><testcase classname="tests.test_orca_upstream" name="test_parse_quickfields_multi_nozzle_string" time="0.000" /><testcase classname="tests.test_orca_upstream" name="test_parse_quickfields_multi_nozzle_list_of_strings" time="0.000" /><testcase classname="tests.test_orca_upstream" name="test_upstream_endpoints_reject_anonymous" time="0.392" /><testcase classname="tests.test_orca_upstream" name="test_upstream_endpoints_reject_non_admin" time="0.126" /><testcase classname="tests.test_orca_upstream" name="test_synced_printers_is_public" time="0.113" /><testcase classname="tests.test_orca_upstream" name="test_admin_can_list_pending_deltas" time="0.132" /><testcase classname="tests.test_orca_upstream" name="test_merge_promotes_cached_json_to_synced_printers" time="0.293" /><testcase classname="tests.test_orca_upstream" name="test_dismiss_marks_delta_dismissed" time="0.184" /><testcase classname="tests.test_orca_upstream" name="test_digest_state_endpoint_admin_only" time="0.125" /><testcase classname="tests.test_orca_upstream" name="test_digest_state_endpoint_unauth" time="0.122" /><testcase classname="tests.test_orca_upstream" name="test_digest_state_endpoint_returns_state" time="0.147" /><testcase classname="tests.test_orca_upstream" name="test_digest_send_now_returns_counts" time="39.452" /><testcase classname="tests.test_orca_upstream" name="test_digest_send_now_admin_only" time="0.211" /></testsuite></testsuites>