<?xml version="1.0" encoding="utf-8"?><testsuites name="pytest tests"><testsuite name="pytest" errors="0" failures="0" skipped="0" tests="9" time="4.109" timestamp="2026-05-28T16:23:52.030155+00:00" hostname="agent-env-daa8bbd0-7e1b-41e9-85fb-13fc2c4f8cf6"><testcase classname="backend.tests.test_iter15_smoke.TestOrca" name="test_status_returns_installed_false" time="0.299" /><testcase classname="backend.tests.test_iter15_smoke.TestOrca" name="test_progress_unknown_job_returns_404" time="0.137" /><testcase classname="backend.tests.test_iter15_smoke.TestPublicLists" name="test_components_list" time="0.360" /><testcase classname="backend.tests.test_iter15_smoke.TestPublicLists" name="test_gallery_list" time="0.555" /><testcase classname="backend.tests.test_iter15_smoke.TestPublicLists" name="test_printers_list" time="0.104" /><testcase classname="backend.tests.test_iter15_smoke.TestPublicLists" name="test_billing_packages" time="0.120" /><testcase classname="backend.tests.test_iter15_smoke.TestPublicLists" name="test_auth_email_status_anonymous" time="0.105" /><testcase classname="backend.tests.test_iter15_smoke.TestComponentSaveToShareAnonymous" name="test_save_pitman_arm_like_payload" time="0.678" /><testcase classname="backend.tests.test_iter15_smoke.TestVoiceCommand" name="test_voice_command_intent" time="1.679" /></testsuite></testsuites>