<?xml version="1.0" encoding="utf-8"?><testsuites name="pytest tests"><testsuite name="pytest" errors="0" failures="1" skipped="0" tests="17" time="47.206" timestamp="2026-06-04T03:25:22.469623+00:00" hostname="agent-env-daa8bbd0-7e1b-41e9-85fb-13fc2c4f8cf6"><testcase classname="backend.tests.test_orca_upstream" name="test_machine_path_re_matches_real_examples" time="0.000" /><testcase classname="backend.tests.test_orca_upstream" name="test_skip_patterns_filters_abstract_profiles" time="0.000" /><testcase classname="backend.tests.test_orca_upstream" name="test_parse_quickfields_extracts_build_volume_and_nozzle" time="0.000" /><testcase classname="backend.tests.test_orca_upstream" name="test_parse_quickfields_tolerates_missing_or_malformed" time="0.000" /><testcase classname="backend.tests.test_orca_upstream" name="test_parse_quickfields_multi_nozzle_string" time="0.000" /><testcase classname="backend.tests.test_orca_upstream" name="test_parse_quickfields_multi_nozzle_list_of_strings" time="0.000" /><testcase classname="backend.tests.test_orca_upstream" name="test_upstream_endpoints_reject_anonymous" time="0.299" /><testcase classname="backend.tests.test_orca_upstream" name="test_upstream_endpoints_reject_non_admin" time="0.125" /><testcase classname="backend.tests.test_orca_upstream" name="test_synced_printers_is_public" time="0.115" /><testcase classname="backend.tests.test_orca_upstream" name="test_admin_can_list_pending_deltas" time="0.121" /><testcase classname="backend.tests.test_orca_upstream" name="test_merge_promotes_cached_json_to_synced_printers" time="0.313" /><testcase classname="backend.tests.test_orca_upstream" name="test_dismiss_marks_delta_dismissed" time="0.168" /><testcase classname="backend.tests.test_orca_upstream" name="test_digest_state_endpoint_admin_only" time="0.103" /><testcase classname="backend.tests.test_orca_upstream" name="test_digest_state_endpoint_unauth" time="0.106" /><testcase classname="backend.tests.test_orca_upstream" name="test_digest_state_endpoint_returns_state" time="0.103" /><testcase classname="backend.tests.test_orca_upstream" name="test_digest_send_now_returns_counts" time="45.098"><failure message="requests.exceptions.ReadTimeout: HTTPSConnectionPool(host='orca-cad-slice.preview.emergentagent.com', port=443): Read timed out. (read timeout=45)">/root/.venv/lib/python3.11/site-packages/urllib3/connectionpool.py:534: in _make_request
    response = conn.getresponse()
               ^^^^^^^^^^^^^^^^^^
/root/.venv/lib/python3.11/site-packages/urllib3/connection.py:571: in getresponse
    httplib_response = super().getresponse()
                       ^^^^^^^^^^^^^^^^^^^^^
/usr/local/lib/python3.11/http/client.py:1415: in getresponse
    response.begin()
/usr/local/lib/python3.11/http/client.py:330: in begin
    version, status, reason = self._read_status()
                              ^^^^^^^^^^^^^^^^^^^
/usr/local/lib/python3.11/http/client.py:291: in _read_status
    line = str(self.fp.readline(_MAXLINE + 1), "iso-8859-1")
               ^^^^^^^^^^^^^^^^^^^^^^^^^^^^^^
/usr/local/lib/python3.11/socket.py:718: in readinto
    return self._sock.recv_into(b)
           ^^^^^^^^^^^^^^^^^^^^^^^
/usr/local/lib/python3.11/ssl.py:1314: in recv_into
    return self.read(nbytes, buffer)
           ^^^^^^^^^^^^^^^^^^^^^^^^^
/usr/local/lib/python3.11/ssl.py:1166: in read
    return self._sslobj.read(len, buffer)
           ^^^^^^^^^^^^^^^^^^^^^^^^^^^^^^
E   TimeoutError: The read operation timed out

The above exception was the direct cause of the following exception:
/root/.venv/lib/python3.11/site-packages/requests/adapters.py:696: in send
    resp = conn.urlopen(
/root/.venv/lib/python3.11/site-packages/urllib3/connectionpool.py:842: in urlopen
    retries = retries.increment(
/root/.venv/lib/python3.11/site-packages/urllib3/util/retry.py:498: in increment
    raise reraise(type(error), error, _stacktrace)
          ^^^^^^^^^^^^^^^^^^^^^^^^^^^^^^^^^^^^^^^^
/root/.venv/lib/python3.11/site-packages/urllib3/util/util.py:39: in reraise
    raise value
/root/.venv/lib/python3.11/site-packages/urllib3/connectionpool.py:788: in urlopen
    response = self._make_request(
/root/.venv/lib/python3.11/site-packages/urllib3/connectionpool.py:536: in _make_request
    self._raise_timeout(err=e, url=url, timeout_value=read_timeout)
/root/.venv/lib/python3.11/site-packages/urllib3/connectionpool.py:367: in _raise_timeout
    raise ReadTimeoutError(
E   urllib3.exceptions.ReadTimeoutError: HTTPSConnectionPool(host='orca-cad-slice.preview.emergentagent.com', port=443): Read timed out. (read timeout=45)

During handling of the above exception, another exception occurred:
backend/tests/test_orca_upstream.py:351: in test_digest_send_now_returns_counts
    r = sess.post(f"{API}/admin/orca-upstream/digest/send-now", timeout=45)
        ^^^^^^^^^^^^^^^^^^^^^^^^^^^^^^^^^^^^^^^^^^^^^^^^^^^^^^^^^^^^^^^^^^^
/root/.venv/lib/python3.11/site-packages/requests/sessions.py:712: in post
    return self.request("POST", url, data=data, json=json, **kwargs)
           ^^^^^^^^^^^^^^^^^^^^^^^^^^^^^^^^^^^^^^^^^^^^^^^^^^^^^^^^^
/root/.venv/lib/python3.11/site-packages/requests/sessions.py:651: in request
    resp = self.send(prep, **send_kwargs)
           ^^^^^^^^^^^^^^^^^^^^^^^^^^^^^^
/root/.venv/lib/python3.11/site-packages/requests/sessions.py:784: in send
    r = adapter.send(request, **kwargs)
        ^^^^^^^^^^^^^^^^^^^^^^^^^^^^^^^
/root/.venv/lib/python3.11/site-packages/requests/adapters.py:742: in send
    raise ReadTimeout(e, request=request)
E   requests.exceptions.ReadTimeout: HTTPSConnectionPool(host='orca-cad-slice.preview.emergentagent.com', port=443): Read timed out. (read timeout=45)</failure></testcase><testcase classname="backend.tests.test_orca_upstream" name="test_digest_send_now_admin_only" time="0.169" /></testsuite></testsuites>