<?xml version="1.0" encoding="utf-8"?><testsuites name="pytest tests"><testsuite name="pytest" errors="0" failures="0" skipped="0" tests="14" time="3.205" timestamp="2026-07-12T19:44:40.948818+00:00" hostname="agent-env-daa8bbd0-7e1b-41e9-85fb-13fc2c4f8cf6"><testcase classname="backend.tests.test_iter132_2_preview.TestPreviewImages" name="test_preview_happy_path" time="1.716" /><testcase classname="backend.tests.test_iter132_2_preview.TestPreviewImages" name="test_preview_count_variant" time="0.546" /><testcase classname="backend.tests.test_iter132_2_preview.TestPreviewImages" name="test_preview_prompt_too_short_422" time="0.179" /><testcase classname="backend.tests.test_iter132_2_preview.TestPreviewImages" name="test_preview_count_over_max_422" time="0.105" /><testcase classname="backend.tests.test_iter132_2_preview.TestPreviewImages" name="test_preview_count_zero_422" time="0.095" /><testcase classname="backend.tests.test_iter132_2_preview.TestPreviewImages" name="test_preview_no_session_401" time="0.113" /><testcase classname="backend.tests.test_iter132_2_preview.TestPreviewMeshyGating" name="test_preview_returns_409_when_user_has_meshy_key" time="0.009" /><testcase classname="backend.tests.test_iter132_2_preview.TestGenerateImageWithUrl" name="test_generate_image_url_happy" time="0.105" /><testcase classname="backend.tests.test_iter132_2_preview.TestGenerateImageWithUrl" name="test_generate_image_file_scheme_400" time="0.005" /><testcase classname="backend.tests.test_iter132_2_preview.TestGenerateImageWithUrl" name="test_generate_image_data_scheme_400" time="0.004" /><testcase classname="backend.tests.test_iter132_2_preview.TestGenerateImageWithUrl" name="test_generate_image_missing_both_400" time="0.004" /><testcase classname="backend.tests.test_iter132_2_preview.TestGenerateImageWithUrl" name="test_generate_image_url_wins_over_b64" time="0.109" /><testcase classname="backend.tests.test_iter132_2_preview.TestGenerateImageB64Regression" name="test_generate_image_b64_still_works" time="0.115" /><testcase classname="backend.tests.test_iter132_2_preview.TestGenerateImageB64Regression" name="test_generate_image_b64_unsupported_mime_400" time="0.006" /></testsuite></testsuites>