<?xml version="1.0" encoding="utf-8"?><testsuites name="pytest tests"><testsuite name="pytest" errors="0" failures="0" skipped="0" tests="6" time="1.812" timestamp="2026-05-19T15:14:26.226721+00:00" hostname="agent-env-daa8bbd0-7e1b-41e9-85fb-13fc2c4f8cf6"><testcase classname="backend.tests.test_license_api.TestGalleryLicense" name="test_gallery_post_with_agpl_license_roundtrips" time="0.415" /><testcase classname="backend.tests.test_license_api.TestGalleryLicense" name="test_gallery_post_without_license_defaults_to_cc_by_4" time="0.111" /><testcase classname="backend.tests.test_license_api.TestGalleryLicense" name="test_gallery_get_every_item_has_license_field" time="0.163" /><testcase classname="backend.tests.test_license_api.TestComponentsLicense" name="test_components_post_with_mit_license_roundtrips" time="0.505" /><testcase classname="backend.tests.test_license_api.TestComponentsLicense" name="test_components_post_without_license_defaults_to_cc_by_4" time="0.069" /><testcase classname="backend.tests.test_license_api.TestComponentsLicense" name="test_components_get_every_item_has_license_field" time="0.488" /></testsuite></testsuites>