<?xml version="1.0" encoding="utf-8"?><testsuites name="pytest tests"><testsuite name="pytest" errors="0" failures="0" skipped="0" tests="40" time="8.066" timestamp="2026-07-07T20:13:05.482494+00:00" hostname="agent-env-daa8bbd0-7e1b-41e9-85fb-13fc2c4f8cf6"><testcase classname="backend.tests.test_litho_studio.TestFilamentsAndPrinters" name="test_default_filaments_returns_cmykw_palette" time="0.168" /><testcase classname="backend.tests.test_litho_studio.TestFilamentsAndPrinters" name="test_filament_library_returns_full_library" time="0.046" /><testcase classname="backend.tests.test_litho_studio.TestFilamentsAndPrinters" name="test_printers_returns_50plus_profiles" time="0.062" /><testcase classname="backend.tests.test_litho_studio.TestFilamentsAndPrinters" name="test_printer_fit_generic_orca" time="0.050" /><testcase classname="backend.tests.test_litho_studio.TestOptimizeAndExport" name="test_palette_suggest" time="0.112" /><testcase classname="backend.tests.test_litho_studio.TestOptimizeAndExport" name="test_optimize_returned_valid_job" time="0.114" /><testcase classname="backend.tests.test_litho_studio.TestOptimizeAndExport" name="test_export_stl_binary" time="0.123" /><testcase classname="backend.tests.test_litho_studio.TestOptimizeAndExport" name="test_export_3mf_is_zip" time="0.145" /><testcase classname="backend.tests.test_litho_studio.TestOptimizeAndExport" name="test_export_swaps_txt_has_cmykw_header" time="0.117" /><testcase classname="backend.tests.test_litho_studio.TestOptimizeAndExport" name="test_bogus_job_returns_404" time="0.090" /><testcase classname="backend.tests.test_litho_studio.TestDiscGeometry" name="test_disc_optimize_has_low_void_pixels" time="0.118" /><testcase classname="backend.tests.test_litho_studio.TestRegression" name="test_auth_me" time="0.059" /><testcase classname="backend.tests.test_litho_studio.TestRegression" name="test_litho_inbox_older_api_removed" time="0.051" /><testcase classname="backend.tests.test_litho_studio.TestRegression" name="test_sso_bridge_mint_removed" time="0.044" /><testcase classname="backend.tests.test_litho_studio.TestRegression" name="test_sso_bridge_root_removed" time="0.046" /><testcase classname="backend.tests.test_litho_studio.TestRegression" name="test_meshy_key_endpoint" time="0.139" /><testcase classname="backend.tests.test_litho_studio.TestRegression" name="test_printability_analyze_small_stl" time="0.070" /><testcase classname="backend.tests.test_litho_studio.TestPresets" name="test_presets_full_crud" time="0.316" /><testcase classname="backend.tests.test_litho_studio.TestMyJobs" name="test_my_jobs_returns_list" time="0.049" /><testcase classname="backend.tests.test_litho_studio.TestMyJobs" name="test_optimize_persists_job_in_my_jobs" time="0.155" /><testcase classname="backend.tests.test_litho_studio.TestFilamentLibrary" name="test_filament_library_brands" time="0.052" /><testcase classname="backend.tests.test_litho_studio.TestFilamentLibrary" name="test_filament_library_mine_returns_list" time="0.110" /><testcase classname="backend.tests.test_litho_studio.TestMarketplace" name="test_browse_returns_200_list" time="0.054" /><testcase classname="backend.tests.test_litho_studio.TestMarketplace" name="test_publish_browse_detail_unpublish_flow" time="0.612" /><testcase classname="backend.tests.test_litho_studio.TestBraintreeCheckout" name="test_client_token_returns_nonempty_string" time="0.850" /><testcase classname="backend.tests.test_litho_studio.TestBraintreeCheckout" name="test_checkout_endpoint_shape" time="1.743" /><testcase classname="backend.tests.test_litho_studio.TestBraintreeCheckout" name="test_webhook_braintree_rejects_unsigned" time="0.055" /><testcase classname="backend.tests.test_litho_studio.TestPayouts" name="test_status_returns_full_schema" time="0.061" /><testcase classname="backend.tests.test_litho_studio.TestPayouts" name="test_set_paypal_email_persists" time="0.108" /><testcase classname="backend.tests.test_litho_studio.TestPayouts" name="test_transactions_returns_list" time="0.055" /><testcase classname="backend.tests.test_litho_studio.TestAdminPayouts" name="test_pending_forbidden_for_non_admin" time="0.053" /><testcase classname="backend.tests.test_litho_studio.TestAdminPayouts" name="test_run_forbidden_for_non_admin" time="0.051" /><testcase classname="backend.tests.test_litho_studio.TestAdminPayouts" name="test_batches_forbidden_for_non_admin" time="0.050" /><testcase classname="backend.tests.test_litho_studio.TestPayPalWebhook" name="test_webhook_route_reachable" time="0.048" /><testcase classname="backend.tests.test_litho_studio.TestTierGates" name="test_unit_is_paid_variants" time="0.233" /><testcase classname="backend.tests.test_litho_studio.TestTierGates" name="test_free_tier_publish_returns_402_json" time="0.107" /><testcase classname="backend.tests.test_litho_studio.TestTierGates" name="test_free_tier_set_email_402_no_db_mutation" time="0.048" /><testcase classname="backend.tests.test_litho_studio.TestTierGates" name="test_free_tier_status_eligible_false" time="0.053" /><testcase classname="backend.tests.test_litho_studio.TestTierGates" name="test_maker_tier_all_paid_endpoints_succeed" time="0.309" /><testcase classname="backend.tests.test_litho_studio.TestTierGates" name="test_free_tier_non_gated_endpoints_still_work" time="0.935" /></testsuite></testsuites>