<?xml version="1.0" encoding="utf-8"?><testsuites name="pytest tests"><testsuite name="pytest" errors="0" failures="0" skipped="0" tests="8" time="3.459" timestamp="2026-05-30T15:24:18.777230+00:00" hostname="agent-env-daa8bbd0-7e1b-41e9-85fb-13fc2c4f8cf6"><testcase classname="backend.tests.test_projects.TestAuthGate" name="test_list_unauth" time="0.226" /><testcase classname="backend.tests.test_projects.TestAuthGate" name="test_post_unauth" time="0.135" /><testcase classname="backend.tests.test_projects.TestAuthGate" name="test_get_unauth" time="0.127" /><testcase classname="backend.tests.test_projects.TestAuthGate" name="test_put_unauth" time="0.101" /><testcase classname="backend.tests.test_projects.TestAuthGate" name="test_delete_unauth" time="0.103" /><testcase classname="backend.tests.test_projects.TestCRUD" name="test_initial_list_empty" time="0.109" /><testcase classname="backend.tests.test_projects.TestCRUD" name="test_create_root_and_child_and_cascade_delete" time="1.714" /><testcase classname="backend.tests.test_projects.TestIsolation" name="test_user_b_cannot_see_or_mutate_user_a_project" time="0.867" /></testsuite></testsuites>