<?xml version="1.0" encoding="utf-8"?><testsuites name="pytest tests"><testsuite name="pytest" errors="0" failures="4" skipped="0" tests="543" time="261.666" timestamp="2026-07-13T03:50:35.123642+00:00" hostname="agent-env-daa8bbd0-7e1b-41e9-85fb-13fc2c4f8cf6"><testcase classname="tests.test_admin.TestAuthGuards" name="test_admin_me_requires_auth" time="0.210" /><testcase classname="tests.test_admin.TestAuthGuards" name="test_admin_endpoints_403_for_regular_user" time="0.553" /><testcase classname="tests.test_admin.TestAuthGuards" name="test_admin_can_access_basic_endpoints" time="0.555" /><testcase classname="tests.test_admin.TestAuthGuards" name="test_regular_admin_cannot_promote" time="0.702" /><testcase classname="tests.test_admin.TestAuthGuards" name="test_super_admin_can_promote" time="0.711" /><testcase classname="tests.test_admin.TestAIQuotaOverride" name="test_set_quota_within_range" time="0.716" /><testcase classname="tests.test_admin.TestAIQuotaOverride" name="test_quota_over_300_rejected" time="0.691" /><testcase classname="tests.test_admin.TestAIQuotaOverride" name="test_quota_zero_rejected" time="0.687" /><testcase classname="tests.test_admin.TestAIQuotaOverride" name="test_clear_quota_with_null" time="0.754" /><testcase classname="tests.test_admin.TestAIQuotaOverride" name="test_quota_applies_to_user_endpoint" time="0.751" /><testcase classname="tests.test_admin.TestAuditLog" name="test_quota_change_writes_audit" time="0.703" /><testcase classname="tests.test_admin.TestAuditLog" name="test_audit_lists_newest_first" time="0.829" /><testcase classname="tests.test_admin.TestBanFlow" name="test_ban_kills_sessions" time="0.791" /><testcase classname="tests.test_admin.TestBanFlow" name="test_cannot_ban_self" time="0.367" /><testcase classname="tests.test_admin.TestAnalytics" name="test_analytics_shape" time="0.407" /><testcase classname="tests.test_ai_multi_image.TestMultiImageEndpoint" name="test_unauthenticated_rejected" time="0.100" /><testcase classname="tests.test_ai_multi_image.TestMultiImageEndpoint" name="test_validation_too_few_images" time="0.110" /><testcase classname="tests.test_ai_multi_image.TestMultiImageEndpoint" name="test_validation_too_many_images" time="0.101" /><testcase classname="tests.test_ai_multi_image.TestMultiImageEndpoint" name="test_validation_missing_b64" time="0.133" /><testcase classname="tests.test_ai_multi_image.TestMultiImageEndpoint" name="test_validation_unsupported_mime" time="0.101" /><testcase classname="tests.test_ai_multi_image.TestMultiImageSuccessSubmission" name="test_submit_persist_and_usage" time="0.182" /><testcase classname="tests.test_ai_multi_image.TestPollingShape" name="test_poll_returns_status_payload" time="0.134" /><testcase classname="tests.test_ai_multi_image.TestPollingShape" name="test_poll_unknown_job_returns_404" time="0.101" /><testcase classname="tests.test_ai_multi_image.TestQuotaRefundOnFailure" name="test_quota_refund_on_invalid_count_pre_increment_path" time="0.096" /><testcase classname="tests.test_ai_multi_image.TestQuotaRefundOnFailure" name="test_quota_refund_on_meshy_upstream_failure" time="0.112" /><testcase classname="tests.test_auth_api.TestAuthEndpoints" name="test_me_requires_auth" time="0.098" /><testcase classname="tests.test_auth_api.TestAuthEndpoints" name="test_me_returns_user_with_bearer" time="0.107" /><testcase classname="tests.test_auth_api.TestAuthEndpoints" name="test_logout_invalidates_session" time="0.297" /><testcase classname="tests.test_auth_api.TestAuthEndpoints" name="test_exchange_rejects_blank_session_id" time="0.098" /><testcase classname="tests.test_auth_api.TestPrivateLibraries" name="test_my_designs_empty_for_new_user" time="0.111" /><testcase classname="tests.test_auth_api.TestPrivateLibraries" name="test_my_components_empty_for_new_user" time="0.108" /><testcase classname="tests.test_auth_api.TestPrivateLibraries" name="test_private_design_is_hidden_from_public" time="0.757" /><testcase classname="tests.test_auth_api.TestPrivateLibraries" name="test_owner_can_delete_their_design" time="0.308" /><testcase classname="tests.test_auth_api.TestLegacyMigration" name="test_public_legacy_items_have_legacy_prefix" time="0.544" /><testcase classname="tests.test_auth_components_extra.TestPrivateComponents" name="test_private_component_hidden_and_in_me" time="0.583" /><testcase classname="tests.test_auth_components_extra.TestPrivateComponents" name="test_logged_in_author_overrides_payload" time="0.113" /><testcase classname="tests.test_auth_components_extra.TestAnonymousRegression" name="test_gallery_anonymous_listing" time="0.655" /><testcase classname="tests.test_auth_components_extra.TestAnonymousRegression" name="test_components_anonymous_listing" time="0.339" /><testcase classname="tests.test_auth_components_extra.TestAnonymousRegression" name="test_printers_anonymous_listing" time="0.093" /><testcase classname="tests.test_auth_components_extra.TestAnonymousRegression" name="test_anonymous_gallery_post_uses_free_text_author" time="0.201" /><testcase classname="tests.test_auth_components_extra.TestAnonymousRegression" name="test_me_endpoints_require_auth" time="0.199" /><testcase classname="tests.test_author_profile.TestAuthorProfileEndpoint" name="test_404_for_unknown_user" time="0.126" /><testcase classname="tests.test_author_profile.TestAuthorProfileEndpoint" name="test_user_without_shares_omits_optional_fields" time="0.437" /><testcase classname="tests.test_author_profile.TestAuthorProfileEndpoint" name="test_user_with_shares_includes_only_shared_fields" time="0.574" /><testcase classname="tests.test_author_profile.TestAuthorProfileEndpoint" name="test_never_leaks_sensitive_fields" time="0.434" /><testcase classname="tests.test_author_profile.TestAuthorProfileEndpoint" name="test_partial_share_only_shows_enabled_fields" time="0.427" /><testcase classname="tests.test_author_profile.TestAuthorDesignsComponents" name="test_404_designs_for_unknown_user" time="0.100" /><testcase classname="tests.test_author_profile.TestAuthorDesignsComponents" name="test_404_components_for_unknown_user" time="0.099" /><testcase classname="tests.test_author_profile.TestAuthorDesignsComponents" name="test_designs_returns_list_for_new_user" time="0.419" /><testcase classname="tests.test_author_profile.TestAuthorDesignsComponents" name="test_components_returns_list_for_new_user" time="0.414" /><testcase classname="tests.test_autoclean_raises_score.TestAutoCleanRaisesPrintabilityScore" name="test_broken_cube_score_rises_after_repair" time="0.967" /><testcase classname="tests.test_autoclean_raises_score.TestAutoCleanRaisesPrintabilityScore" name="test_score_delta_is_meaningful" time="0.110" /><testcase classname="tests.test_bas_relief_service.TestGenerate" name="test_default_disk_shape" time="0.237" /><testcase classname="tests.test_bas_relief_service.TestGenerate" name="test_dark_is_high_flips_orientation" time="0.381" /><testcase classname="tests.test_bas_relief_service.TestGenerate" name="test_custom_dimensions" time="0.123" /><testcase classname="tests.test_bas_relief_service.TestGenerate" name="test_rejects_bad_diameter[50]" time="0.001" /><testcase classname="tests.test_bas_relief_service.TestGenerate" name="test_rejects_bad_diameter[400]" time="0.001" /><testcase classname="tests.test_bas_relief_service.TestGenerate" name="test_rejects_bad_diameter[-1]" time="0.001" /><testcase classname="tests.test_bas_relief_service.TestGenerate" name="test_rejects_bad_relief[0.1]" time="0.001" /><testcase classname="tests.test_bas_relief_service.TestGenerate" name="test_rejects_bad_relief[45.0]" time="0.001" /><testcase classname="tests.test_bas_relief_service.TestGenerate" name="test_rejects_empty_image" time="0.000" /><testcase classname="tests.test_bas_relief_service.TestGenerate" name="test_grid_size_clamps_to_bounds" time="3.547" /><testcase classname="tests.test_bas_relief_service.TestFrameRing" name="test_ring_off_by_default" time="0.145" /><testcase classname="tests.test_bas_relief_service.TestFrameRing" name="test_ring_extends_outer_diameter" time="0.386" /><testcase classname="tests.test_bas_relief_service.TestFrameRing" name="test_ring_taller_than_relief_wins_total_height" time="0.054" /><testcase classname="tests.test_bas_relief_service.TestFrameRing" name="test_rejects_bad_ring_width[0.5]" time="0.001" /><testcase classname="tests.test_bas_relief_service.TestFrameRing" name="test_rejects_bad_ring_width[50]" time="0.001" /><testcase classname="tests.test_bas_relief_service.TestFrameRing" name="test_rejects_bad_ring_height[0.1]" time="0.001" /><testcase classname="tests.test_bas_relief_service.TestFrameRing" name="test_rejects_bad_ring_height[40]" time="0.001" /><testcase classname="tests.test_billing" name="test_packages_endpoint_returns_catalog" time="0.176" /><testcase classname="tests.test_billing" name="test_checkout_rejects_unknown_package" time="0.388" /><testcase classname="tests.test_billing" name="test_checkout_creates_session_and_returns_url" time="0.910" /><testcase classname="tests.test_billing" name="test_status_endpoint_404s_for_unknown_session" time="0.103" /><testcase classname="tests.test_billing" name="test_subscription_tier_default_is_free_on_me" time="0.374" /><testcase classname="tests.test_components_p1.TestVerifiedField" name="test_create_component_defaults_verified_false" time="0.138" /><testcase classname="tests.test_components_p1.TestVerifiedField" name="test_list_components_returns_verified_field" time="0.421" /><testcase classname="tests.test_components_p1.TestExpandedCategories" name="test_each_new_category_accepted[fasteners]" time="0.143" /><testcase classname="tests.test_components_p1.TestExpandedCategories" name="test_each_new_category_accepted[electronics]" time="0.153" /><testcase classname="tests.test_components_p1.TestExpandedCategories" name="test_each_new_category_accepted[brackets]" time="0.158" /><testcase classname="tests.test_components_p1.TestExpandedCategories" name="test_each_new_category_accepted[hinges]" time="0.146" /><testcase classname="tests.test_components_p1.TestExpandedCategories" name="test_each_new_category_accepted[gears]" time="0.142" /><testcase classname="tests.test_components_p1.TestExpandedCategories" name="test_each_new_category_accepted[decorative]" time="0.141" /><testcase classname="tests.test_components_p1.TestExpandedCategories" name="test_each_new_category_accepted[organizers]" time="0.154" /><testcase classname="tests.test_components_p1.TestExpandedCategories" name="test_each_new_category_accepted[miniatures]" time="0.143" /><testcase classname="tests.test_components_p1.TestExpandedCategories" name="test_each_new_category_accepted[structural]" time="0.165" /><testcase classname="tests.test_components_p1.TestExpandedCategories" name="test_unknown_category_falls_back_to_misc" time="0.145" /><testcase classname="tests.test_components_p1.TestExpandedCategories" name="test_legacy_categories_still_accepted" time="0.442" /><testcase classname="tests.test_components_p1.TestVerifyEndpointGate" name="test_verify_returns_403_when_admin_emails_unset" time="0.218" /><testcase classname="tests.test_components_p1.TestVerifyEndpointGate" name="test_verify_gate_even_with_bearer_token" time="0.229" /><testcase classname="tests.test_components_p1.TestListSortContainsVerifiedField" name="test_list_components_has_verified_field_on_every_item" time="0.342" /><testcase classname="tests.test_cost_estimator_refactor" name="test_shape_mask_flat_is_passthrough" time="0.000" /><testcase classname="tests.test_cost_estimator_refactor" name="test_shape_mask_disc_zeros_corners" time="0.000" /><testcase classname="tests.test_cost_estimator_refactor" name="test_floor_layer_map_flat_applies_base" time="0.000" /><testcase classname="tests.test_cost_estimator_refactor" name="test_floor_layer_map_disc_leaves_outside_zero" time="0.000" /><testcase classname="tests.test_cost_estimator_refactor" name="test_resolve_slab_bounds_normal" time="0.000" /><testcase classname="tests.test_cost_estimator_refactor" name="test_resolve_slab_bounds_over_padded" time="0.000" /><testcase classname="tests.test_cost_estimator_refactor" name="test_print_time_minutes_zero_input" time="0.000" /><testcase classname="tests.test_cost_estimator_refactor" name="test_print_time_minutes_typical" time="0.000" /><testcase classname="tests.test_cost_estimator_refactor" name="test_estimate_print_costs_flat_smoke" time="0.000" /><testcase classname="tests.test_cost_estimator_refactor" name="test_estimate_print_costs_disc_masks_corners" time="0.000" /><testcase classname="tests.test_cost_estimator_refactor" name="test_estimate_print_costs_multi_filament_ordering" time="0.000" /><testcase classname="tests.test_email_status.TestEmailStatus" name="test_endpoint_returns_expected_shape" time="0.167" /><testcase classname="tests.test_email_status.TestEmailStatus" name="test_endpoint_is_publicly_accessible" time="0.119" /><testcase classname="tests.test_exports_handoff.TestStageHandoff" name="test_happy_path_returns_token_url_size" time="0.103" /><testcase classname="tests.test_exports_handoff.TestStageHandoff" name="test_no_auth_returns_401" time="0.106" /><testcase classname="tests.test_exports_handoff.TestStageHandoff" name="test_empty_body_returns_400" time="0.101" /><testcase classname="tests.test_exports_handoff.TestStageHandoff" name="test_oversize_returns_413" time="1.344" /><testcase classname="tests.test_exports_handoff.TestDownloadHandoff" name="test_get_happy_path_public" time="30.286" /><testcase classname="tests.test_exports_handoff.TestDownloadHandoff" name="test_single_shot_second_get_404" time="20.642" /><testcase classname="tests.test_exports_handoff.TestDownloadHandoff" name="test_bad_format_token_404" time="3.269" /><testcase classname="tests.test_exports_handoff.TestDownloadHandoff" name="test_format_ok_but_not_in_db_404" time="0.106" /><testcase classname="tests.test_exports_handoff.TestDownloadHandoff" name="test_octet_stream_for_non_3mf_filename" time="0.210" /><testcase classname="tests.test_exports_handoff.TestExpiredHandoff" name="test_expired_returns_410_and_cleans_up" time="1.144" /><testcase classname="tests.test_exports_handoff.TestBundleSmoke" name="test_bundle_has_handoff_path" time="0.829" /><testcase classname="tests.test_exports_handoff.TestBundleSmoke" name="test_bundle_has_stage_handoff_fn" time="0.004" /><testcase classname="tests.test_exports_handoff.TestBundleSmoke" name="test_bundle_has_open_file_arg" time="0.004" /><testcase classname="tests.test_exports_handoff.TestBundleSmoke" name="test_bundle_has_opened_with_file_flag" time="0.004" /><testcase classname="tests.test_exports_handoff.TestRegressionMarkers" name="test_iter105_19_multi_object_markers_present" time="0.960" /><testcase classname="tests.test_exports_handoff.TestRegressionMarkers" name="test_iter105_21_bambu_markers_banned" time="0.009" /><testcase classname="tests.test_exports_handoff.TestRegressionMarkers" name="test_iter105_20_edge_controls_banned" time="0.023" /><testcase classname="tests.test_fal_service.TestIsConfigured" name="test_configured_when_key_set" time="0.000" /><testcase classname="tests.test_fal_service.TestIsConfigured" name="test_not_configured_when_key_missing" time="0.000" /><testcase classname="tests.test_fal_service.TestCreateTextTo3D" name="test_packs_request_id_and_reference_image_url" time="0.002" /><testcase classname="tests.test_fal_service.TestCreateTextTo3D" name="test_split_text_id_roundtrip" time="0.000" /><testcase classname="tests.test_fal_service.TestCreateTextTo3D" name="test_split_text_id_no_delimiter" time="0.000" /><testcase classname="tests.test_fal_service.TestGetTaskNormalisation" name="test_completed_returns_meshy_shape" time="0.001" /><testcase classname="tests.test_fal_service.TestGetTaskNormalisation" name="test_in_progress_normalises" time="0.001" /><testcase classname="tests.test_fal_service.TestGetTaskNormalisation" name="test_queued_normalises" time="0.001" /><testcase classname="tests.test_fal_service.TestMultiImage" name="test_first_image_wins" time="0.001" /><testcase classname="tests.test_fal_service.TestMultiImage" name="test_rejects_zero_or_over_four" time="0.000" /><testcase classname="tests.test_fal_service.TestPickModelUrl" name="test_prefers_glb_over_stl" time="0.000" /><testcase classname="tests.test_gallery_api.TestRoot" name="test_api_root" time="0.096" /><testcase classname="tests.test_gallery_api.TestGalleryCrud" name="test_create_gallery_item" time="0.046" /><testcase classname="tests.test_gallery_api.TestGalleryCrud" name="test_list_gallery_contains_created" time="0.497" /><testcase classname="tests.test_gallery_api.TestGalleryCrud" name="test_download_gallery_stl" time="0.047" /><testcase classname="tests.test_gallery_api.TestGalleryCrud" name="test_download_increments_counter" time="0.504" /><testcase classname="tests.test_gallery_api.TestGalleryCrud" name="test_download_404_on_missing" time="0.045" /><testcase classname="tests.test_gallery_api.TestGalleryCrud" name="test_delete_gallery_item" time="0.094" /><testcase classname="tests.test_gallery_api.TestGalleryCrud" name="test_delete_missing_returns_404" time="0.043" /><testcase classname="tests.test_gallery_api.TestRemixLineage" name="test_create_parent" time="0.044" /><testcase classname="tests.test_gallery_api.TestRemixLineage" name="test_create_remix_increments_parent" time="0.514" /><testcase classname="tests.test_gallery_api.TestRemixLineage" name="test_cleanup" time="1.071" /><testcase classname="tests.test_gallery_manifold" name="test_create_and_list_with_manifold_verified_true" time="1.027" /><testcase classname="tests.test_gallery_manifold" name="test_default_manifold_verified_is_false" time="0.403" /><testcase classname="tests.test_gallery_manifold" name="test_manifold_verified_persists_in_my_designs" time="0.425" /><testcase classname="tests.test_gallery_taxonomy_iter106.TestTaxonomy" name="test_taxonomy_returns_10_categories_in_order" time="0.105" /><testcase classname="tests.test_gallery_taxonomy_iter106.TestFeaturedCreators" name="test_featured_creators_returns_list_with_required_fields" time="0.141" /><testcase classname="tests.test_gallery_taxonomy_iter106.TestFeaturedCreators" name="test_steve_shurts_is_featured" time="0.088" /><testcase classname="tests.test_gallery_taxonomy_iter106.TestCategoryFilter" name="test_filter_by_tools_returns_200" time="0.048" /><testcase classname="tests.test_gallery_taxonomy_iter106.TestCategoryFilter" name="test_filter_by_household_returns_200" time="0.125" /><testcase classname="tests.test_gallery_taxonomy_iter106.TestBackfill" name="test_at_least_one_item_has_non_misc_category" time="0.611" /><testcase classname="tests.test_gallery_taxonomy_iter106.TestCreateWithCategoryTags" name="test_create_normalises_tags_and_keeps_category" time="0.051" /><testcase classname="tests.test_install_orca" name="test_pick_appimage_asset_finds_linux_appimage" time="0.000" /><testcase classname="tests.test_install_orca" name="test_pick_appimage_asset_returns_none_when_missing" time="0.000" /><testcase classname="tests.test_install_orca" name="test_arch_check_default_only_accepts_x86_64" time="0.000" /><testcase classname="tests.test_install_orca" name="test_arch_check_force_env_var_overrides" time="0.000" /><testcase classname="tests.test_install_orca" name="test_install_skips_cleanly_on_non_x86_arch" time="0.003" /><testcase classname="tests.test_install_orca" name="test_resolve_appimage_entry_prefers_apprun" time="0.001" /><testcase classname="tests.test_install_orca" name="test_resolve_appimage_entry_finds_bin_orca_slicer" time="0.001" /><testcase classname="tests.test_install_orca" name="test_resolve_appimage_entry_falls_back_to_nested" time="0.001" /><testcase classname="tests.test_install_orca" name="test_resolve_appimage_entry_returns_none_when_nothing_installed" time="0.000" /><testcase classname="tests.test_install_orca" name="test_install_in_progress_reads_lock_file" time="0.001" /><testcase classname="tests.test_install_orca" name="test_install_in_progress_clears_stale_lock" time="0.000" /><testcase classname="tests.test_iter124_crop_backend" name="test_optimize_preserves_45pct_top_crop_aspect" time="0.381" /><testcase classname="tests.test_iter132_2_preview.TestPreviewImages" name="test_preview_happy_path" time="0.050"><failure message="AssertionError: expected 200 got 502 body={&quot;detail&quot;:&quot;fal.ai: User is locked. Reason: Exhausted balance. Top up your balance at fal.ai/dashboard/billing.&quot;}&#10;assert 502 == 200&#10; +  where 502 = &lt;Response [502]&gt;.status_code">E   AssertionError: expected 200 got 502 body={"detail":"fal.ai: User is locked. Reason: Exhausted balance. Top up your balance at fal.ai/dashboard/billing."}
    assert 502 == 200
     +  where 502 = &lt;Response [502]&gt;.status_code</failure></testcase><testcase classname="tests.test_iter132_2_preview.TestPreviewImages" name="test_preview_count_variant" time="90.092"><failure message="requests.exceptions.ReadTimeout: HTTPConnectionPool(host='localhost', port=8001): Read timed out. (read timeout=90)">E   TimeoutError: timed out

The above exception was the direct cause of the following exception:
E   urllib3.exceptions.ReadTimeoutError: HTTPConnectionPool(host='localhost', port=8001): Read timed out. (read timeout=90)

During handling of the above exception, another exception occurred:
E   requests.exceptions.ReadTimeout: HTTPConnectionPool(host='localhost', port=8001): Read timed out. (read timeout=90)</failure></testcase><testcase classname="tests.test_iter132_2_preview.TestPreviewImages" name="test_preview_prompt_too_short_422" time="0.194" /><testcase classname="tests.test_iter132_2_preview.TestPreviewImages" name="test_preview_count_over_max_422" time="0.101" /><testcase classname="tests.test_iter132_2_preview.TestPreviewImages" name="test_preview_count_zero_422" time="0.100" /><testcase classname="tests.test_iter132_2_preview.TestPreviewImages" name="test_preview_no_session_401" time="0.105" /><testcase classname="tests.test_iter132_2_preview.TestPreviewMeshyGating" name="test_preview_returns_409_when_user_has_meshy_key" time="0.009" /><testcase classname="tests.test_iter132_2_preview.TestGenerateImageWithUrl" name="test_generate_image_url_happy" time="0.112" /><testcase classname="tests.test_iter132_2_preview.TestGenerateImageWithUrl" name="test_generate_image_file_scheme_400" time="0.005" /><testcase classname="tests.test_iter132_2_preview.TestGenerateImageWithUrl" name="test_generate_image_data_scheme_400" time="0.004" /><testcase classname="tests.test_iter132_2_preview.TestGenerateImageWithUrl" name="test_generate_image_missing_both_400" time="0.004" /><testcase classname="tests.test_iter132_2_preview.TestGenerateImageWithUrl" name="test_generate_image_url_wins_over_b64" time="0.110" /><testcase classname="tests.test_iter132_2_preview.TestGenerateImageB64Regression" name="test_generate_image_b64_still_works" time="0.160" /><testcase classname="tests.test_iter132_2_preview.TestGenerateImageB64Regression" name="test_generate_image_b64_unsupported_mime_400" time="0.006" /><testcase classname="tests.test_iter132_fal_provider.TestProviderSelection" name="test_fal_default_when_no_meshy_key" time="0.115" /><testcase classname="tests.test_iter132_fal_provider.TestProviderSelection" name="test_meshy_when_byo_key" time="0.097" /><testcase classname="tests.test_iter132_fal_provider.TestTextTo3DFal" name="test_502_and_quota_refund_or_200_pass" time="0.646" /><testcase classname="tests.test_iter132_fal_provider.TestImageTo3DFal" name="test_submission_accepted_with_provider_persisted" time="0.119"><failure message="requests.exceptions.JSONDecodeError: Expecting value: line 1 column 1 (char 0)">E   json.decoder.JSONDecodeError: Expecting value: line 1 column 1 (char 0)

During handling of the above exception, another exception occurred:
E   requests.exceptions.JSONDecodeError: Expecting value: line 1 column 1 (char 0)</failure></testcase><testcase classname="tests.test_iter132_fal_provider.TestMultiImageFal" name="test_400_for_zero_images" time="0.127" /><testcase classname="tests.test_iter132_fal_provider.TestMultiImageFal" name="test_400_for_one_image" time="0.106" /><testcase classname="tests.test_iter132_fal_provider.TestMultiImageFal" name="test_submission_accepted_with_provider_persisted" time="0.129"><failure message="requests.exceptions.JSONDecodeError: Expecting value: line 1 column 1 (char 0)">E   json.decoder.JSONDecodeError: Expecting value: line 1 column 1 (char 0)

During handling of the above exception, another exception occurred:
E   requests.exceptions.JSONDecodeError: Expecting value: line 1 column 1 (char 0)</failure></testcase><testcase classname="tests.test_iter132_fal_provider.TestPollingProviderDispatch" name="test_poll_meshy_provider" time="0.216" /><testcase classname="tests.test_iter132_fal_provider.TestPollingProviderDispatch" name="test_poll_fal_provider" time="0.010" /><testcase classname="tests.test_iter132_fal_provider.TestPollingProviderDispatch" name="test_poll_legacy_no_provider_defaults_to_meshy" time="0.120" /><testcase classname="tests.test_iter132_fal_provider.TestMeshDownloadProviderDispatch" name="test_mesh_download_fal_provider" time="0.172" /><testcase classname="tests.test_iter132_fal_provider.TestMeshDownloadProviderDispatch" name="test_mesh_download_meshy_provider" time="0.164" /><testcase classname="tests.test_iter132_fal_provider.TestAuthRequired" name="test_usage_requires_auth" time="0.096" /><testcase classname="tests.test_iter132_fal_provider.TestAuthRequired" name="test_generate_requires_auth" time="0.101" /><testcase classname="tests.test_iter135_printability_and_refactor.TestPrintabilityDecimate" name="test_decimate_returns_stl_and_optimize_headers" time="0.478" /><testcase classname="tests.test_iter135_printability_and_refactor.TestPrintabilityDecimate" name="test_decimate_bad_preset_400" time="0.062" /><testcase classname="tests.test_iter135_printability_and_refactor.TestPrintabilityDecimate" name="test_decimate_requires_auth" time="0.312" /><testcase classname="tests.test_iter135_printability_and_refactor.TestPrintabilityAddBase" name="test_add_base_cylinder_returns_stl_and_headers" time="0.081" /><testcase classname="tests.test_iter135_printability_and_refactor.TestPrintabilityAddBase" name="test_add_base_bad_shape_400" time="0.049" /><testcase classname="tests.test_iter135_printability_and_refactor.TestOptimizeCORSExpose" name="test_expose_headers_lists_all_optimize_headers" time="0.060" /><testcase classname="tests.test_iter135_printability_and_refactor.TestPricingRefactor" name="test_get_pricing_returns_catalog_for_super_admin" time="0.375" /><testcase classname="tests.test_iter135_printability_and_refactor.TestPricingRefactor" name="test_get_pricing_403_for_non_super_admin" time="0.100" /><testcase classname="tests.test_iter135_printability_and_refactor.TestPricingRefactor" name="test_put_pricing_rejects_early_over_regular" time="0.097" /><testcase classname="tests.test_iter135_printability_and_refactor.TestPricingRefactor" name="test_put_pricing_rejects_unknown_package" time="0.156" /><testcase classname="tests.test_iter135_printability_and_refactor.TestPricingRefactor" name="test_put_pricing_happy_path_persists" time="0.220" /><testcase classname="tests.test_iter135_printability_and_refactor.TestAttachPasswordToGoogleAccount" name="test_register_attaches_password_to_google_only_row" time="0.452" /><testcase classname="tests.test_iter135_printability_and_refactor.TestAttachPasswordToGoogleAccount" name="test_register_fresh_email_creates_new_user" time="0.341" /><testcase classname="tests.test_iter136_1_ring_api.TestRingEnabled" name="test_ring_extends_outer_diameter_and_headers" time="0.539" /><testcase classname="tests.test_iter136_1_ring_api.TestRingDisabled" name="test_ring_disabled_by_default" time="0.499" /><testcase classname="tests.test_iter136_1_ring_api.TestRingTallerThanRelief" name="test_ring_taller_than_relief_wins_total_height" time="0.299" /><testcase classname="tests.test_iter136_1_ring_api.TestRingValidation" name="test_bad_ring_width_returns_422[0.5]" time="0.102" /><testcase classname="tests.test_iter136_1_ring_api.TestRingValidation" name="test_bad_ring_width_returns_422[50]" time="0.100" /><testcase classname="tests.test_iter136_1_ring_api.TestRingValidation" name="test_bad_ring_height_returns_422[0.1]" time="0.099" /><testcase classname="tests.test_iter136_1_ring_api.TestRingValidation" name="test_bad_ring_height_returns_422[40]" time="0.109" /><testcase classname="tests.test_iter136_1_ring_api.TestRingParamsIgnoredWhenDisabled" name="test_disabled_ring_accepts_oor_width" time="0.299" /><testcase classname="tests.test_iter136_bas_relief_api.TestBasReliefHappyPath" name="test_default_parameters_returns_stl" time="1.908" /><testcase classname="tests.test_iter136_bas_relief_api.TestBasReliefHappyPath" name="test_default_stl_parses_and_bounds_match" time="2.328" /><testcase classname="tests.test_iter136_bas_relief_api.TestBasReliefCustomParams" name="test_custom_dimensions_headers_and_z_extent" time="2.427" /><testcase classname="tests.test_iter136_bas_relief_api.TestBasReliefRejections" name="test_missing_both_image_fields_returns_400" time="0.117" /><testcase classname="tests.test_iter136_bas_relief_api.TestBasReliefRejections" name="test_diameter_below_min_returns_422" time="0.112" /><testcase classname="tests.test_iter136_bas_relief_api.TestBasReliefRejections" name="test_max_relief_above_max_returns_422" time="0.108" /><testcase classname="tests.test_iter136_bas_relief_api.TestBasReliefRejections" name="test_file_scheme_url_rejected_400" time="0.109" /><testcase classname="tests.test_iter136_bas_relief_api.TestBasReliefRejections" name="test_invalid_base64_returns_400" time="0.102" /><testcase classname="tests.test_iter136_bas_relief_api.TestBasReliefAuth" name="test_unauthenticated_returns_401" time="0.110" /><testcase classname="tests.test_iter136_bas_relief_api.TestBasReliefQuota" name="test_quota_unchanged_after_generation" time="1.945" /><testcase classname="tests.test_iter136_bas_relief_api.TestBasReliefImageUrlMode" name="test_image_url_mode_produces_stl" time="0.496" /><testcase classname="tests.test_iter136_optimize_behaviour_lock" name="test_optimize_flat_returns_valid_cost_estimate" time="0.165" /><testcase classname="tests.test_iter136_optimize_behaviour_lock" name="test_optimize_disc_returns_valid_cost_estimate" time="0.067" /><testcase classname="tests.test_iter137_thicken_http.TestThickenWallsHTTP" name="test_thin_plate_thickens_and_bbox_grows" time="0.102" /><testcase classname="tests.test_iter137_thicken_http.TestThickenWallsHTTP" name="test_thickened_output_clears_thin_walls_via_analyze" time="0.229" /><testcase classname="tests.test_iter137_thicken_http.TestThickenWallsHTTP" name="test_rejects_bad_offset[0.0]" time="0.138" /><testcase classname="tests.test_iter137_thicken_http.TestThickenWallsHTTP" name="test_rejects_bad_offset[10.0]" time="0.097" /><testcase classname="tests.test_iter137_thicken_http.TestThickenWallsHTTP" name="test_rejects_bad_offset[-0.1]" time="0.099" /><testcase classname="tests.test_iter137_thicken_http.TestThickenWallsHTTP" name="test_rejects_unsupported_extension" time="0.101" /><testcase classname="tests.test_iter137_thicken_http.TestThickenWallsHTTP" name="test_empty_body_returns_400" time="0.097" /><testcase classname="tests.test_iter137_thicken_http.TestThickenWallsHTTP" name="test_requires_auth" time="0.104" /><testcase classname="tests.test_iter137_thicken_http.TestPrintabilityRegression" name="test_analyze_still_works" time="0.120" /><testcase classname="tests.test_iter137_thicken_http.TestPrintabilityRegression" name="test_decimate_presets_still_works" time="0.101" /><testcase classname="tests.test_iter137_thicken_http.TestPrintabilityRegression" name="test_decimate_still_works" time="0.184" /><testcase classname="tests.test_iter137_thicken_http.TestPrintabilityRegression" name="test_add_base_still_works" time="0.153" /><testcase classname="tests.test_iter15_smoke.TestOrca" name="test_status_returns_installed_true_on_arm64" time="0.114" /><testcase classname="tests.test_iter15_smoke.TestOrca" name="test_progress_unknown_job_returns_404" time="0.095" /><testcase classname="tests.test_iter15_smoke.TestPublicLists" name="test_components_list" time="0.337" /><testcase classname="tests.test_iter15_smoke.TestPublicLists" name="test_gallery_list" time="0.627" /><testcase classname="tests.test_iter15_smoke.TestPublicLists" name="test_printers_list" time="0.100" /><testcase classname="tests.test_iter15_smoke.TestPublicLists" name="test_billing_packages" time="0.096" /><testcase classname="tests.test_iter15_smoke.TestPublicLists" name="test_auth_email_status_anonymous" time="0.105" /><testcase classname="tests.test_iter15_smoke.TestComponentSaveToShareAnonymous" name="test_save_pitman_arm_like_payload" time="0.631" /><testcase classname="tests.test_iter15_smoke.TestVoiceCommand" name="test_voice_command_intent" time="1.506" /><testcase classname="tests.test_iter90_moderation_and_suggestions" name="test_moderation_endpoints_admin_only" time="0.224" /><testcase classname="tests.test_iter90_moderation_and_suggestions" name="test_moderation_endpoints_reject_non_admin" time="0.107" /><testcase classname="tests.test_iter90_moderation_and_suggestions" name="test_moderation_lists_flagged" time="0.115" /><testcase classname="tests.test_iter90_moderation_and_suggestions" name="test_moderation_clear_flags" time="0.109" /><testcase classname="tests.test_iter90_moderation_and_suggestions" name="test_moderation_unpublish_keeps_row" time="0.107" /><testcase classname="tests.test_iter90_moderation_and_suggestions" name="test_moderation_delete_removes_row" time="0.098" /><testcase classname="tests.test_iter90_moderation_and_suggestions" name="test_submit_suggestion_unauth" time="0.100" /><testcase classname="tests.test_iter90_moderation_and_suggestions" name="test_submit_suggestion_happy_path" time="0.150" /><testcase classname="tests.test_iter90_moderation_and_suggestions" name="test_submit_suggestion_rate_limit" time="0.102" /><testcase classname="tests.test_iter90_moderation_and_suggestions" name="test_admin_can_resolve_suggestion" time="0.261" /><testcase classname="tests.test_iter90_moderation_and_suggestions" name="test_admin_can_reject_suggestion" time="0.214" /><testcase classname="tests.test_iter90_moderation_and_suggestions" name="test_admin_list_suggestions_admin_only" time="0.126" /><testcase classname="tests.test_license_api.TestGalleryLicense" name="test_gallery_post_with_agpl_license_roundtrips" time="0.614" /><testcase classname="tests.test_license_api.TestGalleryLicense" name="test_gallery_post_without_license_defaults_to_cc_by_4" time="0.041" /><testcase classname="tests.test_license_api.TestGalleryLicense" name="test_gallery_get_every_item_has_license_field" time="0.440" /><testcase classname="tests.test_license_api.TestComponentsLicense" name="test_components_post_with_mit_license_roundtrips" time="0.341" /><testcase classname="tests.test_license_api.TestComponentsLicense" name="test_components_post_without_license_defaults_to_cc_by_4" time="0.041" /><testcase classname="tests.test_license_api.TestComponentsLicense" name="test_components_get_every_item_has_license_field" time="0.260" /><testcase classname="tests.test_litho_studio.TestFilamentsAndPrinters" name="test_default_filaments_returns_cmykw_palette" time="0.095" /><testcase classname="tests.test_litho_studio.TestFilamentsAndPrinters" name="test_filament_library_returns_full_library" time="0.082" /><testcase classname="tests.test_litho_studio.TestFilamentsAndPrinters" name="test_printers_returns_50plus_profiles" time="0.043" /><testcase classname="tests.test_litho_studio.TestFilamentsAndPrinters" name="test_printer_fit_generic_orca" time="0.043" /><testcase classname="tests.test_litho_studio.TestOptimizeAndExport" name="test_palette_suggest" time="0.096" /><testcase classname="tests.test_litho_studio.TestOptimizeAndExport" name="test_optimize_returned_valid_job" time="0.099" /><testcase classname="tests.test_litho_studio.TestOptimizeAndExport" name="test_export_stl_binary" time="0.110" /><testcase classname="tests.test_litho_studio.TestOptimizeAndExport" name="test_export_3mf_is_zip" time="0.085" /><testcase classname="tests.test_litho_studio.TestOptimizeAndExport" name="test_export_swaps_txt_has_cmykw_header" time="0.084" /><testcase classname="tests.test_litho_studio.TestOptimizeAndExport" name="test_bogus_job_returns_404" time="0.089" /><testcase classname="tests.test_litho_studio.TestDiscGeometry" name="test_disc_optimize_has_low_void_pixels" time="0.118" /><testcase classname="tests.test_litho_studio.TestRegression" name="test_auth_me" time="0.044" /><testcase classname="tests.test_litho_studio.TestRegression" name="test_litho_inbox_older_api_removed" time="0.043" /><testcase classname="tests.test_litho_studio.TestRegression" name="test_sso_bridge_mint_removed" time="0.042" /><testcase classname="tests.test_litho_studio.TestRegression" name="test_sso_bridge_root_removed" time="0.042" /><testcase classname="tests.test_litho_studio.TestRegression" name="test_meshy_key_endpoint" time="0.045" /><testcase classname="tests.test_litho_studio.TestRegression" name="test_printability_analyze_small_stl" time="0.047" /><testcase classname="tests.test_litho_studio.TestPresets" name="test_presets_full_crud" time="0.338" /><testcase classname="tests.test_litho_studio.TestMyJobs" name="test_my_jobs_returns_list" time="0.049" /><testcase classname="tests.test_litho_studio.TestMyJobs" name="test_optimize_persists_job_in_my_jobs" time="0.144" /><testcase classname="tests.test_litho_studio.TestFilamentLibrary" name="test_filament_library_brands" time="0.081" /><testcase classname="tests.test_litho_studio.TestFilamentLibrary" name="test_filament_library_mine_returns_list" time="0.127" /><testcase classname="tests.test_litho_studio.TestMarketplace" name="test_browse_returns_200_list" time="0.044" /><testcase classname="tests.test_litho_studio.TestMarketplace" name="test_publish_browse_detail_unpublish_flow" time="0.548" /><testcase classname="tests.test_litho_studio.TestBraintreeCheckout" name="test_client_token_returns_nonempty_string" time="0.893" /><testcase classname="tests.test_litho_studio.TestBraintreeCheckout" name="test_checkout_endpoint_shape" time="1.553" /><testcase classname="tests.test_litho_studio.TestBraintreeCheckout" name="test_webhook_braintree_rejects_unsigned" time="0.044" /><testcase classname="tests.test_litho_studio.TestPayouts" name="test_status_returns_full_schema" time="0.045" /><testcase classname="tests.test_litho_studio.TestPayouts" name="test_set_paypal_email_persists" time="0.132" /><testcase classname="tests.test_litho_studio.TestPayouts" name="test_transactions_returns_list" time="0.043" /><testcase classname="tests.test_litho_studio.TestAdminPayouts" name="test_pending_forbidden_for_non_admin" time="0.053" /><testcase classname="tests.test_litho_studio.TestAdminPayouts" name="test_run_forbidden_for_non_admin" time="0.044" /><testcase classname="tests.test_litho_studio.TestAdminPayouts" name="test_batches_forbidden_for_non_admin" time="0.046" /><testcase classname="tests.test_litho_studio.TestPayPalWebhook" name="test_webhook_route_reachable" time="0.043" /><testcase classname="tests.test_litho_studio.TestTierGates" name="test_unit_is_paid_variants" time="0.000" /><testcase classname="tests.test_litho_studio.TestTierGates" name="test_free_tier_publish_returns_402_json" time="0.088" /><testcase classname="tests.test_litho_studio.TestTierGates" name="test_free_tier_set_email_402_no_db_mutation" time="0.046" /><testcase classname="tests.test_litho_studio.TestTierGates" name="test_free_tier_status_eligible_false" time="0.045" /><testcase classname="tests.test_litho_studio.TestTierGates" name="test_maker_tier_all_paid_endpoints_succeed" time="0.355" /><testcase classname="tests.test_litho_studio.TestTierGates" name="test_free_tier_non_gated_endpoints_still_work" time="1.261" /><testcase classname="tests.test_local_auth.TestRegister" name="test_register_and_login" time="0.741" /><testcase classname="tests.test_local_auth.TestRegister" name="test_register_weak_password_rejected" time="0.094" /><testcase classname="tests.test_local_auth.TestRegister" name="test_register_no_letter_rejected" time="0.109" /><testcase classname="tests.test_local_auth.TestRegister" name="test_duplicate_register_returns_409" time="0.416" /><testcase classname="tests.test_local_auth.TestLogin" name="test_wrong_password_returns_401" time="0.641" /><testcase classname="tests.test_local_auth.TestLogin" name="test_unknown_email_returns_401" time="0.094" /><testcase classname="tests.test_local_auth.TestProfileUpdate" name="test_update_profile_fields_and_shares" time="0.378" /><testcase classname="tests.test_local_auth.TestForgotPassword" name="test_forgot_password_known_and_unknown_both_200" time="0.731" /><testcase classname="tests.test_local_auth.TestForgotPassword" name="test_reset_with_invalid_token_400" time="0.110" /><testcase classname="tests.test_local_auth.TestMagicLink" name="test_magic_link_request_always_200" time="0.093" /><testcase classname="tests.test_local_auth.TestMagicLink" name="test_consume_invalid_token" time="0.098" /><testcase classname="tests.test_local_auth.TestAuthMeShape" name="test_me_contains_share_toggles_for_new_user" time="0.378" /><testcase classname="tests.test_local_auth_e2e.TestPasswordResetRoundTrip" name="test_full_reset_flow_with_injected_token" time="1.422" /><testcase classname="tests.test_local_auth_e2e.TestPasswordResetRoundTrip" name="test_expired_token_rejected" time="0.421" /><testcase classname="tests.test_local_auth_e2e.TestMagicLinkRoundTrip" name="test_full_magic_link_flow_with_injected_token" time="0.560" /><testcase classname="tests.test_local_auth_e2e.TestPasswordResetInvalidatesSessions" name="test_old_session_dies_after_reset" time="0.749" /><testcase classname="tests.test_material_toys_api.TestGalleryMaterial" name="test_default_material_is_pla" time="0.107" /><testcase classname="tests.test_material_toys_api.TestGalleryMaterial" name="test_create_petg_roundtrips" time="0.614" /><testcase classname="tests.test_material_toys_api.TestGalleryMaterial" name="test_create_abs_roundtrips" time="0.060" /><testcase classname="tests.test_material_toys_api.TestGalleryMaterial" name="test_filter_by_material_petg" time="0.112" /><testcase classname="tests.test_material_toys_api.TestGalleryMaterial" name="test_filter_by_material_pla" time="0.379" /><testcase classname="tests.test_material_toys_api.TestGalleryMaterial" name="test_list_unfiltered_returns_all" time="0.579" /><testcase classname="tests.test_material_toys_api.TestGalleryMaterial" name="test_cleanup" time="0.154" /><testcase classname="tests.test_material_toys_api.TestComponentsToysCategory" name="test_create_toy_component" time="0.052" /><testcase classname="tests.test_material_toys_api.TestComponentsToysCategory" name="test_toy_appears_in_list" time="0.304" /><testcase classname="tests.test_material_toys_api.TestComponentsToysCategory" name="test_cleanup" time="0.984" /><testcase classname="tests.test_mesh_optimize.TestDecimatePresets" name="test_presets_are_registered" time="0.000" /><testcase classname="tests.test_mesh_optimize.TestDecimatePresets" name="test_decimate_returns_stl_at_or_under_target[mini]" time="0.011" /><testcase classname="tests.test_mesh_optimize.TestDecimatePresets" name="test_decimate_returns_stl_at_or_under_target[functional]" time="0.010" /><testcase classname="tests.test_mesh_optimize.TestDecimatePresets" name="test_decimate_returns_stl_at_or_under_target[low_poly]" time="0.010" /><testcase classname="tests.test_mesh_optimize.TestDecimatePresets" name="test_decimate_rejects_unknown_preset" time="0.002" /><testcase classname="tests.test_mesh_optimize.TestDecimatePresets" name="test_decimate_never_zeroes_the_mesh" time="0.002" /><testcase classname="tests.test_mesh_optimize.TestAutoBase" name="test_cylinder_adds_footprint" time="0.020" /><testcase classname="tests.test_mesh_optimize.TestAutoBase" name="test_rectangle_shape" time="0.014" /><testcase classname="tests.test_mesh_optimize.TestAutoBase" name="test_rejects_bad_shape" time="0.002" /><testcase classname="tests.test_mesh_optimize.TestAutoBase" name="test_rejects_bad_thickness[0.1]" time="0.002" /><testcase classname="tests.test_mesh_optimize.TestAutoBase" name="test_rejects_bad_thickness[25.0]" time="0.002" /><testcase classname="tests.test_mesh_optimize.TestAutoBase" name="test_rejects_bad_thickness[-1.0]" time="0.002" /><testcase classname="tests.test_mesh_optimize.TestAutoBase" name="test_rejects_bad_margin[-0.5]" time="0.002" /><testcase classname="tests.test_mesh_optimize.TestAutoBase" name="test_rejects_bad_margin[25.0]" time="0.002" /><testcase classname="tests.test_mesh_optimize.TestThinWallDetector" name="test_thin_plate_flagged" time="0.004" /><testcase classname="tests.test_mesh_optimize.TestThinWallDetector" name="test_bulky_sphere_not_flagged" time="0.064" /><testcase classname="tests.test_mesh_optimize.TestThinWallDetector" name="test_micro_mesh_bails_silently" time="0.000" /><testcase classname="tests.test_mesh_optimize.TestThickenWalls" name="test_offset_grows_bbox" time="0.012" /><testcase classname="tests.test_mesh_optimize.TestThickenWalls" name="test_thickened_plate_clears_thin_wall_detector" time="0.065" /><testcase classname="tests.test_mesh_optimize.TestThickenWalls" name="test_rejects_bad_offset[0.0]" time="0.001" /><testcase classname="tests.test_mesh_optimize.TestThickenWalls" name="test_rejects_bad_offset[-0.1]" time="0.001" /><testcase classname="tests.test_mesh_optimize.TestThickenWalls" name="test_rejects_bad_offset[10.0]" time="0.000" /><testcase classname="tests.test_mesh_optimize.TestThickenWalls" name="test_pre_decimation_marker" time="0.031" /><testcase classname="tests.test_meshy_key.TestSecretsVault" name="test_encrypt_decrypt_round_trip" time="0.001" /><testcase classname="tests.test_meshy_key.TestSecretsVault" name="test_encrypt_produces_different_ciphertext_each_call" time="0.000" /><testcase classname="tests.test_meshy_key.TestSecretsVault" name="test_decrypt_bad_token_returns_none" time="0.000" /><testcase classname="tests.test_meshy_key.TestSecretsVault" name="test_mask_secret_preserves_first_and_last_4" time="0.000" /><testcase classname="tests.test_meshy_key.TestSecretsVault" name="test_mask_secret_short_token_fully_bulleted" time="0.000" /><testcase classname="tests.test_meshy_key.TestSecretsVault" name="test_mask_secret_empty_returns_empty" time="0.000" /><testcase classname="tests.test_meshy_key.TestMeshyKeyRoutes" name="test_status_anonymous_401" time="0.154" /><testcase classname="tests.test_meshy_key.TestMeshyKeyRoutes" name="test_status_new_user_no_key" time="0.104" /><testcase classname="tests.test_meshy_key.TestMeshyKeyRoutes" name="test_save_rejects_invalid_meshy_key" time="0.276" /><testcase classname="tests.test_meshy_key.TestMeshyKeyRoutes" name="test_save_and_status_and_delete_with_planted_encryption" time="0.393" /><testcase classname="tests.test_meshy_key.TestMeshyKeyRoutes" name="test_save_rejects_too_short_key" time="0.106" /><testcase classname="tests.test_meshy_style_deprecation" name="test_art_style_field_is_not_sent_to_meshy" time="0.001" /><testcase classname="tests.test_meshy_style_deprecation" name="test_sculpture_style_injects_prompt_hint" time="0.000" /><testcase classname="tests.test_meshy_style_deprecation" name="test_realistic_style_still_prompt_hinted" time="0.000" /><testcase classname="tests.test_meshy_style_deprecation" name="test_prompt_is_still_capped_at_600_chars" time="0.000" /><testcase classname="tests.test_meshy_style_deprecation" name="test_unknown_style_falls_through_without_hint" time="0.000" /><testcase classname="tests.test_mine_filter.TestMineFilter" name="test_gallery_mine_unauthenticated_returns_empty" time="0.114" /><testcase classname="tests.test_mine_filter.TestMineFilter" name="test_components_mine_unauthenticated_returns_empty" time="0.096" /><testcase classname="tests.test_mine_filter.TestMineFilter" name="test_gallery_public_listing_still_works" time="0.696" /><testcase classname="tests.test_mine_filter.TestMineFilter" name="test_components_public_listing_still_works" time="0.332" /><testcase classname="tests.test_mine_filter.TestMineFilter" name="test_components_public_listing_with_filters_still_works" time="0.092" /><testcase classname="tests.test_orca_async_job" name="test_result_rejects_malformed_job_id" time="0.003" /><testcase classname="tests.test_orca_async_job" name="test_result_returns_404_for_unknown_job" time="0.002" /><testcase classname="tests.test_orca_async_job" name="test_result_returns_202_while_running" time="0.002" /><testcase classname="tests.test_orca_async_job" name="test_result_surfaces_done_payload" time="0.002" /><testcase classname="tests.test_orca_async_job" name="test_result_surfaces_error_with_original_status_code" time="0.001" /><testcase classname="tests.test_orca_async_job" name="test_result_500_when_done_but_no_payload" time="0.001" /><testcase classname="tests.test_orca_async_job" name="test_slice_returns_503_when_engine_missing" time="0.001" /><testcase classname="tests.test_orca_async_job" name="test_slice_returns_400_for_invalid_base64" time="0.002" /><testcase classname="tests.test_orca_async_job" name="test_slice_returns_413_for_oversized_stl" time="0.606" /><testcase classname="tests.test_orca_async_job" name="test_slice_returns_202_with_job_id_when_engine_installed" time="0.003" /><testcase classname="tests.test_orca_async_job" name="test_stale_progress_slots_evicted_after_ttl" time="0.009" /><testcase classname="tests.test_orca_cancel" name="test_cancel_rejects_malformed_id" time="0.002" /><testcase classname="tests.test_orca_cancel" name="test_cancel_unknown_job_returns_404" time="0.001" /><testcase classname="tests.test_orca_cancel" name="test_cancel_running_job_signals_cancellation" time="0.001" /><testcase classname="tests.test_orca_cancel" name="test_cancel_already_done_job_is_idempotent" time="0.001" /><testcase classname="tests.test_orca_cancel" name="test_cancel_when_subprocess_already_exited" time="0.001" /><testcase classname="tests.test_orca_cancel" name="test_cancel_without_proc_handle" time="0.001" /><testcase classname="tests.test_orca_compat_patch" name="test_cross_vendor_combo_rewrites_process_compatible_printers" time="0.000" /><testcase classname="tests.test_orca_compat_patch" name="test_matched_vendor_combo_is_idempotent" time="0.000" /><testcase classname="tests.test_orca_compat_patch" name="test_stale_compatible_printers_condition_is_stripped" time="0.000" /><testcase classname="tests.test_orca_compat_patch" name="test_filament_compatible_printers_and_prints_both_patched" time="0.000" /><testcase classname="tests.test_orca_compat_patch" name="test_missing_compatible_printers_field_gets_added" time="0.000" /><testcase classname="tests.test_orca_compat_patch" name="test_helper_is_safe_when_filament_missing" time="0.000" /><testcase classname="tests.test_orca_compat_patch" name="test_helper_is_safe_when_printer_name_missing" time="0.000" /><testcase classname="tests.test_orca_compat_patch" name="test_returns_same_dict_for_chaining" time="0.000" /><testcase classname="tests.test_orca_engine" name="test_orca_status_returns_well_formed_payload" time="0.105" /><testcase classname="tests.test_orca_engine" name="test_orca_slice_returns_503_when_engine_missing" time="0.101" /><testcase classname="tests.test_orca_fallback_preset" name="test_fallback_constants_match_known_orca_presets" time="0.000" /><testcase classname="tests.test_orca_fallback_preset" name="test_resolve_fallback_preset_returns_flat_chain_for_machine" time="0.001" /><testcase classname="tests.test_orca_fallback_preset" name="test_resolve_fallback_preset_returns_process_preset" time="0.001" /><testcase classname="tests.test_orca_fallback_preset" name="test_resolve_fallback_preset_returns_filament_preset" time="0.001" /><testcase classname="tests.test_orca_fallback_preset" name="test_load_system_preset_raises_when_inherits_target_missing" time="0.001" /><testcase classname="tests.test_orca_gcode_stats" name="test_parses_marlin_style_layer_markers" time="0.000" /><testcase classname="tests.test_orca_gcode_stats" name="test_parses_orca_style_layer_change_markers" time="0.000" /><testcase classname="tests.test_orca_gcode_stats" name="test_parses_both_marker_styles_in_same_file" time="0.000" /><testcase classname="tests.test_orca_gcode_stats" name="test_handles_space_prefix_variant" time="0.000" /><testcase classname="tests.test_orca_gcode_stats" name="test_returns_none_when_no_markers_present" time="0.000" /><testcase classname="tests.test_orca_gcode_stats" name="test_extracts_filament_used_footer" time="0.000" /><testcase classname="tests.test_orca_profile_staging" name="test_stage_user_profile_stamps_all_required_metadata_for_empty_inputs" time="0.000" /><testcase classname="tests.test_orca_profile_staging" name="test_stage_user_profile_normalises_type_for_each_kind" time="0.000" /><testcase classname="tests.test_orca_profile_staging" name="test_stage_user_profile_strips_metadata_overrides_then_restamps" time="0.000" /><testcase classname="tests.test_orca_profile_staging" name="test_stage_user_profile_carries_base_keys_through" time="0.000" /><testcase classname="tests.test_orca_profile_staging" name="test_stage_user_profile_metadata_keys_come_FIRST" time="0.000" /><testcase classname="tests.test_orca_profile_staging" name="test_stage_user_profile_serialises_to_orca_valid_json" time="0.000" /><testcase classname="tests.test_orca_profile_staging" name="test_orca_stringify_handles_python_scalars" time="0.000" /><testcase classname="tests.test_orca_profile_staging" name="test_orca_stringify_recurses_into_lists" time="0.000" /><testcase classname="tests.test_orca_profile_staging" name="test_stage_user_profile_sovol_sv06_ace_reproduces_production_input" time="0.000" /><testcase classname="tests.test_orca_profile_staging" name="test_stage_user_profile_process_profile_stringifies_layer_height" time="0.000" /><testcase classname="tests.test_orca_progress" name="test_progress_re_matches_orca_status_lines" time="0.000" /><testcase classname="tests.test_orca_progress" name="test_tail_stdout_updates_progress_dict" time="0.000" /><testcase classname="tests.test_orca_progress" name="test_tail_stdout_clamps_out_of_range_percents" time="0.000" /><testcase classname="tests.test_orca_progress" name="test_progress_dict_isolation_between_jobs" time="0.000" /><testcase classname="tests.test_orca_upstream" name="test_machine_path_re_matches_real_examples" time="0.000" /><testcase classname="tests.test_orca_upstream" name="test_skip_patterns_filters_abstract_profiles" time="0.000" /><testcase classname="tests.test_orca_upstream" name="test_parse_quickfields_extracts_build_volume_and_nozzle" time="0.000" /><testcase classname="tests.test_orca_upstream" name="test_parse_quickfields_tolerates_missing_or_malformed" time="0.000" /><testcase classname="tests.test_orca_upstream" name="test_parse_quickfields_multi_nozzle_string" time="0.000" /><testcase classname="tests.test_orca_upstream" name="test_parse_quickfields_multi_nozzle_list_of_strings" time="0.000" /><testcase classname="tests.test_orca_upstream" name="test_upstream_endpoints_reject_anonymous" time="0.200" /><testcase classname="tests.test_orca_upstream" name="test_upstream_endpoints_reject_non_admin" time="0.103" /><testcase classname="tests.test_orca_upstream" name="test_synced_printers_is_public" time="0.276" /><testcase classname="tests.test_orca_upstream" name="test_admin_can_list_pending_deltas" time="0.103" /><testcase classname="tests.test_orca_upstream" name="test_merge_promotes_cached_json_to_synced_printers" time="0.767" /><testcase classname="tests.test_orca_upstream" name="test_dismiss_marks_delta_dismissed" time="0.191" /><testcase classname="tests.test_orca_upstream" name="test_digest_state_endpoint_admin_only" time="0.099" /><testcase classname="tests.test_orca_upstream" name="test_digest_state_endpoint_unauth" time="0.095" /><testcase classname="tests.test_orca_upstream" name="test_digest_state_endpoint_returns_state" time="0.133" /><testcase classname="tests.test_orca_upstream" name="test_digest_send_now_returns_counts" time="0.115" /><testcase classname="tests.test_orca_upstream" name="test_digest_send_now_admin_only" time="0.092" /><testcase classname="tests.test_orca_upstream" name="test_merge_all_pending_admin_only" time="0.094" /><testcase classname="tests.test_orca_upstream" name="test_merge_all_pending_rejects_non_admin" time="0.105" /><testcase classname="tests.test_orca_upstream" name="test_merge_all_pending_merges_every_pending_delta" time="0.121" /><testcase classname="tests.test_orca_upstream" name="test_merge_all_pending_is_idempotent" time="0.154" /><testcase classname="tests.test_orca_warnings_extraction" name="test_empty_layer_warning_extracted_and_prefix_stripped" time="0.000" /><testcase classname="tests.test_orca_warnings_extraction" name="test_duplicate_warnings_dedupe" time="0.000" /><testcase classname="tests.test_orca_warnings_extraction" name="test_warnings_capped_at_twelve" time="0.000" /><testcase classname="tests.test_orca_warnings_extraction" name="test_non_warning_log_lines_ignored" time="0.000" /><testcase classname="tests.test_orca_warnings_extraction" name="test_can_not_be_printed_variants" time="0.000" /><testcase classname="tests.test_orca_warnings_extraction" name="test_empty_stdout_returns_empty_list" time="0.000" /><testcase classname="tests.test_printability.TestPrintabilityAnalyzer" name="test_clean_cube_scores_high" time="0.003" /><testcase classname="tests.test_printability.TestPrintabilityAnalyzer" name="test_non_watertight_mesh_flags_critical" time="0.003" /><testcase classname="tests.test_printability.TestPrintabilityAnalyzer" name="test_loose_fragment_detected" time="0.004" /><testcase classname="tests.test_printability.TestPrintabilityAnalyzer" name="test_no_flat_base_flags_add_base_fix" time="0.010" /><testcase classname="tests.test_printability.TestPrintabilityAnalyzer" name="test_tiny_mesh_triggers_unit_mismatch_warning" time="0.003" /><testcase classname="tests.test_printability.TestPrintabilityAnalyzer" name="test_score_is_clamped_0_to_100" time="0.007" /><testcase classname="tests.test_printability.TestPrintabilityAnalyzer" name="test_verdict_thresholds" time="0.005" /><testcase classname="tests.test_printability.TestPrintabilityAnalyzer" name="test_analyze_mesh_bytes_accepts_stl" time="0.003" /><testcase classname="tests.test_printability.TestPrintabilityAnalyzer" name="test_analyze_mesh_bytes_rejects_empty" time="0.000" /><testcase classname="tests.test_printability.TestPrintabilityAnalyzer" name="test_analyze_mesh_bytes_rejects_garbage" time="0.000" /><testcase classname="tests.test_printability.TestPrintabilityAnalyzer" name="test_report_dict_is_json_ready" time="0.003" /><testcase classname="tests.test_printability.TestPrintabilityHTTP" name="test_401_when_unauthenticated" time="0.099" /><testcase classname="tests.test_printability.TestPrintabilityHTTP" name="test_400_on_bad_extension" time="0.104" /><testcase classname="tests.test_printability.TestPrintabilityHTTP" name="test_happy_path_returns_full_report" time="0.100" /><testcase classname="tests.test_printability_http_extra.TestPrintabilityHTTPClean" name="test_clean_cube_full_field_assertions" time="0.107" /><testcase classname="tests.test_printability_http_extra.TestPrintabilityHTTPNonWatertight" name="test_broken_cube_returns_non_watertight_critical" time="0.424" /><testcase classname="tests.test_printers_api.TestPrintersCrud" name="test_create_printer" time="0.098" /><testcase classname="tests.test_printers_api.TestPrintersCrud" name="test_list_printers" time="0.045" /><testcase classname="tests.test_printers_api.TestPrintersCrud" name="test_use_increments" time="1.053" /><testcase classname="tests.test_printers_api.TestPrintersCrud" name="test_use_404" time="0.047" /><testcase classname="tests.test_printers_api.TestPrintersCrud" name="test_upvote_increments" time="0.155" /><testcase classname="tests.test_printers_api.TestPrintersCrud" name="test_upvote_404" time="0.045" /><testcase classname="tests.test_printers_api.TestPrintersCrud" name="test_list_sort_order_top_voted_first" time="0.091" /><testcase classname="tests.test_printers_api.TestPrintersCrud" name="test_delete_printer" time="0.854" /><testcase classname="tests.test_printers_api.TestPrintersCrud" name="test_delete_404" time="0.681" /><testcase classname="tests.test_projects.TestAuthGate" name="test_list_unauth" time="0.098" /><testcase classname="tests.test_projects.TestAuthGate" name="test_post_unauth" time="0.099" /><testcase classname="tests.test_projects.TestAuthGate" name="test_get_unauth" time="0.100" /><testcase classname="tests.test_projects.TestAuthGate" name="test_put_unauth" time="0.129" /><testcase classname="tests.test_projects.TestAuthGate" name="test_delete_unauth" time="0.122" /><testcase classname="tests.test_projects.TestCRUD" name="test_initial_list_empty" time="0.098" /><testcase classname="tests.test_projects.TestCRUD" name="test_create_root_and_child_and_cascade_delete" time="1.727" /><testcase classname="tests.test_projects.TestIsolation" name="test_user_b_cannot_see_or_mutate_user_a_project" time="0.629" /><testcase classname="tests.test_shared_printers" name="test_browse_anonymous_ok" time="0.102" /><testcase classname="tests.test_shared_printers" name="test_publish_unpublish_roundtrip" time="0.482" /><testcase classname="tests.test_shared_printers" name="test_publish_404_for_other_users_printer" time="2.283" /><testcase classname="tests.test_shared_printers" name="test_publish_unauthenticated" time="0.096" /><testcase classname="tests.test_shared_printers" name="test_clone_copies_into_caller_namespace" time="0.403" /><testcase classname="tests.test_shared_printers" name="test_clone_404_if_not_published" time="0.200" /><testcase classname="tests.test_shared_printers" name="test_clone_requires_auth" time="0.263" /><testcase classname="tests.test_shared_printers" name="test_browse_filter_by_printer_model" time="0.357" /><testcase classname="tests.test_shared_printers" name="test_flag_increments_count" time="0.404" /><testcase classname="tests.test_user_printers" name="test_build_profile_from_user_printer_shape" time="0.001" /><testcase classname="tests.test_user_printers" name="test_build_profile_falls_back_to_name_when_model_missing" time="0.000" /><testcase classname="tests.test_user_printers" name="test_list_requires_auth" time="0.100" /><testcase classname="tests.test_user_printers" name="test_create_and_list" time="0.197" /><testcase classname="tests.test_user_printers" name="test_get_404_for_unknown_printer" time="0.105" /><testcase classname="tests.test_user_printers" name="test_update_and_delete" time="0.238" /><testcase classname="tests.test_user_printers" name="test_validation_bounds" time="0.103" /><testcase classname="tests.test_user_printers" name="test_invalid_gcode_flavor_rejected" time="0.103" /><testcase classname="tests.test_user_printers" name="test_slice_unknown_user_printer_returns_404" time="0.203" /><testcase classname="tests.test_user_printers" name="test_slice_user_printer_requires_auth" time="0.196" /><testcase classname="tests.test_user_printers" name="test_slice_with_owned_user_printer_returns_202" time="0.263" /><testcase classname="tests.test_voice_command.TestVoiceCommand" name="test_add_cube_with_dims" time="1.339" /><testcase classname="tests.test_voice_command.TestVoiceCommand" name="test_translate_right" time="0.993" /><testcase classname="tests.test_voice_command.TestVoiceCommand" name="test_rotate_y" time="1.045" /><testcase classname="tests.test_voice_command.TestVoiceCommand" name="test_boolean_subtract" time="1.102" /><testcase classname="tests.test_voice_command.TestVoiceCommand" name="test_delete" time="0.959" /><testcase classname="tests.test_voice_command.TestVoiceCommand" name="test_export_stl" time="1.035" /><testcase classname="tests.test_voice_command.TestVoiceCommand" name="test_save_component_dialog" time="1.020" /><testcase classname="tests.test_voice_command.TestVoiceCommand" name="test_nonsense_returns_unknown_not_500" time="1.056" /><testcase classname="tests.test_voice_command.TestVoiceCommand" name="test_empty_transcript_returns_400" time="0.097" /><testcase classname="tests.test_voice_command.TestRegression" name="test_gallery_list" time="0.527" /><testcase classname="tests.test_voice_command.TestRegression" name="test_components_list" time="0.312" /><testcase classname="tests.test_voice_command.TestRegression" name="test_printers_list" time="0.096" /><testcase classname="tests.test_voice_command.TestRegression" name="test_root_ok" time="0.097" /><testcase classname="tests.test_voice_templates" name="test_to_mm_handles_inches_and_feet" time="0.000" /><testcase classname="tests.test_voice_templates" name="test_kg_from_handles_lbs_and_oz" time="0.000" /><testcase classname="tests.test_voice_templates" name="test_to_mm_rejects_garbage_unit" time="0.000" /><testcase classname="tests.test_voice_templates" name="test_registry_lists_both_templates" time="0.000" /><testcase classname="tests.test_voice_templates" name="test_prompt_descriptions_includes_every_template" time="0.000" /><testcase classname="tests.test_voice_templates" name="test_board_faceplate_pi4_expands_to_plate_holes_cutouts_and_subtract" time="0.000" /><testcase classname="tests.test_voice_templates" name="test_board_faceplate_default_is_minimal_front_panel" time="0.000" /><testcase classname="tests.test_voice_templates" name="test_board_faceplate_unknown_board_raises" time="0.000" /><testcase classname="tests.test_voice_templates" name="test_board_faceplate_can_disable_mount_holes_and_cutouts" time="0.000" /><testcase classname="tests.test_voice_templates" name="test_board_faceplate_thickness_and_border_affect_plate_dims" time="0.000" /><testcase classname="tests.test_voice_templates" name="test_bracket_imperial_inputs_convert_to_mm" time="0.000" /><testcase classname="tests.test_voice_templates" name="test_bracket_includes_gusset_and_screw_holes" time="0.000" /><testcase classname="tests.test_voice_templates" name="test_bracket_plate_thickness_scales_with_load_and_depth" time="0.000" /><testcase classname="tests.test_voice_templates" name="test_bracket_material_petg_is_thinner_than_abs" time="0.000" /><testcase classname="tests.test_voice_templates" name="test_bracket_default_load_when_omitted" time="0.000" /><testcase classname="tests.test_voice_templates_boards" name="test_pi4_default_is_wall_orientation" time="0.000" /><testcase classname="tests.test_voice_templates_boards" name="test_pi4_wall_cutouts_pierce_through_thickness" time="0.000" /><testcase classname="tests.test_voice_templates_boards" name="test_pi4_wall_cutout_z_position_above_bed" time="0.000" /><testcase classname="tests.test_voice_templates_boards" name="test_pi4_wall_width_matches_long_edge_plus_border" time="0.000" /><testcase classname="tests.test_voice_templates_boards" name="test_pi4_tray_orientation_lies_flat" time="0.000" /><testcase classname="tests.test_voice_templates_boards" name="test_pi4_tray_mount_holes_when_requested" time="0.000" /><testcase classname="tests.test_voice_templates_boards" name="test_skip_plate_emits_only_negatives" time="0.000" /><testcase classname="tests.test_voice_templates_boards" name="test_wall_only_uses_first_face" time="0.238" /></testsuite></testsuites>