<?xml version="1.0" encoding="utf-8"?><testsuites name="pytest tests"><testsuite name="pytest" errors="0" failures="0" skipped="0" tests="12" time="2.435" timestamp="2026-07-13T03:48:55.570007+00:00" hostname="agent-env-daa8bbd0-7e1b-41e9-85fb-13fc2c4f8cf6"><testcase classname="tests.test_iter137_thicken_http.TestThickenWallsHTTP" name="test_thin_plate_thickens_and_bbox_grows" time="0.166" /><testcase classname="tests.test_iter137_thicken_http.TestThickenWallsHTTP" name="test_thickened_output_clears_thin_walls_via_analyze" time="0.276" /><testcase classname="tests.test_iter137_thicken_http.TestThickenWallsHTTP" name="test_rejects_bad_offset[0.0]" time="0.203" /><testcase classname="tests.test_iter137_thicken_http.TestThickenWallsHTTP" name="test_rejects_bad_offset[10.0]" time="0.127" /><testcase classname="tests.test_iter137_thicken_http.TestThickenWallsHTTP" name="test_rejects_bad_offset[-0.1]" time="0.103" /><testcase classname="tests.test_iter137_thicken_http.TestThickenWallsHTTP" name="test_rejects_unsupported_extension" time="0.100" /><testcase classname="tests.test_iter137_thicken_http.TestThickenWallsHTTP" name="test_empty_body_returns_400" time="0.146" /><testcase classname="tests.test_iter137_thicken_http.TestThickenWallsHTTP" name="test_requires_auth" time="0.104" /><testcase classname="tests.test_iter137_thicken_http.TestPrintabilityRegression" name="test_analyze_still_works" time="0.117" /><testcase classname="tests.test_iter137_thicken_http.TestPrintabilityRegression" name="test_decimate_presets_still_works" time="0.104" /><testcase classname="tests.test_iter137_thicken_http.TestPrintabilityRegression" name="test_decimate_still_works" time="0.197" /><testcase classname="tests.test_iter137_thicken_http.TestPrintabilityRegression" name="test_add_base_still_works" time="0.155" /></testsuite></testsuites>