<?xml version="1.0" encoding="utf-8"?><testsuites name="pytest tests"><testsuite name="pytest" errors="0" failures="0" skipped="0" tests="12" time="1.616" timestamp="2026-06-03T16:59:55.171731+00:00" hostname="agent-env-daa8bbd0-7e1b-41e9-85fb-13fc2c4f8cf6"><testcase classname="tests.test_orca_upstream" name="test_machine_path_re_matches_real_examples" time="0.000" /><testcase classname="tests.test_orca_upstream" name="test_skip_patterns_filters_abstract_profiles" time="0.000" /><testcase classname="tests.test_orca_upstream" name="test_parse_quickfields_extracts_build_volume_and_nozzle" time="0.000" /><testcase classname="tests.test_orca_upstream" name="test_parse_quickfields_tolerates_missing_or_malformed" time="0.000" /><testcase classname="tests.test_orca_upstream" name="test_parse_quickfields_multi_nozzle_string" time="0.000" /><testcase classname="tests.test_orca_upstream" name="test_parse_quickfields_multi_nozzle_list_of_strings" time="0.000" /><testcase classname="tests.test_orca_upstream" name="test_upstream_endpoints_reject_anonymous" time="0.423" /><testcase classname="tests.test_orca_upstream" name="test_upstream_endpoints_reject_non_admin" time="0.125" /><testcase classname="tests.test_orca_upstream" name="test_synced_printers_is_public" time="0.128" /><testcase classname="tests.test_orca_upstream" name="test_admin_can_list_pending_deltas" time="0.146" /><testcase classname="tests.test_orca_upstream" name="test_merge_promotes_cached_json_to_synced_printers" time="0.315" /><testcase classname="tests.test_orca_upstream" name="test_dismiss_marks_delta_dismissed" time="0.164" /></testsuite></testsuites>