<?xml version="1.0" encoding="utf-8"?><testsuites name="pytest tests"><testsuite name="pytest" errors="0" failures="0" skipped="0" tests="80" time="23.996" timestamp="2026-05-19T18:43:38.613218+00:00" hostname="agent-env-daa8bbd0-7e1b-41e9-85fb-13fc2c4f8cf6"><testcase classname="backend.tests.test_auth_api.TestAuthEndpoints" name="test_me_requires_auth" time="0.144" /><testcase classname="backend.tests.test_auth_api.TestAuthEndpoints" name="test_me_returns_user_with_bearer" time="0.123" /><testcase classname="backend.tests.test_auth_api.TestAuthEndpoints" name="test_logout_invalidates_session" time="0.322" /><testcase classname="backend.tests.test_auth_api.TestAuthEndpoints" name="test_exchange_rejects_blank_session_id" time="0.147" /><testcase classname="backend.tests.test_auth_api.TestPrivateLibraries" name="test_my_designs_empty_for_new_user" time="0.122" /><testcase classname="backend.tests.test_auth_api.TestPrivateLibraries" name="test_my_components_empty_for_new_user" time="0.108" /><testcase classname="backend.tests.test_auth_api.TestPrivateLibraries" name="test_private_design_is_hidden_from_public" time="0.495" /><testcase classname="backend.tests.test_auth_api.TestPrivateLibraries" name="test_owner_can_delete_their_design" time="0.372" /><testcase classname="backend.tests.test_auth_api.TestLegacyMigration" name="test_public_legacy_items_have_legacy_prefix" time="0.273" /><testcase classname="backend.tests.test_auth_components_extra.TestPrivateComponents" name="test_private_component_hidden_and_in_me" time="0.817" /><testcase classname="backend.tests.test_auth_components_extra.TestPrivateComponents" name="test_logged_in_author_overrides_payload" time="0.124" /><testcase classname="backend.tests.test_auth_components_extra.TestAnonymousRegression" name="test_gallery_anonymous_listing" time="0.336" /><testcase classname="backend.tests.test_auth_components_extra.TestAnonymousRegression" name="test_components_anonymous_listing" time="0.686" /><testcase classname="backend.tests.test_auth_components_extra.TestAnonymousRegression" name="test_printers_anonymous_listing" time="0.121" /><testcase classname="backend.tests.test_auth_components_extra.TestAnonymousRegression" name="test_anonymous_gallery_post_uses_free_text_author" time="0.251" /><testcase classname="backend.tests.test_auth_components_extra.TestAnonymousRegression" name="test_me_endpoints_require_auth" time="0.216" /><testcase classname="backend.tests.test_components_p1.TestVerifiedField" name="test_create_component_defaults_verified_false" time="0.176" /><testcase classname="backend.tests.test_components_p1.TestVerifiedField" name="test_list_components_returns_verified_field" time="0.631" /><testcase classname="backend.tests.test_components_p1.TestExpandedCategories" name="test_each_new_category_accepted[fasteners]" time="0.198" /><testcase classname="backend.tests.test_components_p1.TestExpandedCategories" name="test_each_new_category_accepted[electronics]" time="0.165" /><testcase classname="backend.tests.test_components_p1.TestExpandedCategories" name="test_each_new_category_accepted[brackets]" time="0.157" /><testcase classname="backend.tests.test_components_p1.TestExpandedCategories" name="test_each_new_category_accepted[hinges]" time="0.159" /><testcase classname="backend.tests.test_components_p1.TestExpandedCategories" name="test_each_new_category_accepted[gears]" time="0.161" /><testcase classname="backend.tests.test_components_p1.TestExpandedCategories" name="test_each_new_category_accepted[decorative]" time="0.162" /><testcase classname="backend.tests.test_components_p1.TestExpandedCategories" name="test_each_new_category_accepted[organizers]" time="0.206" /><testcase classname="backend.tests.test_components_p1.TestExpandedCategories" name="test_each_new_category_accepted[miniatures]" time="0.192" /><testcase classname="backend.tests.test_components_p1.TestExpandedCategories" name="test_each_new_category_accepted[structural]" time="0.229" /><testcase classname="backend.tests.test_components_p1.TestExpandedCategories" name="test_unknown_category_falls_back_to_misc" time="0.240" /><testcase classname="backend.tests.test_components_p1.TestExpandedCategories" name="test_legacy_categories_still_accepted" time="0.593" /><testcase classname="backend.tests.test_components_p1.TestVerifyEndpointGate" name="test_verify_returns_403_when_admin_emails_unset" time="0.260" /><testcase classname="backend.tests.test_components_p1.TestVerifyEndpointGate" name="test_verify_gate_even_with_bearer_token" time="0.245" /><testcase classname="backend.tests.test_components_p1.TestListSortContainsVerifiedField" name="test_list_components_has_verified_field_on_every_item" time="0.669" /><testcase classname="backend.tests.test_gallery_api.TestRoot" name="test_api_root" time="0.100" /><testcase classname="backend.tests.test_gallery_api.TestGalleryCrud" name="test_create_gallery_item" time="0.054" /><testcase classname="backend.tests.test_gallery_api.TestGalleryCrud" name="test_list_gallery_contains_created" time="0.187" /><testcase classname="backend.tests.test_gallery_api.TestGalleryCrud" name="test_download_gallery_stl" time="0.054" /><testcase classname="backend.tests.test_gallery_api.TestGalleryCrud" name="test_download_increments_counter" time="0.235" /><testcase classname="backend.tests.test_gallery_api.TestGalleryCrud" name="test_download_404_on_missing" time="0.054" /><testcase classname="backend.tests.test_gallery_api.TestGalleryCrud" name="test_delete_gallery_item" time="0.105" /><testcase classname="backend.tests.test_gallery_api.TestGalleryCrud" name="test_delete_missing_returns_404" time="0.051" /><testcase classname="backend.tests.test_gallery_api.TestRemixLineage" name="test_create_parent" time="0.050" /><testcase classname="backend.tests.test_gallery_api.TestRemixLineage" name="test_create_remix_increments_parent" time="0.234" /><testcase classname="backend.tests.test_gallery_api.TestRemixLineage" name="test_cleanup" time="0.371" /><testcase classname="backend.tests.test_license_api.TestGalleryLicense" name="test_gallery_post_with_agpl_license_roundtrips" time="0.339" /><testcase classname="backend.tests.test_license_api.TestGalleryLicense" name="test_gallery_post_without_license_defaults_to_cc_by_4" time="0.050" /><testcase classname="backend.tests.test_license_api.TestGalleryLicense" name="test_gallery_get_every_item_has_license_field" time="0.176" /><testcase classname="backend.tests.test_license_api.TestComponentsLicense" name="test_components_post_with_mit_license_roundtrips" time="0.482" /><testcase classname="backend.tests.test_license_api.TestComponentsLicense" name="test_components_post_without_license_defaults_to_cc_by_4" time="0.058" /><testcase classname="backend.tests.test_license_api.TestComponentsLicense" name="test_components_get_every_item_has_license_field" time="0.422" /><testcase classname="backend.tests.test_material_toys_api.TestGalleryMaterial" name="test_default_material_is_pla" time="0.129" /><testcase classname="backend.tests.test_material_toys_api.TestGalleryMaterial" name="test_create_petg_roundtrips" time="0.274" /><testcase classname="backend.tests.test_material_toys_api.TestGalleryMaterial" name="test_create_abs_roundtrips" time="0.066" /><testcase classname="backend.tests.test_material_toys_api.TestGalleryMaterial" name="test_filter_by_material_petg" time="0.062" /><testcase classname="backend.tests.test_material_toys_api.TestGalleryMaterial" name="test_filter_by_material_pla" time="0.059" /><testcase classname="backend.tests.test_material_toys_api.TestGalleryMaterial" name="test_list_unfiltered_returns_all" time="0.183" /><testcase classname="backend.tests.test_material_toys_api.TestGalleryMaterial" name="test_cleanup" time="0.186" /><testcase classname="backend.tests.test_material_toys_api.TestComponentsToysCategory" name="test_create_toy_component" time="0.058" /><testcase classname="backend.tests.test_material_toys_api.TestComponentsToysCategory" name="test_toy_appears_in_list" time="0.411" /><testcase classname="backend.tests.test_material_toys_api.TestComponentsToysCategory" name="test_cleanup" time="0.840" /><testcase classname="backend.tests.test_printers_api.TestPrintersCrud" name="test_create_printer" time="0.107" /><testcase classname="backend.tests.test_printers_api.TestPrintersCrud" name="test_list_printers" time="0.101" /><testcase classname="backend.tests.test_printers_api.TestPrintersCrud" name="test_use_increments" time="0.166" /><testcase classname="backend.tests.test_printers_api.TestPrintersCrud" name="test_use_404" time="0.052" /><testcase classname="backend.tests.test_printers_api.TestPrintersCrud" name="test_upvote_increments" time="0.184" /><testcase classname="backend.tests.test_printers_api.TestPrintersCrud" name="test_upvote_404" time="0.064" /><testcase classname="backend.tests.test_printers_api.TestPrintersCrud" name="test_list_sort_order_top_voted_first" time="0.119" /><testcase classname="backend.tests.test_printers_api.TestPrintersCrud" name="test_delete_printer" time="0.142" /><testcase classname="backend.tests.test_printers_api.TestPrintersCrud" name="test_delete_404" time="0.305" /><testcase classname="backend.tests.test_voice_command.TestVoiceCommand" name="test_add_cube_with_dims" time="1.142" /><testcase classname="backend.tests.test_voice_command.TestVoiceCommand" name="test_translate_right" time="0.989" /><testcase classname="backend.tests.test_voice_command.TestVoiceCommand" name="test_rotate_y" time="0.806" /><testcase classname="backend.tests.test_voice_command.TestVoiceCommand" name="test_delete" time="1.001" /><testcase classname="backend.tests.test_voice_command.TestVoiceCommand" name="test_export_stl" time="1.062" /><testcase classname="backend.tests.test_voice_command.TestVoiceCommand" name="test_save_component_dialog" time="0.999" /><testcase classname="backend.tests.test_voice_command.TestVoiceCommand" name="test_nonsense_returns_unknown_not_500" time="0.864" /><testcase classname="backend.tests.test_voice_command.TestVoiceCommand" name="test_empty_transcript_returns_400" time="0.111" /><testcase classname="backend.tests.test_voice_command.TestRegression" name="test_gallery_list" time="0.266" /><testcase classname="backend.tests.test_voice_command.TestRegression" name="test_components_list" time="0.681" /><testcase classname="backend.tests.test_voice_command.TestRegression" name="test_printers_list" time="0.130" /><testcase classname="backend.tests.test_voice_command.TestRegression" name="test_root_ok" time="0.110" /></testsuite></testsuites>