<?xml version="1.0" encoding="utf-8"?><testsuites name="pytest tests"><testsuite name="pytest" errors="0" failures="0" skipped="0" tests="14" time="1.781" timestamp="2026-07-06T02:30:38.020680+00:00" hostname="agent-env-daa8bbd0-7e1b-41e9-85fb-13fc2c4f8cf6"><testcase classname="backend.tests.test_printability.TestPrintabilityAnalyzer" name="test_clean_cube_scores_high" time="0.003" /><testcase classname="backend.tests.test_printability.TestPrintabilityAnalyzer" name="test_non_watertight_mesh_flags_critical" time="0.005" /><testcase classname="backend.tests.test_printability.TestPrintabilityAnalyzer" name="test_loose_fragment_detected" time="0.003" /><testcase classname="backend.tests.test_printability.TestPrintabilityAnalyzer" name="test_no_flat_base_flags_add_base_fix" time="0.003" /><testcase classname="backend.tests.test_printability.TestPrintabilityAnalyzer" name="test_tiny_mesh_triggers_unit_mismatch_warning" time="0.002" /><testcase classname="backend.tests.test_printability.TestPrintabilityAnalyzer" name="test_score_is_clamped_0_to_100" time="0.005" /><testcase classname="backend.tests.test_printability.TestPrintabilityAnalyzer" name="test_verdict_thresholds" time="0.004" /><testcase classname="backend.tests.test_printability.TestPrintabilityAnalyzer" name="test_analyze_mesh_bytes_accepts_stl" time="0.002" /><testcase classname="backend.tests.test_printability.TestPrintabilityAnalyzer" name="test_analyze_mesh_bytes_rejects_empty" time="0.000" /><testcase classname="backend.tests.test_printability.TestPrintabilityAnalyzer" name="test_analyze_mesh_bytes_rejects_garbage" time="0.000" /><testcase classname="backend.tests.test_printability.TestPrintabilityAnalyzer" name="test_report_dict_is_json_ready" time="0.002" /><testcase classname="backend.tests.test_printability.TestPrintabilityHTTP" name="test_401_when_unauthenticated" time="0.273" /><testcase classname="backend.tests.test_printability.TestPrintabilityHTTP" name="test_400_on_bad_extension" time="0.146" /><testcase classname="backend.tests.test_printability.TestPrintabilityHTTP" name="test_happy_path_returns_full_report" time="0.157" /></testsuite></testsuites>