<?xml version="1.0" encoding="utf-8"?><testsuites name="pytest tests"><testsuite name="pytest" errors="0" failures="0" skipped="0" tests="7" time="1.194" timestamp="2026-06-27T02:12:27.369229+00:00" hostname="agent-env-daa8bbd0-7e1b-41e9-85fb-13fc2c4f8cf6"><testcase classname="backend.tests.test_gallery_taxonomy_iter106.TestTaxonomy" name="test_taxonomy_returns_10_categories_in_order" time="0.166" /><testcase classname="backend.tests.test_gallery_taxonomy_iter106.TestFeaturedCreators" name="test_featured_creators_returns_list_with_required_fields" time="0.116" /><testcase classname="backend.tests.test_gallery_taxonomy_iter106.TestFeaturedCreators" name="test_steve_shurts_is_featured" time="0.084" /><testcase classname="backend.tests.test_gallery_taxonomy_iter106.TestCategoryFilter" name="test_filter_by_tools_returns_200" time="0.046" /><testcase classname="backend.tests.test_gallery_taxonomy_iter106.TestCategoryFilter" name="test_filter_by_household_returns_200" time="0.104" /><testcase classname="backend.tests.test_gallery_taxonomy_iter106.TestBackfill" name="test_at_least_one_item_has_non_misc_category" time="0.517" /><testcase classname="backend.tests.test_gallery_taxonomy_iter106.TestCreateWithCategoryTags" name="test_create_normalises_tags_and_keeps_category" time="0.061" /></testsuite></testsuites>