<?xml version="1.0" encoding="utf-8"?><testsuites name="pytest tests"><testsuite name="pytest" errors="0" failures="0" skipped="0" tests="12" time="4.571" timestamp="2026-07-20T15:34:59.064308+00:00" hostname="agent-env-daa8bbd0-7e1b-41e9-85fb-13fc2c4f8cf6"><testcase classname="tests.test_admin_health.TestAuthGates" name="test_status_requires_auth" time="0.265" /><testcase classname="tests.test_admin_health.TestAuthGates" name="test_start_requires_auth" time="0.112" /><testcase classname="tests.test_admin_health.TestAuthGates" name="test_ai_errors_requires_auth" time="0.130" /><testcase classname="tests.test_admin_health.TestAuthGates" name="test_status_forbidden_for_regular_user" time="0.412" /><testcase classname="tests.test_admin_health.TestAuthGates" name="test_ai_errors_forbidden_for_regular_user" time="0.416" /><testcase classname="tests.test_admin_health.TestRegenerateThumbnails" name="test_status_returns_shape" time="0.406" /><testcase classname="tests.test_admin_health.TestRegenerateThumbnails" name="test_regenerates_missing_thumbnail" time="1.045" /><testcase classname="tests.test_admin_health.TestAIErrors" name="test_returns_shape" time="0.417" /><testcase classname="tests.test_admin_health.TestAIErrors" name="test_counts_seeded_failure" time="0.385" /><testcase classname="tests.test_admin_health.TestThumbnailService" name="test_renders_png" time="0.257" /><testcase classname="tests.test_admin_health.TestThumbnailService" name="test_rejects_empty" time="0.000" /><testcase classname="tests.test_admin_health.TestThumbnailService" name="test_helpers" time="0.000" /></testsuite></testsuites>