<?xml version="1.0" encoding="utf-8"?><testsuites name="pytest tests"><testsuite name="pytest" errors="0" failures="0" skipped="0" tests="20" time="2.275" timestamp="2026-05-15T09:54:26.891838+00:00" hostname="agent-env-daa8bbd0-7e1b-41e9-85fb-13fc2c4f8cf6"><testcase classname="backend.tests.test_gallery_api.TestRoot" name="test_api_root" time="0.249" /><testcase classname="backend.tests.test_gallery_api.TestGalleryCrud" name="test_create_gallery_item" time="0.056" /><testcase classname="backend.tests.test_gallery_api.TestGalleryCrud" name="test_list_gallery_contains_created" time="0.054" /><testcase classname="backend.tests.test_gallery_api.TestGalleryCrud" name="test_download_gallery_stl" time="0.058" /><testcase classname="backend.tests.test_gallery_api.TestGalleryCrud" name="test_download_increments_counter" time="0.106" /><testcase classname="backend.tests.test_gallery_api.TestGalleryCrud" name="test_download_404_on_missing" time="0.059" /><testcase classname="backend.tests.test_gallery_api.TestGalleryCrud" name="test_delete_gallery_item" time="0.105" /><testcase classname="backend.tests.test_gallery_api.TestGalleryCrud" name="test_delete_missing_returns_404" time="0.055" /><testcase classname="backend.tests.test_gallery_api.TestRemixLineage" name="test_create_parent" time="0.054" /><testcase classname="backend.tests.test_gallery_api.TestRemixLineage" name="test_create_remix_increments_parent" time="0.111" /><testcase classname="backend.tests.test_gallery_api.TestRemixLineage" name="test_cleanup" time="0.255" /><testcase classname="backend.tests.test_printers_api.TestPrintersCrud" name="test_create_printer" time="0.141" /><testcase classname="backend.tests.test_printers_api.TestPrintersCrud" name="test_list_printers" time="0.043" /><testcase classname="backend.tests.test_printers_api.TestPrintersCrud" name="test_use_increments" time="0.173" /><testcase classname="backend.tests.test_printers_api.TestPrintersCrud" name="test_use_404" time="0.044" /><testcase classname="backend.tests.test_printers_api.TestPrintersCrud" name="test_upvote_increments" time="0.128" /><testcase classname="backend.tests.test_printers_api.TestPrintersCrud" name="test_upvote_404" time="0.043" /><testcase classname="backend.tests.test_printers_api.TestPrintersCrud" name="test_list_sort_order_top_voted_first" time="0.127" /><testcase classname="backend.tests.test_printers_api.TestPrintersCrud" name="test_delete_printer" time="0.088" /><testcase classname="backend.tests.test_printers_api.TestPrintersCrud" name="test_delete_404" time="0.255" /></testsuite></testsuites>