<?xml version="1.0" encoding="utf-8"?><testsuites name="pytest tests"><testsuite name="pytest" errors="0" failures="1" skipped="0" tests="15" time="1.422" timestamp="2026-07-06T18:17:41.834040+00:00" hostname="agent-env-daa8bbd0-7e1b-41e9-85fb-13fc2c4f8cf6"><testcase classname="backend.tests.test_litho_studio.TestFilamentsAndPrinters" name="test_default_filaments_returns_cmykw_palette" time="0.131" /><testcase classname="backend.tests.test_litho_studio.TestFilamentsAndPrinters" name="test_filament_library_returns_full_library" time="0.045" /><testcase classname="backend.tests.test_litho_studio.TestFilamentsAndPrinters" name="test_printers_returns_50plus_profiles" time="0.050" /><testcase classname="backend.tests.test_litho_studio.TestFilamentsAndPrinters" name="test_printer_fit_generic_orca" time="0.078" /><testcase classname="backend.tests.test_litho_studio.TestOptimizeAndExport" name="test_palette_suggest" time="0.118" /><testcase classname="backend.tests.test_litho_studio.TestOptimizeAndExport" name="test_optimize_returned_valid_job" time="0.100" /><testcase classname="backend.tests.test_litho_studio.TestOptimizeAndExport" name="test_export_stl_binary" time="0.116" /><testcase classname="backend.tests.test_litho_studio.TestOptimizeAndExport" name="test_export_3mf_is_zip" time="0.097" /><testcase classname="backend.tests.test_litho_studio.TestOptimizeAndExport" name="test_export_swaps_txt_has_cmykw_header" time="0.091" /><testcase classname="backend.tests.test_litho_studio.TestOptimizeAndExport" name="test_bogus_job_returns_404" time="0.102" /><testcase classname="backend.tests.test_litho_studio.TestDiscGeometry" name="test_disc_optimize_has_low_void_pixels" time="0.118" /><testcase classname="backend.tests.test_litho_studio.TestRegression" name="test_auth_me" time="0.068" /><testcase classname="backend.tests.test_litho_studio.TestRegression" name="test_litho_inbox_older_api" time="0.064" /><testcase classname="backend.tests.test_litho_studio.TestRegression" name="test_meshy_key_endpoint" time="0.057"><failure message="assert 405 == 200&#10; +  where 405 = &lt;Response [405]&gt;.status_code">backend/tests/test_litho_studio.py:214: in test_meshy_key_endpoint
    assert r.status_code == 200
E   assert 405 == 200
E    +  where 405 = &lt;Response [405]&gt;.status_code</failure></testcase><testcase classname="backend.tests.test_litho_studio.TestRegression" name="test_printability_analyze_small_stl" time="0.072" /></testsuite></testsuites>