<?xml version="1.0" encoding="utf-8"?><testsuites name="pytest tests"><testsuite name="pytest" errors="0" failures="0" skipped="0" tests="22" time="2.446" timestamp="2026-07-06T19:02:48.697873+00:00" hostname="agent-env-daa8bbd0-7e1b-41e9-85fb-13fc2c4f8cf6"><testcase classname="backend.tests.test_litho_studio.TestFilamentsAndPrinters" name="test_default_filaments_returns_cmykw_palette" time="0.204" /><testcase classname="backend.tests.test_litho_studio.TestFilamentsAndPrinters" name="test_filament_library_returns_full_library" time="0.049" /><testcase classname="backend.tests.test_litho_studio.TestFilamentsAndPrinters" name="test_printers_returns_50plus_profiles" time="0.061" /><testcase classname="backend.tests.test_litho_studio.TestFilamentsAndPrinters" name="test_printer_fit_generic_orca" time="0.069" /><testcase classname="backend.tests.test_litho_studio.TestOptimizeAndExport" name="test_palette_suggest" time="0.125" /><testcase classname="backend.tests.test_litho_studio.TestOptimizeAndExport" name="test_optimize_returned_valid_job" time="0.152" /><testcase classname="backend.tests.test_litho_studio.TestOptimizeAndExport" name="test_export_stl_binary" time="0.126" /><testcase classname="backend.tests.test_litho_studio.TestOptimizeAndExport" name="test_export_3mf_is_zip" time="0.090" /><testcase classname="backend.tests.test_litho_studio.TestOptimizeAndExport" name="test_export_swaps_txt_has_cmykw_header" time="0.094" /><testcase classname="backend.tests.test_litho_studio.TestOptimizeAndExport" name="test_bogus_job_returns_404" time="0.108" /><testcase classname="backend.tests.test_litho_studio.TestDiscGeometry" name="test_disc_optimize_has_low_void_pixels" time="0.184" /><testcase classname="backend.tests.test_litho_studio.TestRegression" name="test_auth_me" time="0.055" /><testcase classname="backend.tests.test_litho_studio.TestRegression" name="test_litho_inbox_older_api_removed" time="0.051" /><testcase classname="backend.tests.test_litho_studio.TestRegression" name="test_sso_bridge_mint_removed" time="0.049" /><testcase classname="backend.tests.test_litho_studio.TestRegression" name="test_sso_bridge_root_removed" time="0.066" /><testcase classname="backend.tests.test_litho_studio.TestRegression" name="test_meshy_key_endpoint" time="0.070" /><testcase classname="backend.tests.test_litho_studio.TestRegression" name="test_printability_analyze_small_stl" time="0.080" /><testcase classname="backend.tests.test_litho_studio.TestPresets" name="test_presets_full_crud" time="0.320" /><testcase classname="backend.tests.test_litho_studio.TestMyJobs" name="test_my_jobs_returns_list" time="0.051" /><testcase classname="backend.tests.test_litho_studio.TestMyJobs" name="test_optimize_persists_job_in_my_jobs" time="0.167" /><testcase classname="backend.tests.test_litho_studio.TestFilamentLibrary" name="test_filament_library_brands" time="0.053" /><testcase classname="backend.tests.test_litho_studio.TestFilamentLibrary" name="test_filament_library_mine_returns_list" time="0.106" /></testsuite></testsuites>