<?xml version="1.0" encoding="utf-8"?><testsuites name="pytest tests"><testsuite name="pytest" errors="0" failures="0" skipped="0" tests="13" time="1.557" timestamp="2026-06-27T00:11:19.939720+00:00" hostname="agent-env-daa8bbd0-7e1b-41e9-85fb-13fc2c4f8cf6"><testcase classname="tests.test_starter_templates" name="test_expand_template_starter[starter_keychain]" time="0.152" /><testcase classname="tests.test_starter_templates" name="test_expand_template_starter[starter_phone_stand]" time="0.100" /><testcase classname="tests.test_starter_templates" name="test_expand_template_starter[starter_name_tag]" time="0.131" /><testcase classname="tests.test_starter_templates" name="test_expand_template_starter[starter_plant_marker]" time="0.132" /><testcase classname="tests.test_starter_templates" name="test_expand_template_starter[starter_cable_clip]" time="0.099" /><testcase classname="tests.test_starter_templates" name="test_expand_template_starter[starter_organizer_tray]" time="0.120" /><testcase classname="tests.test_starter_templates" name="test_expand_template_starter[starter_replacement_knob]" time="0.105" /><testcase classname="tests.test_starter_templates" name="test_expand_template_starter[starter_simple_bracket]" time="0.100" /><testcase classname="tests.test_starter_templates" name="test_expand_template_starter[starter_cookie_cutter]" time="0.095" /><testcase classname="tests.test_starter_templates" name="test_expand_template_starter[starter_toy_wheel]" time="0.099" /><testcase classname="tests.test_starter_templates" name="test_expand_template_starter[starter_desk_hook]" time="0.101" /><testcase classname="tests.test_starter_templates" name="test_expand_template_starter[starter_wall_spacer]" time="0.149" /><testcase classname="tests.test_starter_templates" name="test_expand_template_unknown_id" time="0.098" /></testsuite></testsuites>