<?xml version="1.0" encoding="utf-8"?><testsuites name="pytest tests"><testsuite name="pytest" errors="0" failures="0" skipped="0" tests="13" time="7.994" timestamp="2026-05-17T03:42:37.304183+00:00" hostname="agent-env-daa8bbd0-7e1b-41e9-85fb-13fc2c4f8cf6"><testcase classname="backend.tests.test_voice_command.TestVoiceCommand" name="test_add_cube_with_dims" time="1.160" /><testcase classname="backend.tests.test_voice_command.TestVoiceCommand" name="test_translate_right" time="0.862" /><testcase classname="backend.tests.test_voice_command.TestVoiceCommand" name="test_rotate_y" time="0.802" /><testcase classname="backend.tests.test_voice_command.TestVoiceCommand" name="test_boolean_subtract" time="0.577" /><testcase classname="backend.tests.test_voice_command.TestVoiceCommand" name="test_delete" time="0.510" /><testcase classname="backend.tests.test_voice_command.TestVoiceCommand" name="test_export_stl" time="1.509" /><testcase classname="backend.tests.test_voice_command.TestVoiceCommand" name="test_save_component_dialog" time="0.654" /><testcase classname="backend.tests.test_voice_command.TestVoiceCommand" name="test_nonsense_returns_unknown_not_500" time="0.766" /><testcase classname="backend.tests.test_voice_command.TestVoiceCommand" name="test_empty_transcript_returns_400" time="0.112" /><testcase classname="backend.tests.test_voice_command.TestRegression" name="test_gallery_list" time="0.211" /><testcase classname="backend.tests.test_voice_command.TestRegression" name="test_components_list" time="0.432" /><testcase classname="backend.tests.test_voice_command.TestRegression" name="test_printers_list" time="0.115" /><testcase classname="backend.tests.test_voice_command.TestRegression" name="test_root_ok" time="0.098" /></testsuite></testsuites>